Using pre-set license
Built from '2022.3/staging' branch; Version is '2022.3.17f1 (4fc78088f837) revision 5228416'; Using compiler version '192829333'; Build Type 'Release'
OS: 'Windows 11  (10.0.22621) 64bit Core' Language: 'en' Physical Memory: 32544 MB
BatchMode: 1, IsHumanControllingUs: 0, StartBugReporterOnCrash: 0, Is64bit: 1, IsPro: 1

COMMAND LINE ARGUMENTS:
C:\Program Files\Unity\Hub\Editor\2022.3.17f1\Editor\Unity.exe
-adb2
-batchMode
-noUpm
-name
AssetImportWorker6
-projectPath
C:/Users/matth/Lumina-Glen
-logFile
Logs/AssetImportWorker6.log
-srvPort
51024
Successfully changed project path to: C:/Users/matth/Lumina-Glen
C:/Users/matth/Lumina-Glen
[UnityMemory] Configuration Parameters - Can be set up in boot.config
    "memorysetup-bucket-allocator-granularity=16"
    "memorysetup-bucket-allocator-bucket-count=8"
    "memorysetup-bucket-allocator-block-size=33554432"
    "memorysetup-bucket-allocator-block-count=8"
    "memorysetup-main-allocator-block-size=16777216"
    "memorysetup-thread-allocator-block-size=16777216"
    "memorysetup-gfx-main-allocator-block-size=16777216"
    "memorysetup-gfx-thread-allocator-block-size=16777216"
    "memorysetup-cache-allocator-block-size=4194304"
    "memorysetup-typetree-allocator-block-size=2097152"
    "memorysetup-profiler-bucket-allocator-granularity=16"
    "memorysetup-profiler-bucket-allocator-bucket-count=8"
    "memorysetup-profiler-bucket-allocator-block-size=33554432"
    "memorysetup-profiler-bucket-allocator-block-count=8"
    "memorysetup-profiler-allocator-block-size=16777216"
    "memorysetup-profiler-editor-allocator-block-size=1048576"
    "memorysetup-temp-allocator-size-main=16777216"
    "memorysetup-job-temp-allocator-block-size=2097152"
    "memorysetup-job-temp-allocator-block-size-background=1048576"
    "memorysetup-job-temp-allocator-reduction-small-platforms=262144"
    "memorysetup-allocator-temp-initial-block-size-main=262144"
    "memorysetup-allocator-temp-initial-block-size-worker=262144"
    "memorysetup-temp-allocator-size-background-worker=32768"
    "memorysetup-temp-allocator-size-job-worker=262144"
    "memorysetup-temp-allocator-size-preload-manager=33554432"
    "memorysetup-temp-allocator-size-nav-mesh-worker=65536"
    "memorysetup-temp-allocator-size-audio-worker=65536"
    "memorysetup-temp-allocator-size-cloud-worker=32768"
    "memorysetup-temp-allocator-size-gi-baking-worker=262144"
    "memorysetup-temp-allocator-size-gfx=262144"
Player connection [34128] Host "[IP] 192.168.56.1 [Port] 0 [Flags] 2 [Guid] 1923071812 [EditorId] 1923071812 [Version] 1048832 [Id] WindowsEditor(7,Pa-Trick) [Debug] 1 [PackageName] WindowsEditor [ProjectName] Editor" joined multi-casting on [225.0.0.222:54997]...

Player connection [34128] Host "[IP] 192.168.56.1 [Port] 0 [Flags] 2 [Guid] 1923071812 [EditorId] 1923071812 [Version] 1048832 [Id] WindowsEditor(7,Pa-Trick) [Debug] 1 [PackageName] WindowsEditor [ProjectName] Editor" joined alternative multi-casting on [225.0.0.222:34997]...

[Physics::Module] Initialized MultithreadedJobDispatcher with 23 workers.
Refreshing native plugins compatible for Editor in 5.44 ms, found 3 plugins.
Preloading 0 native plugins for Editor in 0.00 ms.
Initialize engine version: 2022.3.17f1 (4fc78088f837)
[Subsystems] Discovering subsystems at path C:/Program Files/Unity/Hub/Editor/2022.3.17f1/Editor/Data/Resources/UnitySubsystems
[Subsystems] Discovering subsystems at path C:/Users/matth/Lumina-Glen/Assets
GfxDevice: creating device client; threaded=0; jobified=0
Direct3D:
    Version:  Direct3D 11.0 [level 11.1]
    Renderer: NVIDIA GeForce RTX 3060 (ID=0x2504)
    Vendor:   NVIDIA
    VRAM:     12129 MB
    Driver:   31.0.15.4633
Initialize mono
Mono path[0] = 'C:/Program Files/Unity/Hub/Editor/2022.3.17f1/Editor/Data/Managed'
Mono path[1] = 'C:/Program Files/Unity/Hub/Editor/2022.3.17f1/Editor/Data/MonoBleedingEdge/lib/mono/unityjit-win32'
Mono config path = 'C:/Program Files/Unity/Hub/Editor/2022.3.17f1/Editor/Data/MonoBleedingEdge/etc'
Using monoOptions --debugger-agent=transport=dt_socket,embedding=1,server=y,suspend=n,address=127.0.0.1:56936
Begin MonoManager ReloadAssembly
Registering precompiled unity dll's ...
Register platform support module: C:/Program Files/Unity/Hub/Editor/2022.3.17f1/Editor/Data/PlaybackEngines/WebGLSupport/UnityEditor.WebGL.Extensions.dll
Register platform support module: C:/Program Files/Unity/Hub/Editor/2022.3.17f1/Editor/Data/PlaybackEngines/WindowsStandaloneSupport/UnityEditor.WindowsStandalone.Extensions.dll
Registered in 0.005009 seconds.
- Loaded All Assemblies, in  0.235 seconds
Native extension for WindowsStandalone target not found
Native extension for WebGL target not found
Mono: successfully reloaded assembly
- Finished resetting the current domain, in  0.164 seconds
Domain Reload Profiling: 398ms
	BeginReloadAssembly (68ms)
		ExecutionOrderSort (0ms)
		DisableScriptedObjects (0ms)
		BackupInstance (0ms)
		ReleaseScriptingObjects (0ms)
		CreateAndSetChildDomain (0ms)
	RebuildCommonClasses (21ms)
	RebuildNativeTypeToScriptingClass (6ms)
	initialDomainReloadingComplete (38ms)
	LoadAllAssembliesAndSetupDomain (100ms)
		LoadAssemblies (66ms)
		RebuildTransferFunctionScriptingTraits (0ms)
		AnalyzeDomain (99ms)
			TypeCache.Refresh (98ms)
				TypeCache.ScanAssembly (89ms)
			ScanForSourceGeneratedMonoScriptInfo (0ms)
			ResolveRequiredComponents (0ms)
	FinalizeReload (164ms)
		ReleaseScriptCaches (0ms)
		RebuildScriptCaches (0ms)
		SetupLoadedEditorAssemblies (125ms)
			LogAssemblyErrors (0ms)
			InitializePlatformSupportModulesInManaged (6ms)
			SetLoadedEditorAssemblies (4ms)
			RefreshPlugins (0ms)
			BeforeProcessingInitializeOnLoad (1ms)
			ProcessInitializeOnLoadAttributes (87ms)
			ProcessInitializeOnLoadMethodAttributes (27ms)
			AfterProcessingInitializeOnLoad (0ms)
			EditorAssembliesLoaded (0ms)
		ExecutionOrderSort2 (0ms)
		AwakeInstancesAfterBackupRestoration (0ms)
========================================================================
Worker process is ready to serve import requests
Begin MonoManager ReloadAssembly
- Loaded All Assemblies, in  0.354 seconds
Refreshing native plugins compatible for Editor in 2.28 ms, found 3 plugins.
Native extension for WindowsStandalone target not found
Native extension for WebGL target not found
Package Manager log level set to [2]
[Package Manager] Server::EnsureServerProcessIsRunning -- launch failed, reason: Unity was launched with the -noUpm command-line argument
[Package Manager] UpmClient::Send -- Unable to send message (not connected to UPM process).
[Package Manager] Cannot connect to Unity Package Manager local server
Mono: successfully reloaded assembly
- Finished resetting the current domain, in  0.319 seconds
Domain Reload Profiling: 671ms
	BeginReloadAssembly (89ms)
		ExecutionOrderSort (0ms)
		DisableScriptedObjects (3ms)
		BackupInstance (0ms)
		ReleaseScriptingObjects (0ms)
		CreateAndSetChildDomain (14ms)
	RebuildCommonClasses (18ms)
	RebuildNativeTypeToScriptingClass (6ms)
	initialDomainReloadingComplete (24ms)
	LoadAllAssembliesAndSetupDomain (216ms)
		LoadAssemblies (172ms)
		RebuildTransferFunctionScriptingTraits (0ms)
		AnalyzeDomain (95ms)
			TypeCache.Refresh (84ms)
				TypeCache.ScanAssembly (74ms)
			ScanForSourceGeneratedMonoScriptInfo (8ms)
			ResolveRequiredComponents (2ms)
	FinalizeReload (319ms)
		ReleaseScriptCaches (0ms)
		RebuildScriptCaches (0ms)
		SetupLoadedEditorAssemblies (238ms)
			LogAssemblyErrors (0ms)
			InitializePlatformSupportModulesInManaged (4ms)
			SetLoadedEditorAssemblies (2ms)
			RefreshPlugins (0ms)
			BeforeProcessingInitializeOnLoad (32ms)
			ProcessInitializeOnLoadAttributes (184ms)
			ProcessInitializeOnLoadMethodAttributes (11ms)
			AfterProcessingInitializeOnLoad (5ms)
			EditorAssembliesLoaded (0ms)
		ExecutionOrderSort2 (0ms)
		AwakeInstancesAfterBackupRestoration (5ms)
Launched and connected shader compiler UnityShaderCompiler.exe after 0.03 seconds
Refreshing native plugins compatible for Editor in 1.71 ms, found 3 plugins.
Preloading 0 native plugins for Editor in 0.00 ms.
Unloading 3086 Unused Serialized files (Serialized files now loaded: 0)
Unloading 32 unused Assets / (56.9 KB). Loaded Objects now: 3548.
Memory consumption went from 125.8 MB to 125.7 MB.
Total: 1.957900 ms (FindLiveObjects: 0.139800 ms CreateObjectMapping: 0.039600 ms MarkObjects: 1.692500 ms  DeleteObjects: 0.085300 ms)

AssetImportParameters requested are different than current active one (requested -> active):
  custom:container-demuxer-ogg: 62fdf1f143b41e24485cea50d1cbac27 -> 
  custom:video-codec-MediaFoundation-h265: 746d11721c4dcdbdad8f713fa42b33f4 -> 
  custom:video-decoder-ogg-theora: a1e56fd34408186e4bbccfd4996cb3dc -> 
  custom:framework-win-MediaFoundation: 216162199b28c13a410421893ffa2e32 -> 
  custom:CustomObjectIndexerAttribute: 6d391050e5a25f67b0a2c618074f2cd9 -> 
  custom:container-demuxer-webm: 4f35f7cbe854078d1ac9338744f61a02 -> 
  custom:container-muxer-webm: aa71ff27fc2769a1b78a27578f13a17b -> 
  custom:video-decoder-webm-vp8: 9c59270c3fd7afecdb556c50c9e8de78 -> 
  custom:SearchIndexIgnoredProperties: e643bd26f0fe6173181afceb89e7c659 -> 
  custom:AudioImporter_EditorPlatform: d09bf68614088b80899f8185d706f6e7 -> 
  custom:video-encoder-webm-vp8: eb34c28f22e8b96e1ab97ce403110664 -> 
  custom:audio-decoder-ogg-vorbis: bf7c407c2cedff20999df2af8eb42d56 -> 
  custom:audio-encoder-webm-vorbis: bf7c407c2cedff20999df2af8eb42d56 -> 
========================================================================
Received Import Request.
  Time since last request: 729744.575094 seconds.
  path: Assets/SimpleFantasy/Prefabs/Weapons/SF_Wep_Buckler_01.prefab
  artifactKey: Guid(9d3d696efeb67df4fa05fdec8135ba2c) Importer(815301076,1909f56bfc062723c751e8b465ee728b)
Start importing Assets/SimpleFantasy/Prefabs/Weapons/SF_Wep_Buckler_01.prefab using Guid(9d3d696efeb67df4fa05fdec8135ba2c) Importer(815301076,1909f56bfc062723c751e8b465ee728b)  -> (artifact id: '1c322b686b4b5ecb3b93c476c7e7f1ab') in 0.092202 seconds
Number of updated asset objects reloaded before import = 0
Number of asset objects unloaded after import = 9
========================================================================
Received Import Request.
  Time since last request: 0.000016 seconds.
  path: Assets/SimpleFantasy/Prefabs/Weapons/SF_Wep_GemLongsword_01.prefab
  artifactKey: Guid(db087b326d5d96b4880f211313c50ed1) Importer(815301076,1909f56bfc062723c751e8b465ee728b)
Start importing Assets/SimpleFantasy/Prefabs/Weapons/SF_Wep_GemLongsword_01.prefab using Guid(db087b326d5d96b4880f211313c50ed1) Importer(815301076,1909f56bfc062723c751e8b465ee728b)  -> (artifact id: '4dc832b64af4ed1efa54eb666e1b1f50') in 0.014522 seconds
Number of updated asset objects reloaded before import = 0
Number of asset objects unloaded after import = 9
========================================================================
Received Import Request.
  Time since last request: 0.000021 seconds.
  path: Assets/SimpleFantasy/Prefabs/Weapons/SF_Wep_Elven_Sheild_01.prefab
  artifactKey: Guid(7e0823f7b9654c6468d50993e71947ee) Importer(815301076,1909f56bfc062723c751e8b465ee728b)
Start importing Assets/SimpleFantasy/Prefabs/Weapons/SF_Wep_Elven_Sheild_01.prefab using Guid(7e0823f7b9654c6468d50993e71947ee) Importer(815301076,1909f56bfc062723c751e8b465ee728b)  -> (artifact id: '2ce2608bc4d77a24a3e9e1ccb7032222') in 0.012399 seconds
Number of updated asset objects reloaded before import = 0
Number of asset objects unloaded after import = 9
========================================================================
Received Import Request.
  Time since last request: 0.000013 seconds.
  path: Assets/SimpleFantasy/Prefabs/Weapons/SF_Wep_Elven_Longsword_01.prefab
  artifactKey: Guid(0a505f6ab1c521140be300a89fb90aa6) Importer(815301076,1909f56bfc062723c751e8b465ee728b)
Start importing Assets/SimpleFantasy/Prefabs/Weapons/SF_Wep_Elven_Longsword_01.prefab using Guid(0a505f6ab1c521140be300a89fb90aa6) Importer(815301076,1909f56bfc062723c751e8b465ee728b)  -> (artifact id: 'e43e7f7d7d1739fcc78d81c176bf7efe') in 0.011025 seconds
Number of updated asset objects reloaded before import = 0
Number of asset objects unloaded after import = 9
========================================================================
Received Import Request.
  Time since last request: 0.000013 seconds.
  path: Assets/SimpleFantasy/Prefabs/Weapons/SF_Wep_Goblin_Shield_05.prefab
  artifactKey: Guid(ea790821823ee8f45925df84da1c8659) Importer(815301076,1909f56bfc062723c751e8b465ee728b)
Start importing Assets/SimpleFantasy/Prefabs/Weapons/SF_Wep_Goblin_Shield_05.prefab using Guid(ea790821823ee8f45925df84da1c8659) Importer(815301076,1909f56bfc062723c751e8b465ee728b)  -> (artifact id: 'a2afdebda2d70a60f8d9d7e78f49baca') in 0.012264 seconds
Number of updated asset objects reloaded before import = 0
Number of asset objects unloaded after import = 9
========================================================================
Received Import Request.
  Time since last request: 0.344202 seconds.
  path: Assets/SimpleFantasy/Prefabs/Weapons/SF_Wep_Goblin_Shield_08.prefab
  artifactKey: Guid(a132a028021586c49bcfcfb57db2c1c0) Importer(815301076,1909f56bfc062723c751e8b465ee728b)
Start importing Assets/SimpleFantasy/Prefabs/Weapons/SF_Wep_Goblin_Shield_08.prefab using Guid(a132a028021586c49bcfcfb57db2c1c0) Importer(815301076,1909f56bfc062723c751e8b465ee728b)  -> (artifact id: 'ef3cfe56208000eb881e190f9bb97a8a') in 0.021999 seconds
Number of updated asset objects reloaded before import = 0
Number of asset objects unloaded after import = 9
========================================================================
Received Import Request.
  Time since last request: 0.000012 seconds.
  path: Assets/SimpleFantasy/Prefabs/Weapons/SF_Wep_Goblin_Staff_01.prefab
  artifactKey: Guid(c72a76ad81a1e2441b348ad3622653c2) Importer(815301076,1909f56bfc062723c751e8b465ee728b)
Start importing Assets/SimpleFantasy/Prefabs/Weapons/SF_Wep_Goblin_Staff_01.prefab using Guid(c72a76ad81a1e2441b348ad3622653c2) Importer(815301076,1909f56bfc062723c751e8b465ee728b)  -> (artifact id: '93fb4ff5e9e66419dceaee3b826b88d0') in 0.011185 seconds
Number of updated asset objects reloaded before import = 0
Number of asset objects unloaded after import = 9
========================================================================
Received Import Request.
  Time since last request: 0.000016 seconds.
  path: Assets/SimpleFantasy/Prefabs/Weapons/SF_Wep_Human_Axe_01.prefab
  artifactKey: Guid(7e43e0c9127cd2641a4f8b248c3b8f59) Importer(815301076,1909f56bfc062723c751e8b465ee728b)
Start importing Assets/SimpleFantasy/Prefabs/Weapons/SF_Wep_Human_Axe_01.prefab using Guid(7e43e0c9127cd2641a4f8b248c3b8f59) Importer(815301076,1909f56bfc062723c751e8b465ee728b)  -> (artifact id: 'abb6921d17ab2f2acd5de14c66970d92') in 0.012089 seconds
Number of updated asset objects reloaded before import = 0
Number of asset objects unloaded after import = 9
========================================================================
Received Import Request.
  Time since last request: 0.000019 seconds.
  path: Assets/SimpleFantasy/Prefabs/Weapons/SF_Wep_Human_Lance_01.prefab
  artifactKey: Guid(1651252b3f1112a409fea6b028b1cc3c) Importer(815301076,1909f56bfc062723c751e8b465ee728b)
Start importing Assets/SimpleFantasy/Prefabs/Weapons/SF_Wep_Human_Lance_01.prefab using Guid(1651252b3f1112a409fea6b028b1cc3c) Importer(815301076,1909f56bfc062723c751e8b465ee728b)  -> (artifact id: '0ab118ab63dc57b8fdcc8ea8a1f30b40') in 0.011458 seconds
Number of updated asset objects reloaded before import = 0
Number of asset objects unloaded after import = 9
========================================================================
Received Import Request.
  Time since last request: 0.000012 seconds.
  path: Assets/SimpleFantasy/Prefabs/Weapons/SF_Wep_KiteShield_Pattern_05.prefab
  artifactKey: Guid(fca0d6519c967f14bac5885a6bd1fbad) Importer(815301076,1909f56bfc062723c751e8b465ee728b)
Start importing Assets/SimpleFantasy/Prefabs/Weapons/SF_Wep_KiteShield_Pattern_05.prefab using Guid(fca0d6519c967f14bac5885a6bd1fbad) Importer(815301076,1909f56bfc062723c751e8b465ee728b)  -> (artifact id: 'b8fb5f81d64746ad70af4626b6dad4bb') in 0.011736 seconds
Number of updated asset objects reloaded before import = 0
Number of asset objects unloaded after import = 9
========================================================================
Received Import Request.
  Time since last request: 0.000012 seconds.
  path: Assets/SimpleFantasy/Prefabs/Weapons/SF_Wep_Human_Shield_012.prefab
  artifactKey: Guid(000c1540d1144dd409776430488d7ac4) Importer(815301076,1909f56bfc062723c751e8b465ee728b)
Start importing Assets/SimpleFantasy/Prefabs/Weapons/SF_Wep_Human_Shield_012.prefab using Guid(000c1540d1144dd409776430488d7ac4) Importer(815301076,1909f56bfc062723c751e8b465ee728b)  -> (artifact id: '1f1986f9888493398818a3cf1349fabd') in 0.011933 seconds
Number of updated asset objects reloaded before import = 0
Number of asset objects unloaded after import = 9
========================================================================
Received Import Request.
  Time since last request: 0.000014 seconds.
  path: Assets/SimpleFantasy/Prefabs/Weapons/SF_Wep_KiteShield_Symbol_02.prefab
  artifactKey: Guid(bfe496a59cea4ef408e2d2118dfe0b49) Importer(815301076,1909f56bfc062723c751e8b465ee728b)
Start importing Assets/SimpleFantasy/Prefabs/Weapons/SF_Wep_KiteShield_Symbol_02.prefab using Guid(bfe496a59cea4ef408e2d2118dfe0b49) Importer(815301076,1909f56bfc062723c751e8b465ee728b)  -> (artifact id: '3fade683fe88801e3e157786cc87acbe') in 0.011228 seconds
Number of updated asset objects reloaded before import = 0
Number of asset objects unloaded after import = 9
========================================================================
Received Import Request.
  Time since last request: 0.000012 seconds.
  path: Assets/SimpleFantasy/Prefabs/Weapons/SF_Wep_KiteShield_Symbol_010.prefab
  artifactKey: Guid(5c9116d6a78a483469696f881720a750) Importer(815301076,1909f56bfc062723c751e8b465ee728b)
Start importing Assets/SimpleFantasy/Prefabs/Weapons/SF_Wep_KiteShield_Symbol_010.prefab using Guid(5c9116d6a78a483469696f881720a750) Importer(815301076,1909f56bfc062723c751e8b465ee728b)  -> (artifact id: '2086e1d5b289ee09e0295953e727c42c') in 0.011539 seconds
Number of updated asset objects reloaded before import = 0
Number of asset objects unloaded after import = 9
========================================================================
Received Import Request.
  Time since last request: 0.000015 seconds.
  path: Assets/SimpleFantasy/Prefabs/Weapons/SF_Wep_RoundShield_Pattern_09.prefab
  artifactKey: Guid(1bccd04673e392248a2d5a20ea48163e) Importer(815301076,1909f56bfc062723c751e8b465ee728b)
Start importing Assets/SimpleFantasy/Prefabs/Weapons/SF_Wep_RoundShield_Pattern_09.prefab using Guid(1bccd04673e392248a2d5a20ea48163e) Importer(815301076,1909f56bfc062723c751e8b465ee728b)  -> (artifact id: 'cc58587be68e324e9e37d45aaa255bb0') in 0.011723 seconds
Number of updated asset objects reloaded before import = 0
Number of asset objects unloaded after import = 9
========================================================================
Received Import Request.
  Time since last request: 0.000014 seconds.
  path: Assets/SimpleFantasy/Prefabs/Weapons/SF_Wep_Human_Shield_04.prefab
  artifactKey: Guid(79ef81bac57e06a4aa1679e70de05b65) Importer(815301076,1909f56bfc062723c751e8b465ee728b)
Start importing Assets/SimpleFantasy/Prefabs/Weapons/SF_Wep_Human_Shield_04.prefab using Guid(79ef81bac57e06a4aa1679e70de05b65) Importer(815301076,1909f56bfc062723c751e8b465ee728b)  -> (artifact id: '5118f8b3cd47fda155fc952eaf64d637') in 0.011900 seconds
Number of updated asset objects reloaded before import = 0
Number of asset objects unloaded after import = 9
========================================================================
Received Import Request.
  Time since last request: 0.000012 seconds.
  path: Assets/SimpleFantasy/Prefabs/Weapons/SF_Wep_KiteShield_Pattern_03.prefab
  artifactKey: Guid(f7ab996b213e57f4e89ceb9e56d11fea) Importer(815301076,1909f56bfc062723c751e8b465ee728b)
Start importing Assets/SimpleFantasy/Prefabs/Weapons/SF_Wep_KiteShield_Pattern_03.prefab using Guid(f7ab996b213e57f4e89ceb9e56d11fea) Importer(815301076,1909f56bfc062723c751e8b465ee728b)  -> (artifact id: '6ded95db2221b6919d50de50aa7d805b') in 0.012146 seconds
Number of updated asset objects reloaded before import = 0
Number of asset objects unloaded after import = 9
========================================================================
Received Import Request.
  Time since last request: 0.000013 seconds.
  path: Assets/SimpleFantasy/Prefabs/Weapons/SF_Wep_RoundShield_Pattern_07.prefab
  artifactKey: Guid(dd65e78fe0696304fbe3189786551cd9) Importer(815301076,1909f56bfc062723c751e8b465ee728b)
Start importing Assets/SimpleFantasy/Prefabs/Weapons/SF_Wep_RoundShield_Pattern_07.prefab using Guid(dd65e78fe0696304fbe3189786551cd9) Importer(815301076,1909f56bfc062723c751e8b465ee728b)  -> (artifact id: '53b6494e1dfa07290df4e48509187dde') in 0.011992 seconds
Number of updated asset objects reloaded before import = 0
Number of asset objects unloaded after import = 9
========================================================================
Received Import Request.
  Time since last request: 0.000023 seconds.
  path: Assets/SimpleFantasy/Prefabs/Weapons/SF_Wep_Katana_01.prefab
  artifactKey: Guid(6cec3e67a6339f24eb603c7683467672) Importer(815301076,1909f56bfc062723c751e8b465ee728b)
Start importing Assets/SimpleFantasy/Prefabs/Weapons/SF_Wep_Katana_01.prefab using Guid(6cec3e67a6339f24eb603c7683467672) Importer(815301076,1909f56bfc062723c751e8b465ee728b)  -> (artifact id: '56480088f24bfa3074a07cc9f18e7e5c') in 0.011220 seconds
Number of updated asset objects reloaded before import = 0
Number of asset objects unloaded after import = 9
========================================================================
Received Import Request.
  Time since last request: 0.050495 seconds.
  path: Assets/SimpleFantasy/Prefabs/Weapons/SF_Wep_RoundShield_Pattern_012.prefab
  artifactKey: Guid(96f4549fe82d87247bbaf9eed52778e2) Importer(815301076,1909f56bfc062723c751e8b465ee728b)
Start importing Assets/SimpleFantasy/Prefabs/Weapons/SF_Wep_RoundShield_Pattern_012.prefab using Guid(96f4549fe82d87247bbaf9eed52778e2) Importer(815301076,1909f56bfc062723c751e8b465ee728b)  -> (artifact id: 'cb065dec984489bf548c09f50f32ed36') in 0.012262 seconds
Number of updated asset objects reloaded before import = 0
Number of asset objects unloaded after import = 9
========================================================================
Received Import Request.
  Time since last request: 0.000011 seconds.
  path: Assets/SimpleFantasy/Prefabs/Weapons/SF_Wep_RoundShield_Symbol_07.prefab
  artifactKey: Guid(6fec6aa226fe06d4ab5258673a84032c) Importer(815301076,1909f56bfc062723c751e8b465ee728b)
Start importing Assets/SimpleFantasy/Prefabs/Weapons/SF_Wep_RoundShield_Symbol_07.prefab using Guid(6fec6aa226fe06d4ab5258673a84032c) Importer(815301076,1909f56bfc062723c751e8b465ee728b)  -> (artifact id: '63b5f37cc6b8fa6b5d46a659c680d9b7') in 0.011644 seconds
Number of updated asset objects reloaded before import = 0
Number of asset objects unloaded after import = 9
========================================================================
Received Import Request.
  Time since last request: 0.000012 seconds.
  path: Assets/SimpleFantasy/Prefabs/Weapons/SF_Wep_TowerShield_01.prefab
  artifactKey: Guid(78aaa84cc44bf334b8938e4006aae48d) Importer(815301076,1909f56bfc062723c751e8b465ee728b)
Start importing Assets/SimpleFantasy/Prefabs/Weapons/SF_Wep_TowerShield_01.prefab using Guid(78aaa84cc44bf334b8938e4006aae48d) Importer(815301076,1909f56bfc062723c751e8b465ee728b)  -> (artifact id: '69480e1536aff2c4089c23fe0e3cb63a') in 0.010263 seconds
Number of updated asset objects reloaded before import = 0
Number of asset objects unloaded after import = 9
========================================================================
Received Import Request.
  Time since last request: 0.000013 seconds.
  path: Assets/SimpleFantasy/Prefabs/Weapons/SF_Wep_TowerShield_07.prefab
  artifactKey: Guid(52a8a445f93ab454f979f7bcd16c5e4c) Importer(815301076,1909f56bfc062723c751e8b465ee728b)
Start importing Assets/SimpleFantasy/Prefabs/Weapons/SF_Wep_TowerShield_07.prefab using Guid(52a8a445f93ab454f979f7bcd16c5e4c) Importer(815301076,1909f56bfc062723c751e8b465ee728b)  -> (artifact id: 'ca37942d0bae61ee61f1c6ed87742a4c') in 0.011373 seconds
Number of updated asset objects reloaded before import = 0
Number of asset objects unloaded after import = 9
========================================================================
Received Import Request.
  Time since last request: 0.000015 seconds.
  path: Assets/SimpleFantasy/Prefabs/Weapons/SF_Wep_Undead_Axe_01.prefab
  artifactKey: Guid(938a1e9581aa7c54b807870280562ae7) Importer(815301076,1909f56bfc062723c751e8b465ee728b)
Start importing Assets/SimpleFantasy/Prefabs/Weapons/SF_Wep_Undead_Axe_01.prefab using Guid(938a1e9581aa7c54b807870280562ae7) Importer(815301076,1909f56bfc062723c751e8b465ee728b)  -> (artifact id: '10092638a0b4f85ce1aca0aaaffb59ee') in 0.011464 seconds
Number of updated asset objects reloaded before import = 0
Number of asset objects unloaded after import = 9
========================================================================
Received Import Request.
  Time since last request: 0.000024 seconds.
  path: Assets/SimpleFantasy/Prefabs/Weapons/SF_Wep_Undead_Hammer_01.prefab
  artifactKey: Guid(c00d697a6ceb90d408ed587c6dd01b2b) Importer(815301076,1909f56bfc062723c751e8b465ee728b)
Start importing Assets/SimpleFantasy/Prefabs/Weapons/SF_Wep_Undead_Hammer_01.prefab using Guid(c00d697a6ceb90d408ed587c6dd01b2b) Importer(815301076,1909f56bfc062723c751e8b465ee728b)  -> (artifact id: 'dab4eec4e9f70d8a84c673ce28ba907d') in 0.012439 seconds
Number of updated asset objects reloaded before import = 0
Number of asset objects unloaded after import = 9
========================================================================
Received Import Request.
  Time since last request: 0.000013 seconds.
  path: Assets/SimpleFantasy/Prefabs/Weapons/SF_Wep_Undead_Spear_02.prefab
  artifactKey: Guid(2257e4436e32fae4b8784d49a802f86b) Importer(815301076,1909f56bfc062723c751e8b465ee728b)
Start importing Assets/SimpleFantasy/Prefabs/Weapons/SF_Wep_Undead_Spear_02.prefab using Guid(2257e4436e32fae4b8784d49a802f86b) Importer(815301076,1909f56bfc062723c751e8b465ee728b)  -> (artifact id: 'cc1b5e72d21d2f99fb09d6c42e80b9d8') in 0.012191 seconds
Number of updated asset objects reloaded before import = 0
Number of asset objects unloaded after import = 9
========================================================================
Received Import Request.
  Time since last request: 0.000012 seconds.
  path: Assets/SimpleFantasy/Prefabs/Weapons/SF_Wep_Scythe_01.prefab
  artifactKey: Guid(8ec619b4b27ac5e43b055f97e21e3c3c) Importer(815301076,1909f56bfc062723c751e8b465ee728b)
Start importing Assets/SimpleFantasy/Prefabs/Weapons/SF_Wep_Scythe_01.prefab using Guid(8ec619b4b27ac5e43b055f97e21e3c3c) Importer(815301076,1909f56bfc062723c751e8b465ee728b)  -> (artifact id: '457847daff932e5f091eb852a07674a5') in 0.012221 seconds
Number of updated asset objects reloaded before import = 0
Number of asset objects unloaded after import = 9
========================================================================
Received Import Request.
  Time since last request: 0.000012 seconds.
  path: Assets/SimpleFantasy/Prefabs/Weapons/SF_Wep_Undead_Shield_010.prefab
  artifactKey: Guid(022c38eb7dccd824c918c37598f57d13) Importer(815301076,1909f56bfc062723c751e8b465ee728b)
Start importing Assets/SimpleFantasy/Prefabs/Weapons/SF_Wep_Undead_Shield_010.prefab using Guid(022c38eb7dccd824c918c37598f57d13) Importer(815301076,1909f56bfc062723c751e8b465ee728b)  -> (artifact id: '2b7adbdb271c3363d7f6cf8cc73080e1') in 0.011721 seconds
Number of updated asset objects reloaded before import = 0
Number of asset objects unloaded after import = 9
========================================================================
Received Import Request.
  Time since last request: 4.559921 seconds.
  path: Assets/SimpleFantasy/Textures/Bartender.png
  artifactKey: Guid(08b2ac251b99c7a498f6859e2000d4e5) Importer(815301076,1909f56bfc062723c751e8b465ee728b)
Start importing Assets/SimpleFantasy/Textures/Bartender.png using Guid(08b2ac251b99c7a498f6859e2000d4e5) Importer(815301076,1909f56bfc062723c751e8b465ee728b)  -> (artifact id: '2d32518fca24efb557a72cb05e5d058e') in 0.024360 seconds
Number of updated asset objects reloaded before import = 0
Number of asset objects unloaded after import = 2
========================================================================
Received Import Request.
  Time since last request: 0.000012 seconds.
  path: Assets/SimpleFantasy/Textures/Jester.png
  artifactKey: Guid(99d9316d3e07cc8458ff29473241e4fc) Importer(815301076,1909f56bfc062723c751e8b465ee728b)
Start importing Assets/SimpleFantasy/Textures/Jester.png using Guid(99d9316d3e07cc8458ff29473241e4fc) Importer(815301076,1909f56bfc062723c751e8b465ee728b)  -> (artifact id: 'ef097c3ae671edc1bb68d59fb4f84f53') in 0.013863 seconds
Number of updated asset objects reloaded before import = 0
Number of asset objects unloaded after import = 2
========================================================================
Received Import Request.
  Time since last request: 0.000011 seconds.
  path: Assets/SimpleFantasy/Textures/Undead_Footman_02.png
  artifactKey: Guid(0cea13ee3e6182d44801d986dae21757) Importer(815301076,1909f56bfc062723c751e8b465ee728b)
Start importing Assets/SimpleFantasy/Textures/Undead_Footman_02.png using Guid(0cea13ee3e6182d44801d986dae21757) Importer(815301076,1909f56bfc062723c751e8b465ee728b)  -> (artifact id: '17126bd169b84d35dc336f00a57c3f39') in 0.013825 seconds
Number of updated asset objects reloaded before import = 0
Number of asset objects unloaded after import = 2
========================================================================
Received Import Request.
  Time since last request: 0.000010 seconds.
  path: Assets/SimpleFantasy/Textures/Undead_Skeleton.png
  artifactKey: Guid(04646defa5452214386d7151bb24f25a) Importer(815301076,1909f56bfc062723c751e8b465ee728b)
Start importing Assets/SimpleFantasy/Textures/Undead_Skeleton.png using Guid(04646defa5452214386d7151bb24f25a) Importer(815301076,1909f56bfc062723c751e8b465ee728b)  -> (artifact id: 'fdeab895c8cf2388eef0a01538dbc83a') in 0.013195 seconds
Number of updated asset objects reloaded before import = 0
Number of asset objects unloaded after import = 2
========================================================================
Received Import Request.
  Time since last request: 0.000013 seconds.
  path: Assets/SimpleFantasy/Textures/Elf_King.png
  artifactKey: Guid(fa895ec98559bf74683791bfd60437c5) Importer(815301076,1909f56bfc062723c751e8b465ee728b)
Start importing Assets/SimpleFantasy/Textures/Elf_King.png using Guid(fa895ec98559bf74683791bfd60437c5) Importer(815301076,1909f56bfc062723c751e8b465ee728b)  -> (artifact id: '6625a69dbed7a6b98d5d1b39b9328083') in 0.013965 seconds
Number of updated asset objects reloaded before import = 0
Number of asset objects unloaded after import = 2
========================================================================
Received Import Request.
  Time since last request: 0.000011 seconds.
  path: Assets/SimpleFantasy/Textures/King.png
  artifactKey: Guid(d53cdf5a35d161b4c9b9f93ccf19136b) Importer(815301076,1909f56bfc062723c751e8b465ee728b)
Start importing Assets/SimpleFantasy/Textures/King.png using Guid(d53cdf5a35d161b4c9b9f93ccf19136b) Importer(815301076,1909f56bfc062723c751e8b465ee728b)  -> (artifact id: '8bc31f704cc992f3adba6623afc9814b') in 0.014051 seconds
Number of updated asset objects reloaded before import = 0
Number of asset objects unloaded after import = 2
========================================================================
Received Import Request.
  Time since last request: 0.000013 seconds.
  path: Assets/SimpleFantasy/Textures/Character_GoblinWitchDoctor_Green.png
  artifactKey: Guid(ca9e8bd50bb0d1042950b5b9ccf84e9f) Importer(815301076,1909f56bfc062723c751e8b465ee728b)
Start importing Assets/SimpleFantasy/Textures/Character_GoblinWitchDoctor_Green.png using Guid(ca9e8bd50bb0d1042950b5b9ccf84e9f) Importer(815301076,1909f56bfc062723c751e8b465ee728b)  -> (artifact id: '2abd842a371a569a0c62ec6a79ac9641') in 0.014025 seconds
Number of updated asset objects reloaded before import = 0
Number of asset objects unloaded after import = 2
========================================================================
Received Import Request.
  Time since last request: 4.436508 seconds.
  path: Assets/SimpleFantasy/Materials/Medieval_Glow_FX 1.mat
  artifactKey: Guid(d2723b683aebdb74f8455b39923c8f71) Importer(815301076,1909f56bfc062723c751e8b465ee728b)
Start importing Assets/SimpleFantasy/Materials/Medieval_Glow_FX 1.mat using Guid(d2723b683aebdb74f8455b39923c8f71) Importer(815301076,1909f56bfc062723c751e8b465ee728b)  -> (artifact id: 'f4da61ee8940542180d101f541e39ca0') in 0.158675 seconds
Number of updated asset objects reloaded before import = 0
Number of asset objects unloaded after import = 3
========================================================================
Received Import Request.
  Time since last request: 0.000018 seconds.
  path: Assets/SimpleFantasy/Materials/SF_Character_Goblin_01.mat
  artifactKey: Guid(891f7b3ee99dd3d46b3b75b598c45757) Importer(815301076,1909f56bfc062723c751e8b465ee728b)
Start importing Assets/SimpleFantasy/Materials/SF_Character_Goblin_01.mat using Guid(891f7b3ee99dd3d46b3b75b598c45757) Importer(815301076,1909f56bfc062723c751e8b465ee728b)  -> (artifact id: '8455e769ec235894e198c53907973b4d') in 0.021198 seconds
Number of updated asset objects reloaded before import = 0
Number of asset objects unloaded after import = 2
========================================================================
Received Import Request.
  Time since last request: 77.672865 seconds.
  path: Assets/Fireball Card.asset
  artifactKey: Guid(8f3a963b2bcb5f046b7b9d32d73cea09) Importer(815301076,1909f56bfc062723c751e8b465ee728b)
Start importing Assets/Fireball Card.asset using Guid(8f3a963b2bcb5f046b7b9d32d73cea09) Importer(815301076,1909f56bfc062723c751e8b465ee728b)  -> (artifact id: 'b2b5f2ebf6e623fef629f2ca4155c585') in 0.001396 seconds
Number of updated asset objects reloaded before import = 0
Number of asset objects unloaded after import = 1
========================================================================
Received Import Request.
  Time since last request: 8.168742 seconds.
  path: Assets/Witches and Wizards Asset Pack
  artifactKey: Guid(806f0d78eb29a604799aab973a1f7c1e) Importer(815301076,1909f56bfc062723c751e8b465ee728b)
Start importing Assets/Witches and Wizards Asset Pack using Guid(806f0d78eb29a604799aab973a1f7c1e) Importer(815301076,1909f56bfc062723c751e8b465ee728b)  -> (artifact id: '8eeb9050e07ef665a1c8cbbbc6c57629') in 0.000347 seconds
Number of updated asset objects reloaded before import = 0
Number of asset objects unloaded after import = 0
========================================================================
Received Import Request.
  Time since last request: 1.611178 seconds.
  path: Assets/Witches and Wizards Asset Pack/Prefabs
  artifactKey: Guid(aa92c463ca652e04caf67b8edf43c6b0) Importer(815301076,1909f56bfc062723c751e8b465ee728b)
Start importing Assets/Witches and Wizards Asset Pack/Prefabs using Guid(aa92c463ca652e04caf67b8edf43c6b0) Importer(815301076,1909f56bfc062723c751e8b465ee728b)  -> (artifact id: '960b968b37da09f73c36c4519bec9a6f') in 0.000341 seconds
Number of updated asset objects reloaded before import = 0
Number of asset objects unloaded after import = 0
========================================================================
Received Import Request.
  Time since last request: 0.055389 seconds.
  path: Assets/Witches and Wizards Asset Pack/Prefabs/BlackInkWell.prefab
  artifactKey: Guid(e04e2087dfc27324f9e442736b985efa) Importer(815301076,1909f56bfc062723c751e8b465ee728b)
Start importing Assets/Witches and Wizards Asset Pack/Prefabs/BlackInkWell.prefab using Guid(e04e2087dfc27324f9e442736b985efa) Importer(815301076,1909f56bfc062723c751e8b465ee728b)  -> (artifact id: '3410d2c5bbf4e39a19ce273f7637cade') in 0.064686 seconds
Number of updated asset objects reloaded before import = 0
Number of asset objects unloaded after import = 31
========================================================================
Received Import Request.
  Time since last request: 0.000020 seconds.
  path: Assets/Witches and Wizards Asset Pack/Prefabs/Wand1B.prefab
  artifactKey: Guid(5bbf409b2f25be2438c91384f2ea7ff1) Importer(815301076,1909f56bfc062723c751e8b465ee728b)
Start importing Assets/Witches and Wizards Asset Pack/Prefabs/Wand1B.prefab using Guid(5bbf409b2f25be2438c91384f2ea7ff1) Importer(815301076,1909f56bfc062723c751e8b465ee728b)  -> (artifact id: '010c2dbd566ca3e1e7f376e16cd4d376') in 0.123272 seconds
Number of updated asset objects reloaded before import = 0
Number of asset objects unloaded after import = 23
========================================================================
Received Import Request.
  Time since last request: 0.000016 seconds.
  path: Assets/Witches and Wizards Asset Pack/Prefabs/Quill3.prefab
  artifactKey: Guid(b6e30bf2930cadf4b91294306cb63a1a) Importer(815301076,1909f56bfc062723c751e8b465ee728b)
Start importing Assets/Witches and Wizards Asset Pack/Prefabs/Quill3.prefab using Guid(b6e30bf2930cadf4b91294306cb63a1a) Importer(815301076,1909f56bfc062723c751e8b465ee728b)  -> (artifact id: '88300bbe9faf859adce7955ed6995b06') in 0.055861 seconds
Number of updated asset objects reloaded before import = 0
Number of asset objects unloaded after import = 17
========================================================================
Received Import Request.
  Time since last request: 0.000025 seconds.
  path: Assets/Witches and Wizards Asset Pack/Prefabs/Broomstick3.prefab
  artifactKey: Guid(03bd160b5f76804449e40c9d2a1ded08) Importer(815301076,1909f56bfc062723c751e8b465ee728b)
Start importing Assets/Witches and Wizards Asset Pack/Prefabs/Broomstick3.prefab using Guid(03bd160b5f76804449e40c9d2a1ded08) Importer(815301076,1909f56bfc062723c751e8b465ee728b)  -> (artifact id: '5a04add4e367e8f56b5bfbd32fc80859') in 0.030925 seconds
Number of updated asset objects reloaded before import = 0
Number of asset objects unloaded after import = 36
========================================================================
Received Import Request.
  Time since last request: 0.000016 seconds.
  path: Assets/Witches and Wizards Asset Pack/Prefabs/OwlCage2.prefab
  artifactKey: Guid(68bc3d910a64a5a4382ae078461ec0a5) Importer(815301076,1909f56bfc062723c751e8b465ee728b)
Start importing Assets/Witches and Wizards Asset Pack/Prefabs/OwlCage2.prefab using Guid(68bc3d910a64a5a4382ae078461ec0a5) Importer(815301076,1909f56bfc062723c751e8b465ee728b)  -> (artifact id: '064f1de530c8ca0125763e6eeb49933c') in 0.018103 seconds
Number of updated asset objects reloaded before import = 0
Number of asset objects unloaded after import = 47
========================================================================
Received Import Request.
  Time since last request: 0.000017 seconds.
  path: Assets/Witches and Wizards Asset Pack/Prefabs/Book2.prefab
  artifactKey: Guid(40ab4d9af8fa1764a9cf9fc4d56498c5) Importer(815301076,1909f56bfc062723c751e8b465ee728b)
Start importing Assets/Witches and Wizards Asset Pack/Prefabs/Book2.prefab using Guid(40ab4d9af8fa1764a9cf9fc4d56498c5) Importer(815301076,1909f56bfc062723c751e8b465ee728b)  -> (artifact id: '92f42b86a54be1dc62719018d0d3c759') in 0.011757 seconds
Number of updated asset objects reloaded before import = 0
Number of asset objects unloaded after import = 23
========================================================================
Received Import Request.
  Time since last request: 0.000015 seconds.
  path: Assets/Witches and Wizards Asset Pack/Prefabs/Book5.prefab
  artifactKey: Guid(27a0cbf4d8bb4754c9a58d93ec238921) Importer(815301076,1909f56bfc062723c751e8b465ee728b)
Start importing Assets/Witches and Wizards Asset Pack/Prefabs/Book5.prefab using Guid(27a0cbf4d8bb4754c9a58d93ec238921) Importer(815301076,1909f56bfc062723c751e8b465ee728b)  -> (artifact id: '40bc5b63086b11d547751d6d1e0028c3') in 0.012386 seconds
Number of updated asset objects reloaded before import = 0
Number of asset objects unloaded after import = 33
========================================================================
Received Import Request.
  Time since last request: 0.000012 seconds.
  path: Assets/Witches and Wizards Asset Pack/Prefabs/Wand8.prefab
  artifactKey: Guid(6b67ec345f4633d4faa576df5691c65b) Importer(815301076,1909f56bfc062723c751e8b465ee728b)
Start importing Assets/Witches and Wizards Asset Pack/Prefabs/Wand8.prefab using Guid(6b67ec345f4633d4faa576df5691c65b) Importer(815301076,1909f56bfc062723c751e8b465ee728b)  -> (artifact id: 'b584a9fd433d844d143fc10854d3cc86') in 0.101414 seconds
Number of updated asset objects reloaded before import = 0
Number of asset objects unloaded after import = 34
========================================================================
Received Import Request.
  Time since last request: 0.000012 seconds.
  path: Assets/Witches and Wizards Asset Pack/Prefabs/Wand5.prefab
  artifactKey: Guid(a6fe1d21ef7feb648bb45371f440c67f) Importer(815301076,1909f56bfc062723c751e8b465ee728b)
Start importing Assets/Witches and Wizards Asset Pack/Prefabs/Wand5.prefab using Guid(a6fe1d21ef7feb648bb45371f440c67f) Importer(815301076,1909f56bfc062723c751e8b465ee728b)  -> (artifact id: 'acac071ef2fbd3992802a347eb2887c5') in 0.012103 seconds
Number of updated asset objects reloaded before import = 0
Number of asset objects unloaded after import = 25
========================================================================
Received Import Request.
  Time since last request: 0.000016 seconds.
  path: Assets/Witches and Wizards Asset Pack/Prefabs/ClearInkWell.prefab
  artifactKey: Guid(46ec8665ea0ca3648a5f24a60baf67fa) Importer(815301076,1909f56bfc062723c751e8b465ee728b)
Start importing Assets/Witches and Wizards Asset Pack/Prefabs/ClearInkWell.prefab using Guid(46ec8665ea0ca3648a5f24a60baf67fa) Importer(815301076,1909f56bfc062723c751e8b465ee728b)  -> (artifact id: 'fb5d066af3d6e16eac1e255e3818235e') in 0.062629 seconds
Number of updated asset objects reloaded before import = 0
Number of asset objects unloaded after import = 22
========================================================================
Received Import Request.
  Time since last request: 0.000017 seconds.
  path: Assets/Witches and Wizards Asset Pack/Prefabs/Jar1.prefab
  artifactKey: Guid(6754c3fe9dfbab84a81c8c6dab73082d) Importer(815301076,1909f56bfc062723c751e8b465ee728b)
Start importing Assets/Witches and Wizards Asset Pack/Prefabs/Jar1.prefab using Guid(6754c3fe9dfbab84a81c8c6dab73082d) Importer(815301076,1909f56bfc062723c751e8b465ee728b)  -> (artifact id: '25b2e45b319386f866cceaee0bedf175') in 0.010751 seconds
Number of updated asset objects reloaded before import = 0
Number of asset objects unloaded after import = 32
========================================================================
Received Import Request.
  Time since last request: 0.000023 seconds.
  path: Assets/Witches and Wizards Asset Pack/Prefabs/Cauldron2.prefab
  artifactKey: Guid(a758ab402a3b882469a0595aacb1dfaa) Importer(815301076,1909f56bfc062723c751e8b465ee728b)
Start importing Assets/Witches and Wizards Asset Pack/Prefabs/Cauldron2.prefab using Guid(a758ab402a3b882469a0595aacb1dfaa) Importer(815301076,1909f56bfc062723c751e8b465ee728b)  -> (artifact id: '6135da8abc1b2fb2f8d9f23dab91a300') in 0.014278 seconds
Number of updated asset objects reloaded before import = 0
Number of asset objects unloaded after import = 37
========================================================================
Received Import Request.
  Time since last request: 0.000015 seconds.
  path: Assets/Witches and Wizards Asset Pack/Prefabs/Bottle1.prefab
  artifactKey: Guid(07358ba77bb3dd1489d880d4a32c61af) Importer(815301076,1909f56bfc062723c751e8b465ee728b)
Start importing Assets/Witches and Wizards Asset Pack/Prefabs/Bottle1.prefab using Guid(07358ba77bb3dd1489d880d4a32c61af) Importer(815301076,1909f56bfc062723c751e8b465ee728b)  -> (artifact id: '817f64e4024677b7bcdbf5b9aa183f20') in 0.011519 seconds
Number of updated asset objects reloaded before import = 0
Number of asset objects unloaded after import = 33
========================================================================
Received Import Request.
  Time since last request: 0.000016 seconds.
  path: Assets/Witches and Wizards Asset Pack/Prefabs/Pedestal.prefab
  artifactKey: Guid(dd0886ee60c338e4e9351491b2b4ca30) Importer(815301076,1909f56bfc062723c751e8b465ee728b)
Start importing Assets/Witches and Wizards Asset Pack/Prefabs/Pedestal.prefab using Guid(dd0886ee60c338e4e9351491b2b4ca30) Importer(815301076,1909f56bfc062723c751e8b465ee728b)  -> (artifact id: '525d465efe92d6103496c04165a77308') in 0.011460 seconds
Number of updated asset objects reloaded before import = 0
Number of asset objects unloaded after import = 18
========================================================================
Received Import Request.
  Time since last request: 0.000016 seconds.
  path: Assets/Witches and Wizards Asset Pack/Prefabs/Quill1.prefab
  artifactKey: Guid(c805d8f84ca39bd4392a45daa9d13e30) Importer(815301076,1909f56bfc062723c751e8b465ee728b)
Start importing Assets/Witches and Wizards Asset Pack/Prefabs/Quill1.prefab using Guid(c805d8f84ca39bd4392a45daa9d13e30) Importer(815301076,1909f56bfc062723c751e8b465ee728b)  -> (artifact id: '430241b25e9c053b6c1dfc9b39d0c194') in 0.010449 seconds
Number of updated asset objects reloaded before import = 0
Number of asset objects unloaded after import = 17
========================================================================
Received Import Request.
  Time since last request: 0.000015 seconds.
  path: Assets/Witches and Wizards Asset Pack/Prefabs/VialStand.prefab
  artifactKey: Guid(96c1f1fb5379d2b4e858f60005b60ad1) Importer(815301076,1909f56bfc062723c751e8b465ee728b)
Start importing Assets/Witches and Wizards Asset Pack/Prefabs/VialStand.prefab using Guid(96c1f1fb5379d2b4e858f60005b60ad1) Importer(815301076,1909f56bfc062723c751e8b465ee728b)  -> (artifact id: 'd3169723aa16b04d11f45ff841afb05a') in 0.013341 seconds
Number of updated asset objects reloaded before import = 0
Number of asset objects unloaded after import = 32
========================================================================
Received Import Request.
  Time since last request: 0.000015 seconds.
  path: Assets/Witches and Wizards Asset Pack/Prefabs/Ladle.prefab
  artifactKey: Guid(618980177af664142a43d295de949d59) Importer(815301076,1909f56bfc062723c751e8b465ee728b)
Start importing Assets/Witches and Wizards Asset Pack/Prefabs/Ladle.prefab using Guid(618980177af664142a43d295de949d59) Importer(815301076,1909f56bfc062723c751e8b465ee728b)  -> (artifact id: 'f55c7ce6950b2980377820e8b11630aa') in 0.011895 seconds
Number of updated asset objects reloaded before import = 0
Number of asset objects unloaded after import = 18
========================================================================
Received Import Request.
  Time since last request: 0.000011 seconds.
  path: Assets/Witches and Wizards Asset Pack/Prefabs/Wand2.prefab
  artifactKey: Guid(c2755ac84bd8d8c4c9a88b4e1ffed36c) Importer(815301076,1909f56bfc062723c751e8b465ee728b)
Start importing Assets/Witches and Wizards Asset Pack/Prefabs/Wand2.prefab using Guid(c2755ac84bd8d8c4c9a88b4e1ffed36c) Importer(815301076,1909f56bfc062723c751e8b465ee728b)  -> (artifact id: '6bed9d84f3ca95fd8fb194dc49286341') in 0.011441 seconds
Number of updated asset objects reloaded before import = 0
Number of asset objects unloaded after import = 22
========================================================================
Received Import Request.
  Time since last request: 0.000016 seconds.
  path: Assets/Witches and Wizards Asset Pack/Prefabs/Wand7.prefab
  artifactKey: Guid(e14d42e0ad48d0c45a3f839277e80a6f) Importer(815301076,1909f56bfc062723c751e8b465ee728b)
Start importing Assets/Witches and Wizards Asset Pack/Prefabs/Wand7.prefab using Guid(e14d42e0ad48d0c45a3f839277e80a6f) Importer(815301076,1909f56bfc062723c751e8b465ee728b)  -> (artifact id: '515471edc66624a0f232ef3114cedfae') in 0.012376 seconds
Number of updated asset objects reloaded before import = 0
Number of asset objects unloaded after import = 31
========================================================================
Received Import Request.
  Time since last request: 0.000017 seconds.
  path: Assets/Witches and Wizards Asset Pack/Prefabs/Bottle3.prefab
  artifactKey: Guid(2294043ec28a1d44197b1f62b4bde490) Importer(815301076,1909f56bfc062723c751e8b465ee728b)
Start importing Assets/Witches and Wizards Asset Pack/Prefabs/Bottle3.prefab using Guid(2294043ec28a1d44197b1f62b4bde490) Importer(815301076,1909f56bfc062723c751e8b465ee728b)  -> (artifact id: '015d4b8f462b5c7f00aa1a9e6adc14c3') in 0.012133 seconds
Number of updated asset objects reloaded before import = 0
Number of asset objects unloaded after import = 33
========================================================================
Received Import Request.
  Time since last request: 0.000015 seconds.
  path: Assets/Witches and Wizards Asset Pack/Prefabs/Book6.prefab
  artifactKey: Guid(6eceacfa80d5c1a439eff7018aaf89ab) Importer(815301076,1909f56bfc062723c751e8b465ee728b)
Start importing Assets/Witches and Wizards Asset Pack/Prefabs/Book6.prefab using Guid(6eceacfa80d5c1a439eff7018aaf89ab) Importer(815301076,1909f56bfc062723c751e8b465ee728b)  -> (artifact id: '80543c8e77c6063ed7d09b1b5c652355') in 0.011522 seconds
Number of updated asset objects reloaded before import = 0
Number of asset objects unloaded after import = 33
========================================================================
Received Import Request.
  Time since last request: 0.000014 seconds.
  path: Assets/Witches and Wizards Asset Pack/Prefabs/Wand9B.prefab
  artifactKey: Guid(fd3f9fb4a9a2eca44be763adc06d46ac) Importer(815301076,1909f56bfc062723c751e8b465ee728b)
Start importing Assets/Witches and Wizards Asset Pack/Prefabs/Wand9B.prefab using Guid(fd3f9fb4a9a2eca44be763adc06d46ac) Importer(815301076,1909f56bfc062723c751e8b465ee728b)  -> (artifact id: '560b66c29e5e04d503e877ed2820791f') in 0.011210 seconds
Number of updated asset objects reloaded before import = 0
Number of asset objects unloaded after import = 22
========================================================================
Received Import Request.
  Time since last request: 6.779728 seconds.
  path: Assets/Witches and Wizards Asset Pack/Models/Book2.fbx
  artifactKey: Guid(f3b8ca9afe1758d418f6b04dde2e4d08) Importer(815301076,1909f56bfc062723c751e8b465ee728b)
Start importing Assets/Witches and Wizards Asset Pack/Models/Book2.fbx using Guid(f3b8ca9afe1758d418f6b04dde2e4d08) Importer(815301076,1909f56bfc062723c751e8b465ee728b)  -> (artifact id: '55af4cc843dd5c11d1f35951dfb74480') in 0.045241 seconds
Number of updated asset objects reloaded before import = 0
Number of asset objects unloaded after import = 32
========================================================================
Received Import Request.
  Time since last request: 0.000014 seconds.
  path: Assets/Witches and Wizards Asset Pack/Models/Jar1.fbx
  artifactKey: Guid(88ebef21e24e2f241b0788742ae8e5ba) Importer(815301076,1909f56bfc062723c751e8b465ee728b)
Start importing Assets/Witches and Wizards Asset Pack/Models/Jar1.fbx using Guid(88ebef21e24e2f241b0788742ae8e5ba) Importer(815301076,1909f56bfc062723c751e8b465ee728b)  -> (artifact id: 'd6e82334575660db00a6e40ae39510ab') in 0.042196 seconds
Number of updated asset objects reloaded before import = 0
Number of asset objects unloaded after import = 32
========================================================================
Received Import Request.
  Time since last request: 0.000021 seconds.
  path: Assets/Witches and Wizards Asset Pack/Models/Wand10.fbx
  artifactKey: Guid(9d5f5831e41033040b041302b3cbc8ac) Importer(815301076,1909f56bfc062723c751e8b465ee728b)
Start importing Assets/Witches and Wizards Asset Pack/Models/Wand10.fbx using Guid(9d5f5831e41033040b041302b3cbc8ac) Importer(815301076,1909f56bfc062723c751e8b465ee728b)  -> (artifact id: 'e440c2d4568901f28845a4382390331d') in 0.028611 seconds
Number of updated asset objects reloaded before import = 0
Number of asset objects unloaded after import = 26
========================================================================
Received Import Request.
  Time since last request: 0.000012 seconds.
  path: Assets/Witches and Wizards Asset Pack/Models/Quill3.fbx
  artifactKey: Guid(eb9ccd9721da4154fbacacd35e3250ee) Importer(815301076,1909f56bfc062723c751e8b465ee728b)
Start importing Assets/Witches and Wizards Asset Pack/Models/Quill3.fbx using Guid(eb9ccd9721da4154fbacacd35e3250ee) Importer(815301076,1909f56bfc062723c751e8b465ee728b)  -> (artifact id: '77b47301d2e69f051251ab136cf8b19c') in 0.025236 seconds
Number of updated asset objects reloaded before import = 0
Number of asset objects unloaded after import = 17
========================================================================
Received Import Request.
  Time since last request: 0.000012 seconds.
  path: Assets/Witches and Wizards Asset Pack/Models/Wand9.fbx
  artifactKey: Guid(46fba57d85a0a6945a399799313a16dd) Importer(815301076,1909f56bfc062723c751e8b465ee728b)
Start importing Assets/Witches and Wizards Asset Pack/Models/Wand9.fbx using Guid(46fba57d85a0a6945a399799313a16dd) Importer(815301076,1909f56bfc062723c751e8b465ee728b)  -> (artifact id: '96732b19e55202916a6633a87e60071f') in 0.028300 seconds
Number of updated asset objects reloaded before import = 0
Number of asset objects unloaded after import = 21
========================================================================
Received Import Request.
  Time since last request: 0.000017 seconds.
  path: Assets/Witches and Wizards Asset Pack/Models/VialStand.fbx
  artifactKey: Guid(bd826075095b087478c7df940de35b0d) Importer(815301076,1909f56bfc062723c751e8b465ee728b)
Start importing Assets/Witches and Wizards Asset Pack/Models/VialStand.fbx using Guid(bd826075095b087478c7df940de35b0d) Importer(815301076,1909f56bfc062723c751e8b465ee728b)  -> (artifact id: '8bd2cb47c52ea2d12e74f551821d0e05') in 0.040509 seconds
Number of updated asset objects reloaded before import = 0
Number of asset objects unloaded after import = 29
========================================================================
Received Import Request.
  Time since last request: 0.000020 seconds.
  path: Assets/Witches and Wizards Asset Pack/Models/Vial.fbx
  artifactKey: Guid(03708826f24363e498f949458929150b) Importer(815301076,1909f56bfc062723c751e8b465ee728b)
Start importing Assets/Witches and Wizards Asset Pack/Models/Vial.fbx using Guid(03708826f24363e498f949458929150b) Importer(815301076,1909f56bfc062723c751e8b465ee728b)  -> (artifact id: 'dce2114426b1309db2b9233c917ec5f1') in 0.034006 seconds
Number of updated asset objects reloaded before import = 0
Number of asset objects unloaded after import = 28
========================================================================
Received Import Request.
  Time since last request: 1.418452 seconds.
  path: Assets/Witches and Wizards Asset Pack/Materials/Book1.mat
  artifactKey: Guid(fefc18420023b424f999e55bc1353d06) Importer(815301076,1909f56bfc062723c751e8b465ee728b)
Start importing Assets/Witches and Wizards Asset Pack/Materials/Book1.mat using Guid(fefc18420023b424f999e55bc1353d06) Importer(815301076,1909f56bfc062723c751e8b465ee728b)  -> (artifact id: '098c5da63a01f9dadc608880afed6882') in 0.016745 seconds
Number of updated asset objects reloaded before import = 0
Number of asset objects unloaded after import = 3
========================================================================
Received Import Request.
  Time since last request: 0.000016 seconds.
  path: Assets/Witches and Wizards Asset Pack/Materials/Quill1.mat
  artifactKey: Guid(82bbf623b2f049a4887f7de591201145) Importer(815301076,1909f56bfc062723c751e8b465ee728b)
Start importing Assets/Witches and Wizards Asset Pack/Materials/Quill1.mat using Guid(82bbf623b2f049a4887f7de591201145) Importer(815301076,1909f56bfc062723c751e8b465ee728b)  -> (artifact id: '487b9ebf83fc03ba59fb594c27f4a23e') in 0.012888 seconds
Number of updated asset objects reloaded before import = 0
Number of asset objects unloaded after import = 2
========================================================================
Received Import Request.
  Time since last request: 0.000018 seconds.
  path: Assets/Witches and Wizards Asset Pack/Materials/Broom1.mat
  artifactKey: Guid(619e569e2f69a1248bf4e94f75b59486) Importer(815301076,1909f56bfc062723c751e8b465ee728b)
Start importing Assets/Witches and Wizards Asset Pack/Materials/Broom1.mat using Guid(619e569e2f69a1248bf4e94f75b59486) Importer(815301076,1909f56bfc062723c751e8b465ee728b)  -> (artifact id: '0299176d4c423c259f8dde261690eb97') in 0.010019 seconds
Number of updated asset objects reloaded before import = 0
Number of asset objects unloaded after import = 3
========================================================================
Received Import Request.
  Time since last request: 0.000013 seconds.
  path: Assets/Witches and Wizards Asset Pack/Materials/VialRack.mat
  artifactKey: Guid(27fd81bf880f8a64aaaa33ff9c9d0710) Importer(815301076,1909f56bfc062723c751e8b465ee728b)
Start importing Assets/Witches and Wizards Asset Pack/Materials/VialRack.mat using Guid(27fd81bf880f8a64aaaa33ff9c9d0710) Importer(815301076,1909f56bfc062723c751e8b465ee728b)  -> (artifact id: 'b867d72fe0ef5864944ab74cb675e4f6') in 0.011700 seconds
Number of updated asset objects reloaded before import = 0
Number of asset objects unloaded after import = 1
========================================================================
Received Import Request.
  Time since last request: 0.000014 seconds.
  path: Assets/Witches and Wizards Asset Pack/Materials/Book5.mat
  artifactKey: Guid(990e2a8b93d78ef448afb353d8e00992) Importer(815301076,1909f56bfc062723c751e8b465ee728b)
Start importing Assets/Witches and Wizards Asset Pack/Materials/Book5.mat using Guid(990e2a8b93d78ef448afb353d8e00992) Importer(815301076,1909f56bfc062723c751e8b465ee728b)  -> (artifact id: '1df13b478b863b0ce8eae0dc397971e8') in 0.011263 seconds
Number of updated asset objects reloaded before import = 0
Number of asset objects unloaded after import = 3
========================================================================
Received Import Request.
  Time since last request: 0.000015 seconds.
  path: Assets/Witches and Wizards Asset Pack/Materials/Quill2.mat
  artifactKey: Guid(9b6c3ac695605c54a9d6b08e5815ca9b) Importer(815301076,1909f56bfc062723c751e8b465ee728b)
Start importing Assets/Witches and Wizards Asset Pack/Materials/Quill2.mat using Guid(9b6c3ac695605c54a9d6b08e5815ca9b) Importer(815301076,1909f56bfc062723c751e8b465ee728b)  -> (artifact id: '9e1cafc796e02c3f7f0399f9c5a0eb87') in 0.011392 seconds
Number of updated asset objects reloaded before import = 0
Number of asset objects unloaded after import = 2
========================================================================
Received Import Request.
  Time since last request: 0.000014 seconds.
  path: Assets/Witches and Wizards Asset Pack/Materials/Metal1.mat
  artifactKey: Guid(cdd270b9601841443855778dd80bf91a) Importer(815301076,1909f56bfc062723c751e8b465ee728b)
Start importing Assets/Witches and Wizards Asset Pack/Materials/Metal1.mat using Guid(cdd270b9601841443855778dd80bf91a) Importer(815301076,1909f56bfc062723c751e8b465ee728b)  -> (artifact id: '1aec4b38fcc1baa0aad8639761f0b512') in 0.011579 seconds
Number of updated asset objects reloaded before import = 0
Number of asset objects unloaded after import = 3
========================================================================
Received Import Request.
  Time since last request: 0.000013 seconds.
  path: Assets/Witches and Wizards Asset Pack/Materials/Wood2.mat
  artifactKey: Guid(e81500ca5ca6a35499e7ff81d8123b18) Importer(815301076,1909f56bfc062723c751e8b465ee728b)
Start importing Assets/Witches and Wizards Asset Pack/Materials/Wood2.mat using Guid(e81500ca5ca6a35499e7ff81d8123b18) Importer(815301076,1909f56bfc062723c751e8b465ee728b)  -> (artifact id: '252caff6242ae12614de1cea53660b6e') in 0.011365 seconds
Number of updated asset objects reloaded before import = 0
Number of asset objects unloaded after import = 3
========================================================================
Received Import Request.
  Time since last request: 0.000015 seconds.
  path: Assets/Witches and Wizards Asset Pack/Materials/Broom3.mat
  artifactKey: Guid(fab4f6f998746044aaa00a01ba0c32a2) Importer(815301076,1909f56bfc062723c751e8b465ee728b)
Start importing Assets/Witches and Wizards Asset Pack/Materials/Broom3.mat using Guid(fab4f6f998746044aaa00a01ba0c32a2) Importer(815301076,1909f56bfc062723c751e8b465ee728b)  -> (artifact id: '0bc4d18b1f35e55e855c139b5be70770') in 0.011097 seconds
Number of updated asset objects reloaded before import = 0
Number of asset objects unloaded after import = 3
========================================================================
Received Import Request.
  Time since last request: 0.000013 seconds.
  path: Assets/Witches and Wizards Asset Pack/Materials/LabelandCork.mat
  artifactKey: Guid(a2c190a6ef317e04cb48c15cc7e2089a) Importer(815301076,1909f56bfc062723c751e8b465ee728b)
Start importing Assets/Witches and Wizards Asset Pack/Materials/LabelandCork.mat using Guid(a2c190a6ef317e04cb48c15cc7e2089a) Importer(815301076,1909f56bfc062723c751e8b465ee728b)  -> (artifact id: 'd4f4bec4fbf9de5a8501a6354af7d265') in 0.010781 seconds
Number of updated asset objects reloaded before import = 0
Number of asset objects unloaded after import = 2
========================================================================
Received Prepare
Begin MonoManager ReloadAssembly
- Loaded All Assemblies, in  0.294 seconds
Refreshing native plugins compatible for Editor in 1.62 ms, found 3 plugins.
Native extension for WindowsStandalone target not found
Native extension for WebGL target not found
[Package Manager] Server::EnsureServerProcessIsRunning -- launch failed, reason: Unity was launched with the -noUpm command-line argument
[Package Manager] UpmClient::Send -- Unable to send message (not connected to UPM process).
[Package Manager] Cannot connect to Unity Package Manager local server
Mono: successfully reloaded assembly
- Finished resetting the current domain, in  0.564 seconds
Domain Reload Profiling: 856ms
	BeginReloadAssembly (100ms)
		ExecutionOrderSort (0ms)
		DisableScriptedObjects (2ms)
		BackupInstance (0ms)
		ReleaseScriptingObjects (0ms)
		CreateAndSetChildDomain (21ms)
	RebuildCommonClasses (23ms)
	RebuildNativeTypeToScriptingClass (10ms)
	initialDomainReloadingComplete (20ms)
	LoadAllAssembliesAndSetupDomain (139ms)
		LoadAssemblies (178ms)
		RebuildTransferFunctionScriptingTraits (0ms)
		AnalyzeDomain (13ms)
			TypeCache.Refresh (6ms)
				TypeCache.ScanAssembly (0ms)
			ScanForSourceGeneratedMonoScriptInfo (4ms)
			ResolveRequiredComponents (2ms)
	FinalizeReload (564ms)
		ReleaseScriptCaches (0ms)
		RebuildScriptCaches (0ms)
		SetupLoadedEditorAssemblies (267ms)
			LogAssemblyErrors (0ms)
			InitializePlatformSupportModulesInManaged (5ms)
			SetLoadedEditorAssemblies (2ms)
			RefreshPlugins (0ms)
			BeforeProcessingInitializeOnLoad (35ms)
			ProcessInitializeOnLoadAttributes (204ms)
			ProcessInitializeOnLoadMethodAttributes (15ms)
			AfterProcessingInitializeOnLoad (6ms)
			EditorAssembliesLoaded (0ms)
		ExecutionOrderSort2 (0ms)
		AwakeInstancesAfterBackupRestoration (7ms)
Refreshing native plugins compatible for Editor in 2.76 ms, found 3 plugins.
Preloading 0 native plugins for Editor in 0.00 ms.
Unloading 3093 Unused Serialized files (Serialized files now loaded: 0)
Unloading 31 unused Assets / (0.5 MB). Loaded Objects now: 3606.
Memory consumption went from 133.8 MB to 133.3 MB.
Total: 2.073900 ms (FindLiveObjects: 0.146400 ms CreateObjectMapping: 0.040200 ms MarkObjects: 1.609500 ms  DeleteObjects: 0.276600 ms)

Prepare: number of updated asset objects reloaded= 0
AssetImportParameters requested are different than current active one (requested -> active):
  custom:container-demuxer-ogg: 62fdf1f143b41e24485cea50d1cbac27 -> 
  custom:video-codec-MediaFoundation-h265: 746d11721c4dcdbdad8f713fa42b33f4 -> 
  custom:video-decoder-ogg-theora: a1e56fd34408186e4bbccfd4996cb3dc -> 
  custom:framework-win-MediaFoundation: 216162199b28c13a410421893ffa2e32 -> 
  custom:CustomObjectIndexerAttribute: 6d391050e5a25f67b0a2c618074f2cd9 -> 
  custom:container-demuxer-webm: 4f35f7cbe854078d1ac9338744f61a02 -> 
  custom:container-muxer-webm: aa71ff27fc2769a1b78a27578f13a17b -> 
  custom:video-decoder-webm-vp8: 9c59270c3fd7afecdb556c50c9e8de78 -> 
  custom:SearchIndexIgnoredProperties: e643bd26f0fe6173181afceb89e7c659 -> 
  custom:AudioImporter_EditorPlatform: d09bf68614088b80899f8185d706f6e7 -> 
  custom:video-encoder-webm-vp8: eb34c28f22e8b96e1ab97ce403110664 -> 
  custom:audio-decoder-ogg-vorbis: bf7c407c2cedff20999df2af8eb42d56 -> 
  custom:audio-encoder-webm-vorbis: bf7c407c2cedff20999df2af8eb42d56 -> 
Editor requested this worker to shutdown with reason: Scaling down because of idle timeout
TcpMessagingSession - receive error: operation aborted. errorcode: 995, details: The I/O operation has been aborted because of either a thread exit or an application request.
AssetImportWorker is now disconnected from the server
Process exiting
Exiting without the bug reporter. Application will terminate with return code 0