Using pre-set license
Built from '2022.3/staging' branch; Version is '2022.3.17f1 (4fc78088f837) revision 5228416'; Using compiler version '192829333'; Build Type 'Release'
OS: 'Windows 11  (10.0.22621) 64bit Core' Language: 'en' Physical Memory: 32544 MB
BatchMode: 1, IsHumanControllingUs: 0, StartBugReporterOnCrash: 0, Is64bit: 1, IsPro: 1

COMMAND LINE ARGUMENTS:
C:\Program Files\Unity\Hub\Editor\2022.3.17f1\Editor\Unity.exe
-adb2
-batchMode
-noUpm
-name
AssetImportWorker14
-projectPath
C:/Users/matth/Lumina-Glen
-logFile
Logs/AssetImportWorker14.log
-srvPort
51024
Successfully changed project path to: C:/Users/matth/Lumina-Glen
C:/Users/matth/Lumina-Glen
[UnityMemory] Configuration Parameters - Can be set up in boot.config
    "memorysetup-bucket-allocator-granularity=16"
    "memorysetup-bucket-allocator-bucket-count=8"
    "memorysetup-bucket-allocator-block-size=33554432"
    "memorysetup-bucket-allocator-block-count=8"
    "memorysetup-main-allocator-block-size=16777216"
    "memorysetup-thread-allocator-block-size=16777216"
    "memorysetup-gfx-main-allocator-block-size=16777216"
    "memorysetup-gfx-thread-allocator-block-size=16777216"
    "memorysetup-cache-allocator-block-size=4194304"
    "memorysetup-typetree-allocator-block-size=2097152"
    "memorysetup-profiler-bucket-allocator-granularity=16"
    "memorysetup-profiler-bucket-allocator-bucket-count=8"
    "memorysetup-profiler-bucket-allocator-block-size=33554432"
    "memorysetup-profiler-bucket-allocator-block-count=8"
    "memorysetup-profiler-allocator-block-size=16777216"
    "memorysetup-profiler-editor-allocator-block-size=1048576"
    "memorysetup-temp-allocator-size-main=16777216"
    "memorysetup-job-temp-allocator-block-size=2097152"
    "memorysetup-job-temp-allocator-block-size-background=1048576"
    "memorysetup-job-temp-allocator-reduction-small-platforms=262144"
    "memorysetup-allocator-temp-initial-block-size-main=262144"
    "memorysetup-allocator-temp-initial-block-size-worker=262144"
    "memorysetup-temp-allocator-size-background-worker=32768"
    "memorysetup-temp-allocator-size-job-worker=262144"
    "memorysetup-temp-allocator-size-preload-manager=33554432"
    "memorysetup-temp-allocator-size-nav-mesh-worker=65536"
    "memorysetup-temp-allocator-size-audio-worker=65536"
    "memorysetup-temp-allocator-size-cloud-worker=32768"
    "memorysetup-temp-allocator-size-gi-baking-worker=262144"
    "memorysetup-temp-allocator-size-gfx=262144"
Player connection [35496] Host "[IP] 192.168.56.1 [Port] 0 [Flags] 2 [Guid] 2338629114 [EditorId] 2338629114 [Version] 1048832 [Id] WindowsEditor(7,Pa-Trick) [Debug] 1 [PackageName] WindowsEditor [ProjectName] Editor" joined multi-casting on [225.0.0.222:54997]...

Player connection [35496] Host "[IP] 192.168.56.1 [Port] 0 [Flags] 2 [Guid] 2338629114 [EditorId] 2338629114 [Version] 1048832 [Id] WindowsEditor(7,Pa-Trick) [Debug] 1 [PackageName] WindowsEditor [ProjectName] Editor" joined alternative multi-casting on [225.0.0.222:34997]...

[Physics::Module] Initialized MultithreadedJobDispatcher with 23 workers.
Refreshing native plugins compatible for Editor in 5.43 ms, found 3 plugins.
Preloading 0 native plugins for Editor in 0.00 ms.
Initialize engine version: 2022.3.17f1 (4fc78088f837)
[Subsystems] Discovering subsystems at path C:/Program Files/Unity/Hub/Editor/2022.3.17f1/Editor/Data/Resources/UnitySubsystems
[Subsystems] Discovering subsystems at path C:/Users/matth/Lumina-Glen/Assets
GfxDevice: creating device client; threaded=0; jobified=0
Direct3D:
    Version:  Direct3D 11.0 [level 11.1]
    Renderer: NVIDIA GeForce RTX 3060 (ID=0x2504)
    Vendor:   NVIDIA
    VRAM:     12129 MB
    Driver:   31.0.15.4633
Initialize mono
Mono path[0] = 'C:/Program Files/Unity/Hub/Editor/2022.3.17f1/Editor/Data/Managed'
Mono path[1] = 'C:/Program Files/Unity/Hub/Editor/2022.3.17f1/Editor/Data/MonoBleedingEdge/lib/mono/unityjit-win32'
Mono config path = 'C:/Program Files/Unity/Hub/Editor/2022.3.17f1/Editor/Data/MonoBleedingEdge/etc'
Using monoOptions --debugger-agent=transport=dt_socket,embedding=1,server=y,suspend=n,address=127.0.0.1:56512
Begin MonoManager ReloadAssembly
Registering precompiled unity dll's ...
Register platform support module: C:/Program Files/Unity/Hub/Editor/2022.3.17f1/Editor/Data/PlaybackEngines/WebGLSupport/UnityEditor.WebGL.Extensions.dll
Register platform support module: C:/Program Files/Unity/Hub/Editor/2022.3.17f1/Editor/Data/PlaybackEngines/WindowsStandaloneSupport/UnityEditor.WindowsStandalone.Extensions.dll
Registered in 0.006747 seconds.
- Loaded All Assemblies, in  0.420 seconds
Native extension for WindowsStandalone target not found
Native extension for WebGL target not found
Mono: successfully reloaded assembly
- Finished resetting the current domain, in  0.178 seconds
Domain Reload Profiling: 597ms
	BeginReloadAssembly (184ms)
		ExecutionOrderSort (0ms)
		DisableScriptedObjects (0ms)
		BackupInstance (0ms)
		ReleaseScriptingObjects (0ms)
		CreateAndSetChildDomain (2ms)
	RebuildCommonClasses (35ms)
	RebuildNativeTypeToScriptingClass (7ms)
	initialDomainReloadingComplete (48ms)
	LoadAllAssembliesAndSetupDomain (145ms)
		LoadAssemblies (183ms)
		RebuildTransferFunctionScriptingTraits (0ms)
		AnalyzeDomain (141ms)
			TypeCache.Refresh (140ms)
				TypeCache.ScanAssembly (122ms)
			ScanForSourceGeneratedMonoScriptInfo (0ms)
			ResolveRequiredComponents (1ms)
	FinalizeReload (178ms)
		ReleaseScriptCaches (0ms)
		RebuildScriptCaches (0ms)
		SetupLoadedEditorAssemblies (141ms)
			LogAssemblyErrors (0ms)
			InitializePlatformSupportModulesInManaged (7ms)
			SetLoadedEditorAssemblies (4ms)
			RefreshPlugins (0ms)
			BeforeProcessingInitializeOnLoad (2ms)
			ProcessInitializeOnLoadAttributes (95ms)
			ProcessInitializeOnLoadMethodAttributes (33ms)
			AfterProcessingInitializeOnLoad (0ms)
			EditorAssembliesLoaded (0ms)
		ExecutionOrderSort2 (0ms)
		AwakeInstancesAfterBackupRestoration (0ms)
========================================================================
Worker process is ready to serve import requests
Begin MonoManager ReloadAssembly
- Loaded All Assemblies, in  0.605 seconds
Refreshing native plugins compatible for Editor in 1.59 ms, found 3 plugins.
Native extension for WindowsStandalone target not found
Native extension for WebGL target not found
Package Manager log level set to [2]
[Package Manager] Server::EnsureServerProcessIsRunning -- launch failed, reason: Unity was launched with the -noUpm command-line argument
[Package Manager] UpmClient::Send -- Unable to send message (not connected to UPM process).
[Package Manager] Cannot connect to Unity Package Manager local server
Mono: successfully reloaded assembly
- Finished resetting the current domain, in  0.324 seconds
Domain Reload Profiling: 928ms
	BeginReloadAssembly (93ms)
		ExecutionOrderSort (0ms)
		DisableScriptedObjects (4ms)
		BackupInstance (0ms)
		ReleaseScriptingObjects (0ms)
		CreateAndSetChildDomain (11ms)
	RebuildCommonClasses (30ms)
	RebuildNativeTypeToScriptingClass (7ms)
	initialDomainReloadingComplete (24ms)
	LoadAllAssembliesAndSetupDomain (449ms)
		LoadAssemblies (293ms)
		RebuildTransferFunctionScriptingTraits (0ms)
		AnalyzeDomain (205ms)
			TypeCache.Refresh (185ms)
				TypeCache.ScanAssembly (170ms)
			ScanForSourceGeneratedMonoScriptInfo (16ms)
			ResolveRequiredComponents (3ms)
	FinalizeReload (325ms)
		ReleaseScriptCaches (0ms)
		RebuildScriptCaches (0ms)
		SetupLoadedEditorAssemblies (236ms)
			LogAssemblyErrors (0ms)
			InitializePlatformSupportModulesInManaged (4ms)
			SetLoadedEditorAssemblies (2ms)
			RefreshPlugins (0ms)
			BeforeProcessingInitializeOnLoad (34ms)
			ProcessInitializeOnLoadAttributes (181ms)
			ProcessInitializeOnLoadMethodAttributes (11ms)
			AfterProcessingInitializeOnLoad (4ms)
			EditorAssembliesLoaded (0ms)
		ExecutionOrderSort2 (0ms)
		AwakeInstancesAfterBackupRestoration (4ms)
Launched and connected shader compiler UnityShaderCompiler.exe after 0.05 seconds
Refreshing native plugins compatible for Editor in 2.61 ms, found 3 plugins.
Preloading 0 native plugins for Editor in 0.00 ms.
Unloading 3123 Unused Serialized files (Serialized files now loaded: 0)
Unloading 32 unused Assets / (57.3 KB). Loaded Objects now: 3588.
Memory consumption went from 134.0 MB to 133.9 MB.
Total: 1.811700 ms (FindLiveObjects: 0.134800 ms CreateObjectMapping: 0.044300 ms MarkObjects: 1.560400 ms  DeleteObjects: 0.071400 ms)

AssetImportParameters requested are different than current active one (requested -> active):
  custom:container-demuxer-ogg: 62fdf1f143b41e24485cea50d1cbac27 -> 
  custom:video-codec-MediaFoundation-h265: 746d11721c4dcdbdad8f713fa42b33f4 -> 
  custom:video-decoder-ogg-theora: a1e56fd34408186e4bbccfd4996cb3dc -> 
  custom:framework-win-MediaFoundation: 216162199b28c13a410421893ffa2e32 -> 
  custom:CustomObjectIndexerAttribute: 6d391050e5a25f67b0a2c618074f2cd9 -> 
  custom:container-demuxer-webm: 4f35f7cbe854078d1ac9338744f61a02 -> 
  custom:container-muxer-webm: aa71ff27fc2769a1b78a27578f13a17b -> 
  custom:video-decoder-webm-vp8: 9c59270c3fd7afecdb556c50c9e8de78 -> 
  custom:SearchIndexIgnoredProperties: e643bd26f0fe6173181afceb89e7c659 -> 
  custom:AudioImporter_EditorPlatform: d09bf68614088b80899f8185d706f6e7 -> 
  custom:video-encoder-webm-vp8: eb34c28f22e8b96e1ab97ce403110664 -> 
  custom:audio-decoder-ogg-vorbis: bf7c407c2cedff20999df2af8eb42d56 -> 
  custom:audio-encoder-webm-vorbis: bf7c407c2cedff20999df2af8eb42d56 -> 
========================================================================
Received Import Request.
  Time since last request: 730015.335253 seconds.
  path: Assets/Hovl Studio/Wizard spells pack/Sounds/Lightning_4.wav
  artifactKey: Guid(66831bd5380855b40885a10ffca8bc2b) Importer(815301076,1909f56bfc062723c751e8b465ee728b)
Start importing Assets/Hovl Studio/Wizard spells pack/Sounds/Lightning_4.wav using Guid(66831bd5380855b40885a10ffca8bc2b) Importer(815301076,1909f56bfc062723c751e8b465ee728b)  -> (artifact id: '858f100728f7c24560d20a886f59f6ba') in 0.077315 seconds
Number of updated asset objects reloaded before import = 0
Number of asset objects unloaded after import = 2
========================================================================
Received Import Request.
  Time since last request: 0.000015 seconds.
  path: Assets/Hovl Studio/Wizard spells pack/Sounds/Sword_hit_1.wav
  artifactKey: Guid(70edd085b007c7a42b7829b90b29a9de) Importer(815301076,1909f56bfc062723c751e8b465ee728b)
Start importing Assets/Hovl Studio/Wizard spells pack/Sounds/Sword_hit_1.wav using Guid(70edd085b007c7a42b7829b90b29a9de) Importer(815301076,1909f56bfc062723c751e8b465ee728b)  -> (artifact id: '5de5f0ab585a3e08c89b489ada36ac4e') in 0.018878 seconds
Number of updated asset objects reloaded before import = 0
Number of asset objects unloaded after import = 2
========================================================================
Received Import Request.
  Time since last request: 1.559244 seconds.
  path: Assets/Hovl Studio/Wizard spells pack/Textures/CircleBigMask.png
  artifactKey: Guid(f9b2ffd8221a8584bb0198fe1857f143) Importer(815301076,1909f56bfc062723c751e8b465ee728b)
Start importing Assets/Hovl Studio/Wizard spells pack/Textures/CircleBigMask.png using Guid(f9b2ffd8221a8584bb0198fe1857f143) Importer(815301076,1909f56bfc062723c751e8b465ee728b)  -> (artifact id: '5a8f6e062c17885a498dc44ee805fc41') in 0.029256 seconds
Number of updated asset objects reloaded before import = 0
Number of asset objects unloaded after import = 2
========================================================================
Received Import Request.
  Time since last request: 0.000093 seconds.
  path: Assets/Hovl Studio/Wizard spells pack/Textures/CircleRainbow11.png
  artifactKey: Guid(247d486af215d2941851952d0eba53f0) Importer(815301076,1909f56bfc062723c751e8b465ee728b)
Start importing Assets/Hovl Studio/Wizard spells pack/Textures/CircleRainbow11.png using Guid(247d486af215d2941851952d0eba53f0) Importer(815301076,1909f56bfc062723c751e8b465ee728b)  -> (artifact id: '5351d418e97843e9cfa4914e7955c2b5') in 0.029764 seconds
Number of updated asset objects reloaded before import = 0
Number of asset objects unloaded after import = 2
========================================================================
Received Import Request.
  Time since last request: 0.000013 seconds.
  path: Assets/Hovl Studio/Wizard spells pack/Textures/Crater32.png
  artifactKey: Guid(5883f93cdb933694280040fe72dfb676) Importer(815301076,1909f56bfc062723c751e8b465ee728b)
Start importing Assets/Hovl Studio/Wizard spells pack/Textures/Crater32.png using Guid(5883f93cdb933694280040fe72dfb676) Importer(815301076,1909f56bfc062723c751e8b465ee728b)  -> (artifact id: 'a4e2065a7f6215965c817b6c74fa24aa') in 0.027019 seconds
Number of updated asset objects reloaded before import = 0
Number of asset objects unloaded after import = 2
========================================================================
Received Import Request.
  Time since last request: 0.000013 seconds.
  path: Assets/Hovl Studio/Wizard spells pack/Textures/Flash5.png
  artifactKey: Guid(4923584ea5d520e488b2e00a9b337928) Importer(815301076,1909f56bfc062723c751e8b465ee728b)
Start importing Assets/Hovl Studio/Wizard spells pack/Textures/Flash5.png using Guid(4923584ea5d520e488b2e00a9b337928) Importer(815301076,1909f56bfc062723c751e8b465ee728b)  -> (artifact id: '8a57b5733df894fd82fbd5d92cecdfbf') in 0.026079 seconds
Number of updated asset objects reloaded before import = 0
Number of asset objects unloaded after import = 2
========================================================================
Received Import Request.
  Time since last request: 0.000016 seconds.
  path: Assets/Hovl Studio/Wizard spells pack/Textures/Crater34.png
  artifactKey: Guid(8a128edcb9389e948be5f018e2b0d5cd) Importer(815301076,1909f56bfc062723c751e8b465ee728b)
Start importing Assets/Hovl Studio/Wizard spells pack/Textures/Crater34.png using Guid(8a128edcb9389e948be5f018e2b0d5cd) Importer(815301076,1909f56bfc062723c751e8b465ee728b)  -> (artifact id: '9d9bfd94b346f2cc1c2c59a29e3a0950') in 0.018921 seconds
Number of updated asset objects reloaded before import = 0
Number of asset objects unloaded after import = 2
========================================================================
Received Import Request.
  Time since last request: 0.000010 seconds.
  path: Assets/Hovl Studio/Wizard spells pack/Textures/Dust2.png
  artifactKey: Guid(ed88f036f462da241899fa39a14637ac) Importer(815301076,1909f56bfc062723c751e8b465ee728b)
Start importing Assets/Hovl Studio/Wizard spells pack/Textures/Dust2.png using Guid(ed88f036f462da241899fa39a14637ac) Importer(815301076,1909f56bfc062723c751e8b465ee728b)  -> (artifact id: 'df67b37b32fb528eff67aaefc4624e61') in 0.015037 seconds
Number of updated asset objects reloaded before import = 0
Number of asset objects unloaded after import = 2
========================================================================
Received Import Request.
  Time since last request: 0.000170 seconds.
  path: Assets/Hovl Studio/Wizard spells pack/Textures/Flash21.png
  artifactKey: Guid(6c6076316faf3ec48b1600130510cc09) Importer(815301076,1909f56bfc062723c751e8b465ee728b)
Start importing Assets/Hovl Studio/Wizard spells pack/Textures/Flash21.png using Guid(6c6076316faf3ec48b1600130510cc09) Importer(815301076,1909f56bfc062723c751e8b465ee728b)  -> (artifact id: 'd1c7073a8649626668c548a83c902d4b') in 0.012731 seconds
Number of updated asset objects reloaded before import = 0
Number of asset objects unloaded after import = 2
========================================================================
Received Import Request.
  Time since last request: 0.000012 seconds.
  path: Assets/Hovl Studio/Wizard spells pack/Textures/MagicCircle60.png
  artifactKey: Guid(cdfb582670f4ed74793e352d569dc136) Importer(815301076,1909f56bfc062723c751e8b465ee728b)
Start importing Assets/Hovl Studio/Wizard spells pack/Textures/MagicCircle60.png using Guid(cdfb582670f4ed74793e352d569dc136) Importer(815301076,1909f56bfc062723c751e8b465ee728b)  -> (artifact id: 'adae2603d0bd2abfada2c0bcf0a474e9') in 0.017338 seconds
Number of updated asset objects reloaded before import = 0
Number of asset objects unloaded after import = 2
========================================================================
Received Import Request.
  Time since last request: 0.398417 seconds.
  path: Assets/Hovl Studio/Wizard spells pack/Textures/Noise29.png
  artifactKey: Guid(dd93ece84d407cd44931653f592c0cb4) Importer(815301076,1909f56bfc062723c751e8b465ee728b)
Start importing Assets/Hovl Studio/Wizard spells pack/Textures/Noise29.png using Guid(dd93ece84d407cd44931653f592c0cb4) Importer(815301076,1909f56bfc062723c751e8b465ee728b)  -> (artifact id: '4e642b86a9b3ebbee53c7ea45a266251') in 0.025469 seconds
Number of updated asset objects reloaded before import = 0
Number of asset objects unloaded after import = 2
========================================================================
Received Import Request.
  Time since last request: 0.000024 seconds.
  path: Assets/Hovl Studio/Wizard spells pack/Textures/Noise43.png
  artifactKey: Guid(6701bfb8e762cd54e96d8dc1a763d942) Importer(815301076,1909f56bfc062723c751e8b465ee728b)
Start importing Assets/Hovl Studio/Wizard spells pack/Textures/Noise43.png using Guid(6701bfb8e762cd54e96d8dc1a763d942) Importer(815301076,1909f56bfc062723c751e8b465ee728b)  -> (artifact id: 'c5ea59ba2638e0348724fa781604df7e') in 0.017334 seconds
Number of updated asset objects reloaded before import = 0
Number of asset objects unloaded after import = 2
========================================================================
Received Import Request.
  Time since last request: 0.000053 seconds.
  path: Assets/Hovl Studio/Wizard spells pack/Textures/Noise34.png
  artifactKey: Guid(3f1d4fadb37c37e4488860109d7dce4b) Importer(815301076,1909f56bfc062723c751e8b465ee728b)
Start importing Assets/Hovl Studio/Wizard spells pack/Textures/Noise34.png using Guid(3f1d4fadb37c37e4488860109d7dce4b) Importer(815301076,1909f56bfc062723c751e8b465ee728b)  -> (artifact id: 'd0ed8f6ac08069ada1505674da6eeffd') in 0.015572 seconds
Number of updated asset objects reloaded before import = 0
Number of asset objects unloaded after import = 2
========================================================================
Received Import Request.
  Time since last request: 0.000012 seconds.
  path: Assets/Hovl Studio/Wizard spells pack/Textures/Smoke21.png
  artifactKey: Guid(d06e9498a00104344b97f8294ba40c6c) Importer(815301076,1909f56bfc062723c751e8b465ee728b)
Start importing Assets/Hovl Studio/Wizard spells pack/Textures/Smoke21.png using Guid(d06e9498a00104344b97f8294ba40c6c) Importer(815301076,1909f56bfc062723c751e8b465ee728b)  -> (artifact id: '9159d1870fade4f8144178e6d1b16d4b') in 0.020047 seconds
Number of updated asset objects reloaded before import = 0
Number of asset objects unloaded after import = 2
========================================================================
Received Import Request.
  Time since last request: 0.000039 seconds.
  path: Assets/Hovl Studio/Wizard spells pack/Textures/Waves21.png
  artifactKey: Guid(593a84d3537a8d94a8db032cf167ea36) Importer(815301076,1909f56bfc062723c751e8b465ee728b)
Start importing Assets/Hovl Studio/Wizard spells pack/Textures/Waves21.png using Guid(593a84d3537a8d94a8db032cf167ea36) Importer(815301076,1909f56bfc062723c751e8b465ee728b)  -> (artifact id: 'b0f777195b34ac7ccf7923de4411745b') in 0.014746 seconds
Number of updated asset objects reloaded before import = 0
Number of asset objects unloaded after import = 2
========================================================================
Received Import Request.
  Time since last request: 0.000011 seconds.
  path: Assets/Hovl Studio/Wizard spells pack/Textures/SpriteSheet1.png
  artifactKey: Guid(4da0aca3c3c0d4d4ba04391b89ea7872) Importer(815301076,1909f56bfc062723c751e8b465ee728b)
Start importing Assets/Hovl Studio/Wizard spells pack/Textures/SpriteSheet1.png using Guid(4da0aca3c3c0d4d4ba04391b89ea7872) Importer(815301076,1909f56bfc062723c751e8b465ee728b)  -> (artifact id: 'fe65154b87ce2f2c437494db304ef9a1') in 0.013749 seconds
Number of updated asset objects reloaded before import = 0
Number of asset objects unloaded after import = 2
========================================================================
Received Import Request.
  Time since last request: 0.000011 seconds.
  path: Assets/Hovl Studio/Wizard spells pack/Textures/Trail76.png
  artifactKey: Guid(114a25aa9c17e9146bf30a76e159d007) Importer(815301076,1909f56bfc062723c751e8b465ee728b)
Start importing Assets/Hovl Studio/Wizard spells pack/Textures/Trail76.png using Guid(114a25aa9c17e9146bf30a76e159d007) Importer(815301076,1909f56bfc062723c751e8b465ee728b)  -> (artifact id: 'caf31d2b1083f9ec1486e9fd1aa23d72') in 0.015720 seconds
Number of updated asset objects reloaded before import = 0
Number of asset objects unloaded after import = 2
========================================================================
Received Import Request.
  Time since last request: 12.036429 seconds.
  path: Assets/Hovl Studio/Wizard spells pack/Prefabs/Lightning/ULT Lightning zone.prefab
  artifactKey: Guid(f1daf07642d1e4a47b6dc9e84b413ee7) Importer(815301076,1909f56bfc062723c751e8b465ee728b)
Start importing Assets/Hovl Studio/Wizard spells pack/Prefabs/Lightning/ULT Lightning zone.prefab using Guid(f1daf07642d1e4a47b6dc9e84b413ee7) Importer(815301076,1909f56bfc062723c751e8b465ee728b)  -> (artifact id: '4e5e275dec6fa3a7db1d5701f63ccf8a') in 0.050780 seconds
Number of updated asset objects reloaded before import = 0
Number of asset objects unloaded after import = 70
========================================================================
Received Import Request.
  Time since last request: 5.189070 seconds.
  path: Assets/Hovl Studio/Wizard spells pack/Prefabs/Front attack/SpikeSkill.prefab
  artifactKey: Guid(5eb2ba1960542ab488216a9ba037b0b0) Importer(815301076,1909f56bfc062723c751e8b465ee728b)
Start importing Assets/Hovl Studio/Wizard spells pack/Prefabs/Front attack/SpikeSkill.prefab using Guid(5eb2ba1960542ab488216a9ba037b0b0) Importer(815301076,1909f56bfc062723c751e8b465ee728b)  -> (artifact id: 'c8e7570272c70976bf2ae45db83cdae3') in 0.007786 seconds
Number of updated asset objects reloaded before import = 0
Number of asset objects unloaded after import = 60
========================================================================
Received Import Request.
  Time since last request: 23.612604 seconds.
  path: Assets/GabrielAguiarProductions/Unique_Projectiles_Volume_1/Models/ProjectileCarrot01.fbx
  artifactKey: Guid(a82d250e7f02ff44db36ae14cefe19bd) Importer(815301076,1909f56bfc062723c751e8b465ee728b)
Start importing Assets/GabrielAguiarProductions/Unique_Projectiles_Volume_1/Models/ProjectileCarrot01.fbx using Guid(a82d250e7f02ff44db36ae14cefe19bd) Importer(815301076,1909f56bfc062723c751e8b465ee728b)  -> (artifact id: '26ac3443c8f1df3874e8b1e204564ce3') in 0.031580 seconds
Number of updated asset objects reloaded before import = 0
Number of asset objects unloaded after import = 7
========================================================================
Received Import Request.
  Time since last request: 0.000017 seconds.
  path: Assets/GabrielAguiarProductions/Unique_Projectiles_Volume_1/Models/RingMesh03.fbx
  artifactKey: Guid(843f26d221f804c4a95cd64e4971fece) Importer(815301076,1909f56bfc062723c751e8b465ee728b)
Start importing Assets/GabrielAguiarProductions/Unique_Projectiles_Volume_1/Models/RingMesh03.fbx using Guid(843f26d221f804c4a95cd64e4971fece) Importer(815301076,1909f56bfc062723c751e8b465ee728b)  -> (artifact id: 'c6325fb6b4e2d654b3da9ed838b28ad3') in 0.021228 seconds
Number of updated asset objects reloaded before import = 0
Number of asset objects unloaded after import = 8
========================================================================
Received Import Request.
  Time since last request: 6.235360 seconds.
  path: Assets/GabrielAguiarProductions/Unique_Projectiles_Volume_1/Materials/BeamWhite_ES1.mat
  artifactKey: Guid(7085c0191816afb438c59ec70fa0731c) Importer(815301076,1909f56bfc062723c751e8b465ee728b)
Start importing Assets/GabrielAguiarProductions/Unique_Projectiles_Volume_1/Materials/BeamWhite_ES1.mat using Guid(7085c0191816afb438c59ec70fa0731c) Importer(815301076,1909f56bfc062723c751e8b465ee728b)  -> (artifact id: '790b56b3619e4d4d7ad10ec269e0787a') in 0.055768 seconds
Number of updated asset objects reloaded before import = 0
Number of asset objects unloaded after import = 2
========================================================================
Received Import Request.
  Time since last request: 0.000015 seconds.
  path: Assets/GabrielAguiarProductions/Unique_Projectiles_Volume_1/Materials/Projectile_Carrot.mat
  artifactKey: Guid(7421dcf737a023f46b0eb0fb4a86ee4f) Importer(815301076,1909f56bfc062723c751e8b465ee728b)
Start importing Assets/GabrielAguiarProductions/Unique_Projectiles_Volume_1/Materials/Projectile_Carrot.mat using Guid(7421dcf737a023f46b0eb0fb4a86ee4f) Importer(815301076,1909f56bfc062723c751e8b465ee728b)  -> (artifact id: '414c867ecab73f367574f1555ac6d1b6') in 0.080996 seconds
Number of updated asset objects reloaded before import = 0
Number of asset objects unloaded after import = 2
========================================================================
Received Import Request.
  Time since last request: 0.000013 seconds.
  path: Assets/GabrielAguiarProductions/Unique_Projectiles_Volume_1/Materials/Trail04_AddScrol.mat
  artifactKey: Guid(4434b32ca47899248a13b8c9f1e7b9ef) Importer(815301076,1909f56bfc062723c751e8b465ee728b)
Start importing Assets/GabrielAguiarProductions/Unique_Projectiles_Volume_1/Materials/Trail04_AddScrol.mat using Guid(4434b32ca47899248a13b8c9f1e7b9ef) Importer(815301076,1909f56bfc062723c751e8b465ee728b)  -> (artifact id: 'b4476b54efd30fee83cf5657408de834') in 0.042706 seconds
Number of updated asset objects reloaded before import = 0
Number of asset objects unloaded after import = 6
========================================================================
Received Import Request.
  Time since last request: 14.904893 seconds.
  path: Assets/GabrielAguiarProductions/Unique_Projectiles_Volume_1/Prefabs/Hits/vfx_Hit_BubbleRose.prefab
  artifactKey: Guid(c9ae7365fc258ab4db9a71340a79c243) Importer(815301076,1909f56bfc062723c751e8b465ee728b)
Start importing Assets/GabrielAguiarProductions/Unique_Projectiles_Volume_1/Prefabs/Hits/vfx_Hit_BubbleRose.prefab using Guid(c9ae7365fc258ab4db9a71340a79c243) Importer(815301076,1909f56bfc062723c751e8b465ee728b)  -> (artifact id: '451b51f1d9c5871f6a823659e9765dd4') in 0.078128 seconds
Number of updated asset objects reloaded before import = 0
Number of asset objects unloaded after import = 23
========================================================================
Received Import Request.
  Time since last request: 0.000021 seconds.
  path: Assets/GabrielAguiarProductions/Unique_Projectiles_Volume_1/Prefabs/Hits/vfx_Hit_ElectricPurpleBall.prefab
  artifactKey: Guid(97168fe28b3477b42895c650078ec8ef) Importer(815301076,1909f56bfc062723c751e8b465ee728b)
Start importing Assets/GabrielAguiarProductions/Unique_Projectiles_Volume_1/Prefabs/Hits/vfx_Hit_ElectricPurpleBall.prefab using Guid(97168fe28b3477b42895c650078ec8ef) Importer(815301076,1909f56bfc062723c751e8b465ee728b)  -> (artifact id: '78cfaa911afe21eac41421b9ab8b2712') in 0.053824 seconds
Number of updated asset objects reloaded before import = 0
Number of asset objects unloaded after import = 34
========================================================================
Received Import Request.
  Time since last request: 0.000012 seconds.
  path: Assets/GabrielAguiarProductions/Unique_Projectiles_Volume_1/Prefabs/Hits/vfx_Hit_Carrot.prefab
  artifactKey: Guid(2a592e999e3a2ac40957e5e0fd0ba3b8) Importer(815301076,1909f56bfc062723c751e8b465ee728b)
Start importing Assets/GabrielAguiarProductions/Unique_Projectiles_Volume_1/Prefabs/Hits/vfx_Hit_Carrot.prefab using Guid(2a592e999e3a2ac40957e5e0fd0ba3b8) Importer(815301076,1909f56bfc062723c751e8b465ee728b)  -> (artifact id: '25bc8c94505263cec0b878db9c6b293f') in 0.066981 seconds
Number of updated asset objects reloaded before import = 0
Number of asset objects unloaded after import = 32
========================================================================
Received Import Request.
  Time since last request: 0.000016 seconds.
  path: Assets/GabrielAguiarProductions/Unique_Projectiles_Volume_1/Prefabs/Hits/vfx_Hit_Spell01Violet.prefab
  artifactKey: Guid(166411891e2093f4d925dda5b3574076) Importer(815301076,1909f56bfc062723c751e8b465ee728b)
Start importing Assets/GabrielAguiarProductions/Unique_Projectiles_Volume_1/Prefabs/Hits/vfx_Hit_Spell01Violet.prefab using Guid(166411891e2093f4d925dda5b3574076) Importer(815301076,1909f56bfc062723c751e8b465ee728b)  -> (artifact id: 'cf0801fee3dceb02cefc35fe78629f99') in 0.042634 seconds
Number of updated asset objects reloaded before import = 0
Number of asset objects unloaded after import = 36
========================================================================
Received Import Request.
  Time since last request: 1.553627 seconds.
  path: Assets/GabrielAguiarProductions/Unique_Projectiles_Volume_1/Prefabs/Projectiles/vfx_Projectile_BubbleRose.prefab
  artifactKey: Guid(22d294288012ca446bf50ffb2281ba95) Importer(815301076,1909f56bfc062723c751e8b465ee728b)
Start importing Assets/GabrielAguiarProductions/Unique_Projectiles_Volume_1/Prefabs/Projectiles/vfx_Projectile_BubbleRose.prefab using Guid(22d294288012ca446bf50ffb2281ba95) Importer(815301076,1909f56bfc062723c751e8b465ee728b)  -> (artifact id: 'da11acb237f2ef2afa6150a84677106a') in 0.040882 seconds
Number of updated asset objects reloaded before import = 0
Number of asset objects unloaded after import = 57
========================================================================
Received Import Request.
  Time since last request: 0.000014 seconds.
  path: Assets/GabrielAguiarProductions/Unique_Projectiles_Volume_1/Prefabs/Projectiles/vfx_Projectile_SpinBlue.prefab
  artifactKey: Guid(1220774a6e4cd454aa215fc9dfec7f4a) Importer(815301076,1909f56bfc062723c751e8b465ee728b)
Start importing Assets/GabrielAguiarProductions/Unique_Projectiles_Volume_1/Prefabs/Projectiles/vfx_Projectile_SpinBlue.prefab using Guid(1220774a6e4cd454aa215fc9dfec7f4a) Importer(815301076,1909f56bfc062723c751e8b465ee728b)  -> (artifact id: 'b57f37cee46800294981ad4291e58b55') in 0.030453 seconds
Number of updated asset objects reloaded before import = 0
Number of asset objects unloaded after import = 67
========================================================================
Received Import Request.
  Time since last request: 0.000021 seconds.
  path: Assets/GabrielAguiarProductions/Unique_Projectiles_Volume_1/Prefabs/Projectiles/vfx_Projectile_SpinYellow.prefab
  artifactKey: Guid(413b180ebab02d349a31789fab789ef6) Importer(815301076,1909f56bfc062723c751e8b465ee728b)
Start importing Assets/GabrielAguiarProductions/Unique_Projectiles_Volume_1/Prefabs/Projectiles/vfx_Projectile_SpinYellow.prefab using Guid(413b180ebab02d349a31789fab789ef6) Importer(815301076,1909f56bfc062723c751e8b465ee728b)  -> (artifact id: '10d81944a60b2bca242fb6a7a9c5a63c') in 0.034171 seconds
Number of updated asset objects reloaded before import = 0
Number of asset objects unloaded after import = 64
========================================================================
Received Import Request.
  Time since last request: 0.000034 seconds.
  path: Assets/GabrielAguiarProductions/Unique_Projectiles_Volume_1/Prefabs/Projectiles/vfx_Projectile_ElectricPurpleBall.prefab
  artifactKey: Guid(c2b318905b842b34fbcd30056dc06ee0) Importer(815301076,1909f56bfc062723c751e8b465ee728b)
Start importing Assets/GabrielAguiarProductions/Unique_Projectiles_Volume_1/Prefabs/Projectiles/vfx_Projectile_ElectricPurpleBall.prefab using Guid(c2b318905b842b34fbcd30056dc06ee0) Importer(815301076,1909f56bfc062723c751e8b465ee728b)  -> (artifact id: 'a9e8caeb0d996cf47cfd00bf675014d2') in 0.044227 seconds
Number of updated asset objects reloaded before import = 0
Number of asset objects unloaded after import = 80
========================================================================
Received Import Request.
  Time since last request: 0.000030 seconds.
  path: Assets/GabrielAguiarProductions/Unique_Projectiles_Volume_1/Prefabs/Projectiles/vfx_Projectile_Spell02Blue.prefab
  artifactKey: Guid(d914bf125c123ec4994f1988475d0aad) Importer(815301076,1909f56bfc062723c751e8b465ee728b)
Start importing Assets/GabrielAguiarProductions/Unique_Projectiles_Volume_1/Prefabs/Projectiles/vfx_Projectile_Spell02Blue.prefab using Guid(d914bf125c123ec4994f1988475d0aad) Importer(815301076,1909f56bfc062723c751e8b465ee728b)  -> (artifact id: '3381efd807ea0bc7f7b390dba0f13ce0') in 0.089929 seconds
Number of updated asset objects reloaded before import = 0
Number of asset objects unloaded after import = 87
Editor requested this worker to shutdown with reason: Scaling down because of idle timeout
TcpMessagingSession - receive error: operation aborted. errorcode: 995, details: The I/O operation has been aborted because of either a thread exit or an application request.
AssetImportWorker is now disconnected from the server
Process exiting
Exiting without the bug reporter. Application will terminate with return code 0