Unity Editor version:    2022.3.17f1 (4fc78088f837)
Branch:                  2022.3/staging
Build type:              Release
Batch mode:              YES
macOS version:           Version 14.1.2 (Build 23B92)
Darwin version:          23.1.0
Architecture:            arm64
Running under Rosetta:   NO
Available memory:        16384 MB
Using pre-set license
Pro License: YES

COMMAND LINE ARGUMENTS:
/Applications/Unity/Hub/Editor/2022.3.17f1/Unity.app/Contents/MacOS/Unity
-adb2
-batchMode
-noUpm
-name
AssetImportWorker1
-projectPath
/Users/jlam/Documents/GitHub/Lumina-Glen-UPDATE
-logFile
Logs/AssetImportWorker1.log
-srvPort
60197
Successfully changed project path to: /Users/jlam/Documents/GitHub/Lumina-Glen-UPDATE
/Users/jlam/Documents/GitHub/Lumina-Glen-UPDATE
[UnityMemory] Configuration Parameters - Can be set up in boot.config
    "memorysetup-bucket-allocator-granularity=16"
    "memorysetup-bucket-allocator-bucket-count=8"
    "memorysetup-bucket-allocator-block-size=33554432"
    "memorysetup-bucket-allocator-block-count=8"
    "memorysetup-main-allocator-block-size=16777216"
    "memorysetup-thread-allocator-block-size=16777216"
    "memorysetup-gfx-main-allocator-block-size=16777216"
    "memorysetup-gfx-thread-allocator-block-size=16777216"
    "memorysetup-cache-allocator-block-size=4194304"
    "memorysetup-typetree-allocator-block-size=2097152"
    "memorysetup-profiler-bucket-allocator-granularity=16"
    "memorysetup-profiler-bucket-allocator-bucket-count=8"
    "memorysetup-profiler-bucket-allocator-block-size=33554432"
    "memorysetup-profiler-bucket-allocator-block-count=8"
    "memorysetup-profiler-allocator-block-size=16777216"
    "memorysetup-profiler-editor-allocator-block-size=1048576"
    "memorysetup-temp-allocator-size-main=16777216"
    "memorysetup-job-temp-allocator-block-size=2097152"
    "memorysetup-job-temp-allocator-block-size-background=1048576"
    "memorysetup-job-temp-allocator-reduction-small-platforms=262144"
    "memorysetup-allocator-temp-initial-block-size-main=262144"
    "memorysetup-allocator-temp-initial-block-size-worker=262144"
    "memorysetup-temp-allocator-size-background-worker=32768"
    "memorysetup-temp-allocator-size-job-worker=262144"
    "memorysetup-temp-allocator-size-preload-manager=33554432"
    "memorysetup-temp-allocator-size-nav-mesh-worker=65536"
    "memorysetup-temp-allocator-size-audio-worker=65536"
    "memorysetup-temp-allocator-size-cloud-worker=32768"
    "memorysetup-temp-allocator-size-gi-baking-worker=262144"
    "memorysetup-temp-allocator-size-gfx=262144"
Player connection [7989550784] Host "[IP] 10.0.0.92 [Port] 0 [Flags] 2 [Guid] 1937989096 [EditorId] 1937989096 [Version] 1048832 [Id] OSXEditor(0,Julies-MacBook-Pro.local) [Debug] 1 [PackageName] OSXEditor [ProjectName] Editor" joined multi-casting on [225.0.0.222:54997]...

Player connection [7989550784] Host "[IP] 10.0.0.92 [Port] 0 [Flags] 2 [Guid] 1937989096 [EditorId] 1937989096 [Version] 1048832 [Id] OSXEditor(0,Julies-MacBook-Pro.local) [Debug] 1 [PackageName] OSXEditor [ProjectName] Editor" joined alternative multi-casting on [225.0.0.222:34997]...

[Physics::Module] Initialized MultithreadedJobDispatcher with 7 workers.
Refreshing native plugins compatible for Editor in 7.59 ms, found 2 plugins.
Preloading 0 native plugins for Editor in 0.00 ms.
Initialize engine version: 2022.3.17f1 (4fc78088f837)
[Subsystems] Discovering subsystems at path /Applications/Unity/Hub/Editor/2022.3.17f1/Unity.app/Contents/Resources/UnitySubsystems
[Subsystems] Discovering subsystems at path /Users/jlam/Documents/GitHub/Lumina-Glen-UPDATE/Assets
GfxDevice: creating device client; threaded=0; jobified=0
 preferred device: Apple M1 (high power)
Metal devices available: 1
0: Apple M1 (high power)
Using device Apple M1 (high power)
Initializing Metal device caps: Apple M1
Initialize mono
Mono path[0] = '/Applications/Unity/Hub/Editor/2022.3.17f1/Unity.app/Contents/Managed'
Mono path[1] = '/Applications/Unity/Hub/Editor/2022.3.17f1/Unity.app/Contents/MonoBleedingEdge/lib/mono/unityjit-macos'
Mono config path = '/Applications/Unity/Hub/Editor/2022.3.17f1/Unity.app/Contents/MonoBleedingEdge/etc'
Using monoOptions --debugger-agent=transport=dt_socket,embedding=1,server=y,suspend=n,address=127.0.0.1:56200
Begin MonoManager ReloadAssembly
Registering precompiled unity dll's ...
Register platform support module: /Applications/Unity/Hub/Editor/2022.3.17f1/PlaybackEngines/WebGLSupport/UnityEditor.WebGL.Extensions.dll
Register platform support module: /Applications/Unity/Hub/Editor/2022.3.17f1/Unity.app/Contents/PlaybackEngines/MacStandaloneSupport/UnityEditor.OSXStandalone.Extensions.dll
Registered in 0.001070 seconds.
- Loaded All Assemblies, in  0.339 seconds
Native extension for OSXStandalone target not found
Native extension for WebGL target not found
Mono: successfully reloaded assembly
- Finished resetting the current domain, in  0.189 seconds
Domain Reload Profiling: 528ms
	BeginReloadAssembly (128ms)
		ExecutionOrderSort (0ms)
		DisableScriptedObjects (0ms)
		BackupInstance (0ms)
		ReleaseScriptingObjects (0ms)
		CreateAndSetChildDomain (1ms)
	RebuildCommonClasses (29ms)
	RebuildNativeTypeToScriptingClass (10ms)
	initialDomainReloadingComplete (41ms)
	LoadAllAssembliesAndSetupDomain (131ms)
		LoadAssemblies (127ms)
		RebuildTransferFunctionScriptingTraits (0ms)
		AnalyzeDomain (130ms)
			TypeCache.Refresh (128ms)
				TypeCache.ScanAssembly (112ms)
			ScanForSourceGeneratedMonoScriptInfo (0ms)
			ResolveRequiredComponents (1ms)
	FinalizeReload (189ms)
		ReleaseScriptCaches (0ms)
		RebuildScriptCaches (0ms)
		SetupLoadedEditorAssemblies (143ms)
			LogAssemblyErrors (0ms)
			InitializePlatformSupportModulesInManaged (5ms)
			SetLoadedEditorAssemblies (5ms)
			RefreshPlugins (0ms)
			BeforeProcessingInitializeOnLoad (1ms)
			ProcessInitializeOnLoadAttributes (101ms)
			ProcessInitializeOnLoadMethodAttributes (31ms)
			AfterProcessingInitializeOnLoad (0ms)
			EditorAssembliesLoaded (0ms)
		ExecutionOrderSort2 (0ms)
		AwakeInstancesAfterBackupRestoration (0ms)
========================================================================
Worker process is ready to serve import requests
Begin MonoManager ReloadAssembly
- Loaded All Assemblies, in  0.663 seconds
Refreshing native plugins compatible for Editor in 1.85 ms, found 2 plugins.
Native extension for OSXStandalone target not found
Native extension for WebGL target not found
Package Manager log level set to [2]
[Package Manager] Server::EnsureServerProcessIsRunning -- launch failed, reason: Unity was launched with the -noUpm command-line argument
[Package Manager] UpmClient::Send -- Unable to send message (not connected to UPM process).
[Package Manager] Cannot connect to Unity Package Manager local server
Mono: successfully reloaded assembly
- Finished resetting the current domain, in  0.510 seconds
Domain Reload Profiling: 1176ms
	BeginReloadAssembly (224ms)
		ExecutionOrderSort (0ms)
		DisableScriptedObjects (5ms)
		BackupInstance (0ms)
		ReleaseScriptingObjects (0ms)
		CreateAndSetChildDomain (137ms)
	RebuildCommonClasses (27ms)
	RebuildNativeTypeToScriptingClass (14ms)
	initialDomainReloadingComplete (30ms)
	LoadAllAssembliesAndSetupDomain (369ms)
		LoadAssemblies (234ms)
		RebuildTransferFunctionScriptingTraits (0ms)
		AnalyzeDomain (178ms)
			TypeCache.Refresh (167ms)
				TypeCache.ScanAssembly (150ms)
			ScanForSourceGeneratedMonoScriptInfo (8ms)
			ResolveRequiredComponents (3ms)
	FinalizeReload (511ms)
		ReleaseScriptCaches (0ms)
		RebuildScriptCaches (0ms)
		SetupLoadedEditorAssemblies (372ms)
			LogAssemblyErrors (0ms)
			InitializePlatformSupportModulesInManaged (3ms)
			SetLoadedEditorAssemblies (5ms)
			RefreshPlugins (0ms)
			BeforeProcessingInitializeOnLoad (45ms)
			ProcessInitializeOnLoadAttributes (302ms)
			ProcessInitializeOnLoadMethodAttributes (16ms)
			AfterProcessingInitializeOnLoad (1ms)
			EditorAssembliesLoaded (0ms)
		ExecutionOrderSort2 (0ms)
		AwakeInstancesAfterBackupRestoration (3ms)
Launching external process: /Applications/Unity/Hub/Editor/2022.3.17f1/Unity.app/Contents/Tools/UnityShaderCompiler
Launched and connected shader compiler UnityShaderCompiler after 0.36 seconds
Refreshing native plugins compatible for Editor in 0.90 ms, found 2 plugins.
Preloading 0 native plugins for Editor in 0.00 ms.
Unloading 3083 Unused Serialized files (Serialized files now loaded: 0)
Unloading 32 unused Assets / (51.1 KB). Loaded Objects now: 3553.
Memory consumption went from 128.7 MB to 128.6 MB.
Total: 12.786333 ms (FindLiveObjects: 0.289375 ms CreateObjectMapping: 0.047791 ms MarkObjects: 12.344000 ms  DeleteObjects: 0.102125 ms)

AssetImportParameters requested are different than current active one (requested -> active):
  custom:scripting/monoscript/fileName/SpellCastingController.cs: 3f45b236ffec61d5dd210c0c32ffba95 -> 
  custom:scripting/monoscript/fileName/WindowManagerEditor.cs: a888a6696f244ede065b48841c898efd -> 
  custom:scripting/monoscript/fileName/DropdownMultiSelect.cs: 9a0b5f7ad1f8c0edc27347ac141a1dce -> 
  custom:scripting/monoscript/fileName/SkewTextExample.cs: c142d02d70a129e0533975f7c2f96956 -> 
  custom:scripting/monoscript/fileName/ParticleSystemController.cs: 11736399c9bbd8b427c50134f214156a -> 
  custom:scripting/monoscript/fileName/DemoTopButton.cs: 2eb9ae850a4588393c969c945b158052 -> 
  custom:container-demuxer-ogg: 62fdf1f143b41e24485cea50d1cbac27 -> 
  custom:scripting/monoscript/fileName/NotificationManagerEditor.cs: 44449e23b8027893b9bc64c6c7400512 -> 
  custom:scripting/monoscript/fileName/TMP_TextEventHandler.cs: f5cd9d5a43bfefc8f4fec80e6de896a4 -> 
  custom:scripting/monoscript/fileName/TextMeshProFloatingText.cs: 92608fa4a6315cd0786d82205e77b697 -> 
  custom:scripting/monoscript/fileName/GameManager.cs: 9933fbcc6190e2a9171c2ec8808a053e -> 
  custom:scripting/monoscript/fileName/VertexZoom.cs: 650ab1e81d40126e3edcf737cce646e4 -> 
  custom:scripting/monoscript/fileName/UIManagerAnimatedIcon.cs: a84a3f0263cc00053c544a4f199ee62e -> 
  custom:scripting/monoscript/fileName/ButtonManagerBasicWithIcon.cs: c7f974db26c8b782d0e1d507461dffe8 -> 
  custom:scripting/monoscript/fileName/VertexShakeA.cs: 63ec564c588058369499638dd899e05b -> 
  custom:scripting/monoscript/fileName/ProjectileMoveScript.cs: 24d7c5d269caf39147fdfcab39851628 -> 
  custom:scripting/monoscript/fileName/TMP_ExampleScript_01.cs: a9d4be556104ff54e7d240529b3e01dc -> 
  custom:scripting/monoscript/fileName/UIManagerSlider.cs: 1fb5ff98b6b481e2a4ef1ad15718e7d9 -> 
  custom:scripting/monoscript/fileName/UIManagerHSelector.cs: aeb9eb97fd0f4e4a6400ffb81c36e202 -> 
  custom:video-decoder-ogg-theora: a1e56fd34408186e4bbccfd4996cb3dc -> 
  custom:scripting/monoscript/fileName/TMP_TextEventCheck.cs: 13505d917eab5868c435e0c2986dadfa -> 
  custom:scripting/monoscript/fileName/TMP_TextSelector_B.cs: ba2be21a7486d37b1011342977a2e49d -> 
  custom:scripting/monoscript/fileName/Benchmark01.cs: 2d3e2cd961730ab95f139a49a673bace -> 
  custom:scripting/monoscript/fileName/SliderManagerEditor.cs: a51a34b88977f59dbae569b13eb9a2a0 -> 
  custom:scripting/monoscript/fileName/ButtonManagerBasicIconEditor.cs: 5483e871f86730483bcdd14b3d6d542f -> 
  custom:scripting/monoscript/fileName/ButtonManagerBasicEditor.cs: a8e0c049a1e319337e7fd804e53626fb -> 
  custom:scripting/monoscript/fileName/InventoryUI.cs: a51eed18ec49e69d87a737edf5ea607f -> 
  custom:scripting/monoscript/fileName/EnemyAi.cs: 1c7bd2786fe87b8f2999cb84aaf576aa -> 
  custom:scripting/monoscript/fileName/EnemyHealth.cs: a4d027726692f4f1a1dc379aafbb87e2 -> 
  custom:scripting/monoscript/fileName/Benchmark02.cs: 5640963252ce70910e726415f869ced6 -> 
  custom:scripting/monoscript/fileName/ButtonManagerBasicIcon.cs: 3765009613dd0c8180bebaa99b33e778 -> 
  custom:scripting/monoscript/fileName/PlayerController.cs: d93a52a180fbbe603a59e9aa6da73c83 -> 
  custom:scripting/monoscript/fileName/DropdownSample.cs: 0a92251794e5f10400149f96c3c59e5d -> 
  custom:scripting/monoscript/fileName/ProgressBar.cs: f8acc07053b642bc1aef9c1362a0f37b -> 
  custom:scripting/monoscript/fileName/WarpTextExample.cs: 2663459c266363641981c7d17b698d7f -> 
  custom:scripting/monoscript/fileName/ButtonManagerEditor.cs: b30886c9ca96f12fc14453ba20d91e7f -> 
  custom:CustomObjectIndexerAttribute: 6d391050e5a25f67b0a2c618074f2cd9 -> 
  custom:scripting/monoscript/fileName/UIManagerNotification.cs: ffb525e708e7535f503f3197bd1aed54 -> 
  custom:scripting/monoscript/fileName/ButtonManagerBasic.cs: b0f181de891e8300978442ed4a42a8a3 -> 
  custom:scripting/monoscript/fileName/UIManagerProgressBar.cs: 29aef0acbb7a8544aa61c811bc87dd69 -> 
  custom:scripting/monoscript/fileName/DemoListShadow.cs: 08410e7bd5d23f8273d027e4bbdbc1c8 -> 
  custom:scripting/monoscript/fileName/UIManager.cs: 88f234de7cf798b1eed4c19defe6d8ff -> 
  custom:scripting/monoscript/fileName/AnimationScript.cs: 47818666ae55f1489ebc79a61732b352 -> 
  custom:scripting/monoscript/fileName/Inventory.cs: d078795b7125c8d5b747e156a3e12651 -> 
  custom:container-demuxer-webm: 4f35f7cbe854078d1ac9338744f61a02 -> 
  custom:scripting/monoscript/fileName/ProgressBarEditor.cs: 11a67418d268827b2628563a478e5430 -> 
  custom:scripting/monoscript/fileName/ChatController.cs: 876d5ccae6e345dd5d9450eb0a748f16 -> 
  custom:scripting/monoscript/fileName/RangeMinSlider.cs: 10897a8f144d0097a90a7ea6148051fb -> 
  custom:scripting/monoscript/fileName/AbstractTargetFollower.cs: bd8be3102d90dc7625e90c699b9ce143 -> 
  custom:scripting/monoscript/fileName/ParticleSystemControllerEditor.cs: 879cf83ee5f371dd46af28e6e8d5d035 -> 
  custom:scripting/monoscript/fileName/TextMeshSpawner.cs: 76f28e2ddb031571e6ec62b018f65fa8 -> 
  custom:scripting/monoscript/fileName/UIManagerToggle.cs: c553cf7557b91ac8a7fde3e67b771e89 -> 
  custom:scripting/monoscript/fileName/UIGradient.cs: 1e5cd175d1a1acdcd25f04a48ee08323 -> 
  custom:scripting/monoscript/fileName/TeleType.cs: 31fa97821c4c70f157ec81d507aa6b62 -> 
  custom:scripting/monoscript/fileName/ButtonManagerIconEditor.cs: 7e17b6b3155ad8236301fee6ff15a6d3 -> 
  custom:scripting/monoscript/fileName/Benchmark04.cs: 32220b148620e52aa81c13a114862bf4 -> 
  custom:scripting/monoscript/fileName/AnimatedIconHandler.cs: 18e2d92ffab9e71fc67aa87d19eae369 -> 
  custom:scripting/monoscript/fileName/PivotBasedCameraRig.cs: 78e2e6573322fcc55af450266306de6e -> 
  custom:scripting/monoscript/fileName/WindowManager.cs: 4b888362ba2a7ee1995586632232d81d -> 
  custom:scripting/monoscript/fileName/LaunchURL.cs: 5de580de8ee60e52346a747f36c115a1 -> 
  custom:container-muxer-webm: aa71ff27fc2769a1b78a27578f13a17b -> 
  custom:scripting/monoscript/fileName/UIManagerSwitch.cs: 000941517e97821f033784a6181ee1bf -> 
  custom:scripting/monoscript/fileName/ModalWindowManager.cs: 8d51b5cfe6fbbc811d3e9b0f9cb01110 -> 
  custom:scripting/monoscript/fileName/CollectibleScript.cs: 8b894b62f34d381f723b52c8035aae84 -> 
  custom:video-decoder-webm-vp8: 9c59270c3fd7afecdb556c50c9e8de78 -> 
  custom:scripting/monoscript/fileName/TMP_PhoneNumberValidator.cs: 7c3049f481e464c6a9a15dee56c3126f -> 
  custom:scripting/monoscript/fileName/CustomInputField.cs: 9a05deb31119afe2f185fddf65163b0b -> 
  custom:scripting/monoscript/fileName/EnemyBounceTowardsPlayer.cs: 42fbf07fa59c61b95301e69bbd12d396 -> 
  custom:SearchIndexIgnoredProperties: e643bd26f0fe6173181afceb89e7c659 -> 
  custom:AudioImporter_EditorPlatform: 3918e3fc78b5a79bad01e8451be0beb8 -> 
  custom:scripting/monoscript/fileName/EnvMapAnimator.cs: 1b4f61c17e4b7283c3ac351aacff9d26 -> 
  custom:scripting/monoscript/fileName/UIManagerTooltip.cs: 06518b2b87b7bdb0d363d5826d401cbd -> 
  custom:scripting/monoscript/fileName/ShaderPropAnimator.cs: 55ce425812446482e623ff2695c94cb2 -> 
  custom:scripting/monoscript/fileName/UIManagerSliderEditor.cs: d32ac97091a8fc064a1207b4de8fc405 -> 
  custom:scripting/monoscript/fileName/RangeMaxSlider.cs: 72a793fe43130a20f9a8f186ea5ce278 -> 
  custom:scripting/monoscript/fileName/StatusEffectsPreview.cs: fa9b8c9313f9ee3c2fb5e59a97cf9782 -> 
  custom:scripting/monoscript/fileName/RangeSlider.cs: eba300a92860d133d9adb75ff922ed3f -> 
  custom:scripting/monoscript/fileName/PlayerHealth.cs: 49f415306e52895faa0b0a35d62e54a1 -> 
  custom:scripting/monoscript/fileName/WindowDragger.cs: aac5c262f60ffa285b6acdd3fb53e93e -> 
  custom:scripting/monoscript/fileName/SimpleScript.cs: 454caab0c6c050f29b39d82e1d66d0fa -> 
  custom:scripting/monoscript/fileName/UIManagerEditor.cs: d1b79d18b962c456d66aff233400f62e -> 
  custom:scripting/monoscript/fileName/LayoutGroupPositionFix.cs: 68b3e18623f19167f3ff9b7fc4f6df91 -> 
  custom:scripting/monoscript/fileName/UIManagerProgressBarLoopEditor.cs: 3a95dc1bb3c9b8ec2efd7a77893b893b -> 
  custom:scripting/monoscript/fileName/ObjectSpin.cs: 2b96bb2079dd7fa5108d981627a28e1e -> 
  custom:scripting/monoscript/fileName/UIManagerButton.cs: 5a8a5bf94cf37e77b98f22f849502c41 -> 
  custom:scripting/monoscript/fileName/Face.cs: 0200cea91d58b5798211842e5901fb05 -> 
  custom:scripting/monoscript/fileName/NotificationManager.cs: 2cfd19917c163dee861f6314d0eaf8ea -> 
  custom:scripting/monoscript/fileName/ButtonManager.cs: 037666f875f6bf785cb25bf9e7c6197e -> 
  custom:scripting/monoscript/fileName/RadialSliderEditor.cs: fe31df22b62fcde3984ccdc75569db93 -> 
  custom:scripting/monoscript/fileName/CameraController.cs: 34b6be4e23ce86dc89786916c5983296 -> 
  custom:scripting/monoscript/fileName/ButtonManagerBasicWithIconEditor.cs: 843d1fbfd363b657e0a29cb72a288a66 -> 
  custom:scripting/monoscript/fileName/UIManagerButtonEditor.cs: 5f522983799d91dc0fb6b91798fbb712 -> 
  custom:scripting/monoscript/fileName/ExtendedColorPicker.cs: 5ce98ed983eed883b452131450104f6b -> 
  custom:scripting/monoscript/fileName/TMP_TextInfoDebugTool.cs: 3f1709cfb2cc628169113a35b5e9be3f -> 
  custom:scripting/monoscript/fileName/MouseLook.cs: 02bafd22af827e561c2131ae88bbd075 -> 
  custom:scripting/monoscript/fileName/TooltipManagerEditor.cs: f734b2f4a29c1259bb2c9b4a090e4a79 -> 
  custom:scripting/monoscript/fileName/ButtonManagerIcon.cs: ef8e0fbe648be003dc2d746aa8d835ea -> 
  custom:framework-osx-AVFoundation: e770b220cccbd017edd2c1fefb359320 -> 
  custom:scripting/monoscript/fileName/Serializables.cs: 88199d811dee86bd3d5199094c68fff4 -> 
  custom:scripting/monoscript/fileName/CustomDropdown.cs: bce257908f15dc4d5a922005ccbdab4b -> 
  custom:scripting/monoscript/fileName/SaveParticleSystemScript.cs: 2063b1b3998909fedaafc33082f13d41 -> 
  custom:scripting/monoscript/fileName/TooltipManager.cs: 3e6c0855e38a3ca6829629b0ede5bb42 -> 
  custom:scripting/monoscript/fileName/UIElementInFront.cs: 917644102ef6c173e7bbf521e3a0ff6e -> 
  custom:scripting/monoscript/fileName/UIManagerInputField.cs: e3e71caf22eb5a71ac98d845f3f7fce3 -> 
  custom:scripting/monoscript/fileName/RadialSlider.cs: b4c8942e613a7e87accab042a7ee2c77 -> 
  custom:scripting/monoscript/fileName/CustomDropdownEditor.cs: 396bf31077888c540696b2fa46461cd5 -> 
  custom:scripting/monoscript/fileName/TMP_TextSelector_A.cs: 347309a09d56e367b188a6978f75b424 -> 
  custom:video-encoder-webm-vp8: eb34c28f22e8b96e1ab97ce403110664 -> 
  custom:scripting/monoscript/fileName/CameraShakeSimpleScript.cs: 9e6cf9d2f5868197e963012155f99f5b -> 
  custom:scripting/monoscript/fileName/ButtonManagerWithIconEditor.cs: 65b266c2b2605523ad44c4a13d889575 -> 
  custom:scripting/monoscript/fileName/HorizontalSelector.cs: c37ded6bb17003bc17aa1f7ef4d3b55f -> 
  custom:audio-decoder-ogg-vorbis: bf7c407c2cedff20999df2af8eb42d56 -> 
  custom:scripting/monoscript/fileName/PLayerMovement.cs: 42480eed24e61f9d7e7e895933644f96 -> 
  custom:scripting/monoscript/fileName/VertexJitter.cs: d27eb5498e48714a66aece98da065133 -> 
  custom:scripting/monoscript/fileName/RotateToMouseScript.cs: 4f41f2796a41958d10418df337ef13c9 -> 
  custom:scripting/monoscript/fileName/UIGradientEditor.cs: 24fc8a34993aca58f39582d955b12837 -> 
  custom:scripting/monoscript/fileName/ButtonManagerWithIcon.cs: 9a23fdc5fa76d3e2f57a1778b5959fff -> 
  custom:scripting/monoscript/fileName/TooltipContent.cs: 55aa4b4b55685df0713e2e68e375f32f -> 
  custom:scripting/monoscript/fileName/UIManagerProgressBarLoop.cs: 07791d988f7649af4121d63d8a4c447e -> 
  custom:scripting/monoscript/fileName/DropdownMultiSelectEditor.cs: 4e9d3de360db906bb00cbb20b5c7ab01 -> 
  custom:scripting/monoscript/fileName/TextConsoleSimulator.cs: 33fc311abb20b5b0ed8f00e4d86b574e -> 
  custom:scripting/monoscript/fileName/PBFilled.cs: 60463de103a29972d5a43369d18904cd -> 
  custom:scripting/monoscript/fileName/VertexColorCycler.cs: 5f984ca91cf3609293aecc6bc5641572 -> 
  custom:scripting/monoscript/fileName/TMP_FrameRateCounter.cs: 46f655df8cb483ac5958307137b1585a -> 
  custom:scripting/monoscript/fileName/VertexShakeB.cs: a6f78c4fcda1a29a1a1c1baefedba9e7 -> 
  custom:scripting/monoscript/fileName/Item.cs: edfd25bbe8f561e55c7415f9c3adacfe -> 
  custom:scripting/monoscript/fileName/TMP_UiFrameRateCounter.cs: b01021aea19247f14a98ab338907956a -> 
  custom:scripting/monoscript/fileName/ModalWindowManagerEditor.cs: f7fadbf5f23dd2b9adfad2b94be9eae2 -> 
  custom:scripting/monoscript/fileName/SliderManager.cs: 6eb10393c0094c1c1517094abba91a3b -> 
  custom:scripting/monoscript/fileName/Demo.cs: 0b7a92f05528653df5e52544de74f590 -> 
  custom:scripting/monoscript/fileName/SpawnProjectilesScript.cs: 1a76547e2609106d837c5a5ce55f4255 -> 
  custom:scripting/monoscript/fileName/InitMUIP.cs: 93f1a6f5264a5b9ba829fcb1f04e2e22 -> 
  custom:scripting/monoscript/fileName/TMPro_InstructionOverlay.cs: b626d2270e6ebd5c4311585c18b58d8d -> 
  custom:scripting/monoscript/fileName/TMP_DigitValidator.cs: ac02af96215ae3951a3cce9e1a8c6085 -> 
  custom:scripting/monoscript/fileName/FreeLookCam.cs: ec7e447c8320099965c5f3bd81473d66 -> 
  custom:scripting/monoscript/fileName/SwitchManager.cs: 75a86d71df61f4b8082cdcc5f21ac72c -> 
  custom:audio-encoder-webm-vorbis: bf7c407c2cedff20999df2af8eb42d56 -> 
  custom:scripting/monoscript/fileName/UIManagerModalWindow.cs: 95c294888ba3693c7f01b79702b72ecc -> 
  custom:scripting/monoscript/fileName/UIManagerDropdown.cs: 00cc851488f29be9adcbef5ac2f0711f -> 
  custom:scripting/monoscript/fileName/SwitchManagerEditor.cs: a6fd7eb1c50c5d203d98e7148805f305 -> 
  custom:scripting/monoscript/fileName/Benchmark01_UGUI.cs: 6148cfe2627b7708298f301788144139 -> 
  custom:scripting/monoscript/fileName/SpellCard.cs: 521d1519b33c9329601619340fa72416 -> 
  custom:scripting/monoscript/fileName/ToggleAnim.cs: 72f6617e4a1e6a6e6ecd35f0e2049035 -> 
  custom:scripting/monoscript/fileName/ModalWindowTabs.cs: 7c759e4b3220d6229f540f82055a005c -> 
  custom:scripting/monoscript/fileName/Benchmark03.cs: 17cc87e0529ac71d909a946afb47a274 -> 
  custom:scripting/monoscript/fileName/ContextMenu.cs: 45659982c4d30cfc77154775f006dc31 -> 
  custom:scripting/monoscript/fileName/UIManagerScrollbar.cs: 87011421fc36737c4da96182061a481d -> 
  custom:scripting/monoscript/fileName/HorizontalSelectorEditor.cs: e6727e3b5a017069e745f306c8e3a4df -> 
========================================================================
Received Prepare
Begin MonoManager ReloadAssembly
Thread 0x2a101b000 may have been prematurely finalized
- Loaded All Assemblies, in  0.315 seconds
Refreshing native plugins compatible for Editor in 0.90 ms, found 2 plugins.
Native extension for OSXStandalone target not found
Native extension for WebGL target not found
[Package Manager] Server::EnsureServerProcessIsRunning -- launch failed, reason: Unity was launched with the -noUpm command-line argument
[Package Manager] UpmClient::Send -- Unable to send message (not connected to UPM process).
[Package Manager] Cannot connect to Unity Package Manager local server
Mono: successfully reloaded assembly
- Finished resetting the current domain, in  0.745 seconds
Domain Reload Profiling: 1060ms
	BeginReloadAssembly (102ms)
		ExecutionOrderSort (0ms)
		DisableScriptedObjects (5ms)
		BackupInstance (0ms)
		ReleaseScriptingObjects (0ms)
		CreateAndSetChildDomain (38ms)
	RebuildCommonClasses (23ms)
	RebuildNativeTypeToScriptingClass (8ms)
	initialDomainReloadingComplete (21ms)
	LoadAllAssembliesAndSetupDomain (161ms)
		LoadAssemblies (171ms)
		RebuildTransferFunctionScriptingTraits (0ms)
		AnalyzeDomain (22ms)
			TypeCache.Refresh (12ms)
				TypeCache.ScanAssembly (2ms)
			ScanForSourceGeneratedMonoScriptInfo (5ms)
			ResolveRequiredComponents (4ms)
	FinalizeReload (745ms)
		ReleaseScriptCaches (0ms)
		RebuildScriptCaches (0ms)
		SetupLoadedEditorAssemblies (282ms)
			LogAssemblyErrors (0ms)
			InitializePlatformSupportModulesInManaged (3ms)
			SetLoadedEditorAssemblies (2ms)
			RefreshPlugins (0ms)
			BeforeProcessingInitializeOnLoad (35ms)
			ProcessInitializeOnLoadAttributes (229ms)
			ProcessInitializeOnLoadMethodAttributes (12ms)
			AfterProcessingInitializeOnLoad (1ms)
			EditorAssembliesLoaded (0ms)
		ExecutionOrderSort2 (0ms)
		AwakeInstancesAfterBackupRestoration (4ms)
Refreshing native plugins compatible for Editor in 0.89 ms, found 2 plugins.
Preloading 0 native plugins for Editor in 0.00 ms.
Unloading 3237 Unused Serialized files (Serialized files now loaded: 0)
Unloading 46 unused Assets / (1.9 MB). Loaded Objects now: 3697.
Memory consumption went from 146.6 MB to 144.7 MB.
Total: 4.025875 ms (FindLiveObjects: 0.216084 ms CreateObjectMapping: 0.057833 ms MarkObjects: 2.316667 ms  DeleteObjects: 1.433167 ms)

Prepare: number of updated asset objects reloaded= 0
AssetImportParameters requested are different than current active one (requested -> active):
  custom:container-demuxer-ogg: 62fdf1f143b41e24485cea50d1cbac27 -> 
  custom:video-decoder-ogg-theora: a1e56fd34408186e4bbccfd4996cb3dc -> 
  custom:CustomObjectIndexerAttribute: 6d391050e5a25f67b0a2c618074f2cd9 -> 
  custom:container-demuxer-webm: 4f35f7cbe854078d1ac9338744f61a02 -> 
  custom:container-muxer-webm: aa71ff27fc2769a1b78a27578f13a17b -> 
  custom:video-decoder-webm-vp8: 9c59270c3fd7afecdb556c50c9e8de78 -> 
  custom:SearchIndexIgnoredProperties: e643bd26f0fe6173181afceb89e7c659 -> 
  custom:AudioImporter_EditorPlatform: 3918e3fc78b5a79bad01e8451be0beb8 -> 
  custom:framework-osx-AVFoundation: e770b220cccbd017edd2c1fefb359320 -> 
  custom:video-encoder-webm-vp8: eb34c28f22e8b96e1ab97ce403110664 -> 
  custom:audio-decoder-ogg-vorbis: bf7c407c2cedff20999df2af8eb42d56 -> 
  custom:audio-encoder-webm-vorbis: bf7c407c2cedff20999df2af8eb42d56 -> 
