Unity Editor version:    2022.3.17f1 (4fc78088f837)
Branch:                  2022.3/staging
Build type:              Release
Batch mode:              YES
macOS version:           Version 14.1.2 (Build 23B92)
Darwin version:          23.1.0
Architecture:            arm64
Running under Rosetta:   NO
Available memory:        16384 MB
Using pre-set license
Pro License: YES

COMMAND LINE ARGUMENTS:
/Applications/Unity/Hub/Editor/2022.3.17f1/Unity.app/Contents/MacOS/Unity
-adb2
-batchMode
-noUpm
-name
AssetImportWorker0
-projectPath
/Users/jlam/Documents/GitHub/Lumina-Glen-UPDATE
-logFile
Logs/AssetImportWorker0.log
-srvPort
54225
Successfully changed project path to: /Users/jlam/Documents/GitHub/Lumina-Glen-UPDATE
/Users/jlam/Documents/GitHub/Lumina-Glen-UPDATE
[UnityMemory] Configuration Parameters - Can be set up in boot.config
    "memorysetup-bucket-allocator-granularity=16"
    "memorysetup-bucket-allocator-bucket-count=8"
    "memorysetup-bucket-allocator-block-size=33554432"
    "memorysetup-bucket-allocator-block-count=8"
    "memorysetup-main-allocator-block-size=16777216"
    "memorysetup-thread-allocator-block-size=16777216"
    "memorysetup-gfx-main-allocator-block-size=16777216"
    "memorysetup-gfx-thread-allocator-block-size=16777216"
    "memorysetup-cache-allocator-block-size=4194304"
    "memorysetup-typetree-allocator-block-size=2097152"
    "memorysetup-profiler-bucket-allocator-granularity=16"
    "memorysetup-profiler-bucket-allocator-bucket-count=8"
    "memorysetup-profiler-bucket-allocator-block-size=33554432"
    "memorysetup-profiler-bucket-allocator-block-count=8"
    "memorysetup-profiler-allocator-block-size=16777216"
    "memorysetup-profiler-editor-allocator-block-size=1048576"
    "memorysetup-temp-allocator-size-main=16777216"
    "memorysetup-job-temp-allocator-block-size=2097152"
    "memorysetup-job-temp-allocator-block-size-background=1048576"
    "memorysetup-job-temp-allocator-reduction-small-platforms=262144"
    "memorysetup-allocator-temp-initial-block-size-main=262144"
    "memorysetup-allocator-temp-initial-block-size-worker=262144"
    "memorysetup-temp-allocator-size-background-worker=32768"
    "memorysetup-temp-allocator-size-job-worker=262144"
    "memorysetup-temp-allocator-size-preload-manager=33554432"
    "memorysetup-temp-allocator-size-nav-mesh-worker=65536"
    "memorysetup-temp-allocator-size-audio-worker=65536"
    "memorysetup-temp-allocator-size-cloud-worker=32768"
    "memorysetup-temp-allocator-size-gi-baking-worker=262144"
    "memorysetup-temp-allocator-size-gfx=262144"
Player connection [7989550784] Host "[IP] 10.0.0.92 [Port] 0 [Flags] 2 [Guid] 2883901611 [EditorId] 2883901611 [Version] 1048832 [Id] OSXEditor(0,Julies-MacBook-Pro.local) [Debug] 1 [PackageName] OSXEditor [ProjectName] Editor" joined multi-casting on [225.0.0.222:54997]...

Player connection [7989550784] Host "[IP] 10.0.0.92 [Port] 0 [Flags] 2 [Guid] 2883901611 [EditorId] 2883901611 [Version] 1048832 [Id] OSXEditor(0,Julies-MacBook-Pro.local) [Debug] 1 [PackageName] OSXEditor [ProjectName] Editor" joined alternative multi-casting on [225.0.0.222:34997]...

[Physics::Module] Initialized MultithreadedJobDispatcher with 7 workers.
Refreshing native plugins compatible for Editor in 23.93 ms, found 2 plugins.
Preloading 0 native plugins for Editor in 0.00 ms.
Initialize engine version: 2022.3.17f1 (4fc78088f837)
[Subsystems] Discovering subsystems at path /Applications/Unity/Hub/Editor/2022.3.17f1/Unity.app/Contents/Resources/UnitySubsystems
[Subsystems] Discovering subsystems at path /Users/jlam/Documents/GitHub/Lumina-Glen-UPDATE/Assets
GfxDevice: creating device client; threaded=0; jobified=0
 preferred device: Apple M1 (high power)
Metal devices available: 1
0: Apple M1 (high power)
Using device Apple M1 (high power)
Initializing Metal device caps: Apple M1
Initialize mono
Mono path[0] = '/Applications/Unity/Hub/Editor/2022.3.17f1/Unity.app/Contents/Managed'
Mono path[1] = '/Applications/Unity/Hub/Editor/2022.3.17f1/Unity.app/Contents/MonoBleedingEdge/lib/mono/unityjit-macos'
Mono config path = '/Applications/Unity/Hub/Editor/2022.3.17f1/Unity.app/Contents/MonoBleedingEdge/etc'
Using monoOptions --debugger-agent=transport=dt_socket,embedding=1,server=y,suspend=n,address=127.0.0.1:56153
Begin MonoManager ReloadAssembly
Registering precompiled unity dll's ...
Register platform support module: /Applications/Unity/Hub/Editor/2022.3.17f1/PlaybackEngines/WebGLSupport/UnityEditor.WebGL.Extensions.dll
Register platform support module: /Applications/Unity/Hub/Editor/2022.3.17f1/Unity.app/Contents/PlaybackEngines/MacStandaloneSupport/UnityEditor.OSXStandalone.Extensions.dll
Registered in 0.001585 seconds.
- Loaded All Assemblies, in  0.324 seconds
Native extension for OSXStandalone target not found
Native extension for WebGL target not found
Mono: successfully reloaded assembly
- Finished resetting the current domain, in  0.197 seconds
Domain Reload Profiling: 521ms
	BeginReloadAssembly (111ms)
		ExecutionOrderSort (0ms)
		DisableScriptedObjects (0ms)
		BackupInstance (0ms)
		ReleaseScriptingObjects (0ms)
		CreateAndSetChildDomain (1ms)
	RebuildCommonClasses (28ms)
	RebuildNativeTypeToScriptingClass (8ms)
	initialDomainReloadingComplete (39ms)
	LoadAllAssembliesAndSetupDomain (137ms)
		LoadAssemblies (110ms)
		RebuildTransferFunctionScriptingTraits (0ms)
		AnalyzeDomain (136ms)
			TypeCache.Refresh (135ms)
				TypeCache.ScanAssembly (122ms)
			ScanForSourceGeneratedMonoScriptInfo (0ms)
			ResolveRequiredComponents (0ms)
	FinalizeReload (197ms)
		ReleaseScriptCaches (0ms)
		RebuildScriptCaches (0ms)
		SetupLoadedEditorAssemblies (155ms)
			LogAssemblyErrors (0ms)
			InitializePlatformSupportModulesInManaged (5ms)
			SetLoadedEditorAssemblies (4ms)
			RefreshPlugins (0ms)
			BeforeProcessingInitializeOnLoad (3ms)
			ProcessInitializeOnLoadAttributes (110ms)
			ProcessInitializeOnLoadMethodAttributes (34ms)
			AfterProcessingInitializeOnLoad (0ms)
			EditorAssembliesLoaded (0ms)
		ExecutionOrderSort2 (0ms)
		AwakeInstancesAfterBackupRestoration (0ms)
========================================================================
Worker process is ready to serve import requests
Begin MonoManager ReloadAssembly
- Loaded All Assemblies, in  0.707 seconds
Refreshing native plugins compatible for Editor in 1.49 ms, found 2 plugins.
Native extension for OSXStandalone target not found
Native extension for WebGL target not found
Package Manager log level set to [2]
[Package Manager] Server::EnsureServerProcessIsRunning -- launch failed, reason: Unity was launched with the -noUpm command-line argument
[Package Manager] UpmClient::Send -- Unable to send message (not connected to UPM process).
[Package Manager] Cannot connect to Unity Package Manager local server
Mono: successfully reloaded assembly
- Finished resetting the current domain, in  0.589 seconds
Domain Reload Profiling: 1302ms
	BeginReloadAssembly (157ms)
		ExecutionOrderSort (0ms)
		DisableScriptedObjects (4ms)
		BackupInstance (0ms)
		ReleaseScriptingObjects (0ms)
		CreateAndSetChildDomain (55ms)
	RebuildCommonClasses (29ms)
	RebuildNativeTypeToScriptingClass (9ms)
	initialDomainReloadingComplete (36ms)
	LoadAllAssembliesAndSetupDomain (483ms)
		LoadAssemblies (329ms)
		RebuildTransferFunctionScriptingTraits (0ms)
		AnalyzeDomain (206ms)
			TypeCache.Refresh (183ms)
				TypeCache.ScanAssembly (152ms)
			ScanForSourceGeneratedMonoScriptInfo (12ms)
			ResolveRequiredComponents (8ms)
	FinalizeReload (589ms)
		ReleaseScriptCaches (0ms)
		RebuildScriptCaches (0ms)
		SetupLoadedEditorAssemblies (433ms)
			LogAssemblyErrors (0ms)
			InitializePlatformSupportModulesInManaged (6ms)
			SetLoadedEditorAssemblies (3ms)
			RefreshPlugins (0ms)
			BeforeProcessingInitializeOnLoad (69ms)
			ProcessInitializeOnLoadAttributes (334ms)
			ProcessInitializeOnLoadMethodAttributes (19ms)
			AfterProcessingInitializeOnLoad (1ms)
			EditorAssembliesLoaded (0ms)
		ExecutionOrderSort2 (0ms)
		AwakeInstancesAfterBackupRestoration (5ms)
Launching external process: /Applications/Unity/Hub/Editor/2022.3.17f1/Unity.app/Contents/Tools/UnityShaderCompiler
Launched and connected shader compiler UnityShaderCompiler after 0.39 seconds
Refreshing native plugins compatible for Editor in 0.71 ms, found 2 plugins.
Preloading 0 native plugins for Editor in 0.00 ms.
Unloading 3241 Unused Serialized files (Serialized files now loaded: 0)
Unloading 45 unused Assets / (1.2 MB). Loaded Objects now: 3700.
Memory consumption went from 141.9 MB to 140.7 MB.
Total: 4.346834 ms (FindLiveObjects: 0.267375 ms CreateObjectMapping: 0.042542 ms MarkObjects: 3.378916 ms  DeleteObjects: 0.657042 ms)

AssetImportParameters requested are different than current active one (requested -> active):
  custom:container-demuxer-ogg: 62fdf1f143b41e24485cea50d1cbac27 -> 
  custom:video-decoder-ogg-theora: a1e56fd34408186e4bbccfd4996cb3dc -> 
  custom:CustomObjectIndexerAttribute: 6d391050e5a25f67b0a2c618074f2cd9 -> 
  custom:container-demuxer-webm: 4f35f7cbe854078d1ac9338744f61a02 -> 
  custom:container-muxer-webm: aa71ff27fc2769a1b78a27578f13a17b -> 
  custom:video-decoder-webm-vp8: 9c59270c3fd7afecdb556c50c9e8de78 -> 
  custom:SearchIndexIgnoredProperties: e643bd26f0fe6173181afceb89e7c659 -> 
  custom:AudioImporter_EditorPlatform: 3918e3fc78b5a79bad01e8451be0beb8 -> 
  custom:framework-osx-AVFoundation: e770b220cccbd017edd2c1fefb359320 -> 
  custom:video-encoder-webm-vp8: eb34c28f22e8b96e1ab97ce403110664 -> 
  custom:audio-decoder-ogg-vorbis: bf7c407c2cedff20999df2af8eb42d56 -> 
  custom:audio-encoder-webm-vorbis: bf7c407c2cedff20999df2af8eb42d56 -> 
========================================================================
Received Import Request.
  Time since last request: 4623105.715586 seconds.
  path: Assets/Fantasy Skybox FREE
  artifactKey: Guid(d9c65b69b49df45ddaec54ce6bca1ca9) Importer(815301076,1909f56bfc062723c751e8b465ee728b)
Start importing Assets/Fantasy Skybox FREE using Guid(d9c65b69b49df45ddaec54ce6bca1ca9) Importer(815301076,1909f56bfc062723c751e8b465ee728b)  -> (artifact id: '37187932dff7da2c8fff9cb7258a2066') in 0.002972 seconds
Number of updated asset objects reloaded before import = 0
Number of asset objects unloaded after import = 0
========================================================================
Received Import Request.
  Time since last request: 0.122452 seconds.
  path: Assets/Travis Game Assets
  artifactKey: Guid(de928fea75cd9104b888ebaac7c30364) Importer(815301076,1909f56bfc062723c751e8b465ee728b)
Start importing Assets/Travis Game Assets using Guid(de928fea75cd9104b888ebaac7c30364) Importer(815301076,1909f56bfc062723c751e8b465ee728b)  -> (artifact id: '81a94eeeff1954c04c816633a6ea048c') in 0.000334 seconds
Number of updated asset objects reloaded before import = 0
Number of asset objects unloaded after import = 0
========================================================================
Received Import Request.
  Time since last request: 0.054696 seconds.
  path: Assets/Card Decks
  artifactKey: Guid(cc7315a5d41af4f4f840b06baf09d4a0) Importer(815301076,1909f56bfc062723c751e8b465ee728b)
Start importing Assets/Card Decks using Guid(cc7315a5d41af4f4f840b06baf09d4a0) Importer(815301076,1909f56bfc062723c751e8b465ee728b)  -> (artifact id: '49b4baf7e18e42e57938e3ced4f2f026') in 0.000644 seconds
Number of updated asset objects reloaded before import = 0
Number of asset objects unloaded after import = 0
========================================================================
Received Import Request.
  Time since last request: 0.000675 seconds.
  path: Assets/Prefabs
  artifactKey: Guid(ef872e808b2264b44a3c398e0055fce5) Importer(815301076,1909f56bfc062723c751e8b465ee728b)
Start importing Assets/Prefabs using Guid(ef872e808b2264b44a3c398e0055fce5) Importer(815301076,1909f56bfc062723c751e8b465ee728b)  -> (artifact id: 'a6600e6fb4c6644eb28b14da39378941') in 0.000310 seconds
Number of updated asset objects reloaded before import = 0
Number of asset objects unloaded after import = 0
========================================================================
Received Import Request.
  Time since last request: 0.003978 seconds.
  path: Assets/Kawaii Slimes
  artifactKey: Guid(608257205515f8643b2be16025deffad) Importer(815301076,1909f56bfc062723c751e8b465ee728b)
Start importing Assets/Kawaii Slimes using Guid(608257205515f8643b2be16025deffad) Importer(815301076,1909f56bfc062723c751e8b465ee728b)  -> (artifact id: 'b205879d8e4aa128f9b7c10fa5a24234') in 0.000230 seconds
Number of updated asset objects reloaded before import = 0
Number of asset objects unloaded after import = 0
========================================================================
Received Prepare
Begin MonoManager ReloadAssembly
Thread 0x2b05ef000 may have been prematurely finalized
- Loaded All Assemblies, in  0.369 seconds
Refreshing native plugins compatible for Editor in 0.79 ms, found 2 plugins.
Native extension for OSXStandalone target not found
Native extension for WebGL target not found
[Package Manager] Server::EnsureServerProcessIsRunning -- launch failed, reason: Unity was launched with the -noUpm command-line argument
[Package Manager] UpmClient::Send -- Unable to send message (not connected to UPM process).
[Package Manager] Cannot connect to Unity Package Manager local server
Mono: successfully reloaded assembly
- Finished resetting the current domain, in  0.828 seconds
Domain Reload Profiling: 1197ms
	BeginReloadAssembly (150ms)
		ExecutionOrderSort (0ms)
		DisableScriptedObjects (4ms)
		BackupInstance (0ms)
		ReleaseScriptingObjects (0ms)
		CreateAndSetChildDomain (49ms)
	RebuildCommonClasses (31ms)
	RebuildNativeTypeToScriptingClass (8ms)
	initialDomainReloadingComplete (15ms)
	LoadAllAssembliesAndSetupDomain (164ms)
		LoadAssemblies (201ms)
		RebuildTransferFunctionScriptingTraits (0ms)
		AnalyzeDomain (22ms)
			TypeCache.Refresh (12ms)
				TypeCache.ScanAssembly (2ms)
			ScanForSourceGeneratedMonoScriptInfo (5ms)
			ResolveRequiredComponents (4ms)
	FinalizeReload (828ms)
		ReleaseScriptCaches (0ms)
		RebuildScriptCaches (0ms)
		SetupLoadedEditorAssemblies (215ms)
			LogAssemblyErrors (0ms)
			InitializePlatformSupportModulesInManaged (3ms)
			SetLoadedEditorAssemblies (2ms)
			RefreshPlugins (0ms)
			BeforeProcessingInitializeOnLoad (30ms)
			ProcessInitializeOnLoadAttributes (168ms)
			ProcessInitializeOnLoadMethodAttributes (12ms)
			AfterProcessingInitializeOnLoad (1ms)
			EditorAssembliesLoaded (0ms)
		ExecutionOrderSort2 (0ms)
		AwakeInstancesAfterBackupRestoration (3ms)
Refreshing native plugins compatible for Editor in 0.62 ms, found 2 plugins.
Preloading 0 native plugins for Editor in 0.00 ms.
Unloading 3224 Unused Serialized files (Serialized files now loaded: 0)
Unloading 36 unused Assets / (1.2 MB). Loaded Objects now: 3703.
Memory consumption went from 144.0 MB to 142.9 MB.
Total: 2.549334 ms (FindLiveObjects: 0.122708 ms CreateObjectMapping: 0.041167 ms MarkObjects: 1.983625 ms  DeleteObjects: 0.399834 ms)

Prepare: number of updated asset objects reloaded= 1
AssetImportParameters requested are different than current active one (requested -> active):
  custom:container-demuxer-ogg: 62fdf1f143b41e24485cea50d1cbac27 -> 
  custom:video-decoder-ogg-theora: a1e56fd34408186e4bbccfd4996cb3dc -> 
  custom:CustomObjectIndexerAttribute: 6d391050e5a25f67b0a2c618074f2cd9 -> 
  custom:container-demuxer-webm: 4f35f7cbe854078d1ac9338744f61a02 -> 
  custom:container-muxer-webm: aa71ff27fc2769a1b78a27578f13a17b -> 
  custom:video-decoder-webm-vp8: 9c59270c3fd7afecdb556c50c9e8de78 -> 
  custom:SearchIndexIgnoredProperties: e643bd26f0fe6173181afceb89e7c659 -> 
  custom:AudioImporter_EditorPlatform: 3918e3fc78b5a79bad01e8451be0beb8 -> 
  custom:framework-osx-AVFoundation: e770b220cccbd017edd2c1fefb359320 -> 
  custom:video-encoder-webm-vp8: eb34c28f22e8b96e1ab97ce403110664 -> 
  custom:audio-decoder-ogg-vorbis: bf7c407c2cedff20999df2af8eb42d56 -> 
  custom:audio-encoder-webm-vorbis: bf7c407c2cedff20999df2af8eb42d56 -> 
========================================================================
Received Prepare
Begin MonoManager ReloadAssembly
Thread 0x17f847000 may have been prematurely finalized
- Loaded All Assemblies, in  0.581 seconds
Refreshing native plugins compatible for Editor in 1.29 ms, found 2 plugins.
Native extension for OSXStandalone target not found
Native extension for WebGL target not found
[Package Manager] Server::EnsureServerProcessIsRunning -- launch failed, reason: Unity was launched with the -noUpm command-line argument
[Package Manager] UpmClient::Send -- Unable to send message (not connected to UPM process).
[Package Manager] Cannot connect to Unity Package Manager local server
Mono: successfully reloaded assembly
- Finished resetting the current domain, in  0.694 seconds
Domain Reload Profiling: 1276ms
	BeginReloadAssembly (107ms)
		ExecutionOrderSort (0ms)
		DisableScriptedObjects (3ms)
		BackupInstance (0ms)
		ReleaseScriptingObjects (0ms)
		CreateAndSetChildDomain (45ms)
	RebuildCommonClasses (24ms)
	RebuildNativeTypeToScriptingClass (8ms)
	initialDomainReloadingComplete (15ms)
	LoadAllAssembliesAndSetupDomain (427ms)
		LoadAssemblies (256ms)
		RebuildTransferFunctionScriptingTraits (0ms)
		AnalyzeDomain (205ms)
			TypeCache.Refresh (180ms)
				TypeCache.ScanAssembly (26ms)
			ScanForSourceGeneratedMonoScriptInfo (13ms)
			ResolveRequiredComponents (10ms)
	FinalizeReload (694ms)
		ReleaseScriptCaches (0ms)
		RebuildScriptCaches (0ms)
		SetupLoadedEditorAssemblies (224ms)
			LogAssemblyErrors (0ms)
			InitializePlatformSupportModulesInManaged (3ms)
			SetLoadedEditorAssemblies (2ms)
			RefreshPlugins (0ms)
			BeforeProcessingInitializeOnLoad (32ms)
			ProcessInitializeOnLoadAttributes (174ms)
			ProcessInitializeOnLoadMethodAttributes (10ms)
			AfterProcessingInitializeOnLoad (1ms)
			EditorAssembliesLoaded (1ms)
		ExecutionOrderSort2 (0ms)
		AwakeInstancesAfterBackupRestoration (3ms)
Refreshing native plugins compatible for Editor in 0.88 ms, found 2 plugins.
Preloading 0 native plugins for Editor in 0.00 ms.
Unloading 3219 Unused Serialized files (Serialized files now loaded: 0)
Unloading 42 unused Assets / (1.2 MB). Loaded Objects now: 3700.
Memory consumption went from 151.1 MB to 149.9 MB.
Total: 3.399584 ms (FindLiveObjects: 0.151083 ms CreateObjectMapping: 0.049084 ms MarkObjects: 2.706583 ms  DeleteObjects: 0.492125 ms)

Prepare: number of updated asset objects reloaded= 1
AssetImportParameters requested are different than current active one (requested -> active):
  custom:container-demuxer-ogg: 62fdf1f143b41e24485cea50d1cbac27 -> 
  custom:video-decoder-ogg-theora: a1e56fd34408186e4bbccfd4996cb3dc -> 
  custom:CustomObjectIndexerAttribute: 6d391050e5a25f67b0a2c618074f2cd9 -> 
  custom:container-demuxer-webm: 4f35f7cbe854078d1ac9338744f61a02 -> 
  custom:container-muxer-webm: aa71ff27fc2769a1b78a27578f13a17b -> 
  custom:video-decoder-webm-vp8: 9c59270c3fd7afecdb556c50c9e8de78 -> 
  custom:SearchIndexIgnoredProperties: e643bd26f0fe6173181afceb89e7c659 -> 
  custom:AudioImporter_EditorPlatform: 3918e3fc78b5a79bad01e8451be0beb8 -> 
  custom:framework-osx-AVFoundation: e770b220cccbd017edd2c1fefb359320 -> 
  custom:video-encoder-webm-vp8: eb34c28f22e8b96e1ab97ce403110664 -> 
  custom:audio-decoder-ogg-vorbis: bf7c407c2cedff20999df2af8eb42d56 -> 
  custom:audio-encoder-webm-vorbis: bf7c407c2cedff20999df2af8eb42d56 -> 
========================================================================
Received Prepare
Begin MonoManager ReloadAssembly
Thread 0x16cfdb000 may have been prematurely finalized
- Loaded All Assemblies, in  0.307 seconds
Refreshing native plugins compatible for Editor in 0.85 ms, found 2 plugins.
Native extension for OSXStandalone target not found
Native extension for WebGL target not found
[Package Manager] Server::EnsureServerProcessIsRunning -- launch failed, reason: Unity was launched with the -noUpm command-line argument
[Package Manager] UpmClient::Send -- Unable to send message (not connected to UPM process).
[Package Manager] Cannot connect to Unity Package Manager local server
Mono: successfully reloaded assembly
- Finished resetting the current domain, in  0.794 seconds
Domain Reload Profiling: 1101ms
	BeginReloadAssembly (99ms)
		ExecutionOrderSort (0ms)
		DisableScriptedObjects (4ms)
		BackupInstance (0ms)
		ReleaseScriptingObjects (0ms)
		CreateAndSetChildDomain (37ms)
	RebuildCommonClasses (24ms)
	RebuildNativeTypeToScriptingClass (8ms)
	initialDomainReloadingComplete (14ms)
	LoadAllAssembliesAndSetupDomain (162ms)
		LoadAssemblies (176ms)
		RebuildTransferFunctionScriptingTraits (0ms)
		AnalyzeDomain (20ms)
			TypeCache.Refresh (10ms)
				TypeCache.ScanAssembly (2ms)
			ScanForSourceGeneratedMonoScriptInfo (5ms)
			ResolveRequiredComponents (4ms)
	FinalizeReload (794ms)
		ReleaseScriptCaches (0ms)
		RebuildScriptCaches (0ms)
		SetupLoadedEditorAssemblies (255ms)
			LogAssemblyErrors (0ms)
			InitializePlatformSupportModulesInManaged (3ms)
			SetLoadedEditorAssemblies (2ms)
			RefreshPlugins (0ms)
			BeforeProcessingInitializeOnLoad (32ms)
			ProcessInitializeOnLoadAttributes (205ms)
			ProcessInitializeOnLoadMethodAttributes (11ms)
			AfterProcessingInitializeOnLoad (1ms)
			EditorAssembliesLoaded (1ms)
		ExecutionOrderSort2 (0ms)
		AwakeInstancesAfterBackupRestoration (3ms)
Refreshing native plugins compatible for Editor in 1.20 ms, found 2 plugins.
Preloading 0 native plugins for Editor in 0.00 ms.
Unloading 3226 Unused Serialized files (Serialized files now loaded: 0)
Unloading 37 unused Assets / (1.5 MB). Loaded Objects now: 3708.
Memory consumption went from 158.4 MB to 157.0 MB.
Total: 3.103625 ms (FindLiveObjects: 0.197875 ms CreateObjectMapping: 0.049958 ms MarkObjects: 2.286792 ms  DeleteObjects: 0.568375 ms)

Prepare: number of updated asset objects reloaded= 0
AssetImportParameters requested are different than current active one (requested -> active):
  custom:container-demuxer-ogg: 62fdf1f143b41e24485cea50d1cbac27 -> 
  custom:video-decoder-ogg-theora: a1e56fd34408186e4bbccfd4996cb3dc -> 
  custom:CustomObjectIndexerAttribute: 6d391050e5a25f67b0a2c618074f2cd9 -> 
  custom:container-demuxer-webm: 4f35f7cbe854078d1ac9338744f61a02 -> 
  custom:container-muxer-webm: aa71ff27fc2769a1b78a27578f13a17b -> 
  custom:video-decoder-webm-vp8: 9c59270c3fd7afecdb556c50c9e8de78 -> 
  custom:SearchIndexIgnoredProperties: e643bd26f0fe6173181afceb89e7c659 -> 
  custom:AudioImporter_EditorPlatform: 3918e3fc78b5a79bad01e8451be0beb8 -> 
  custom:framework-osx-AVFoundation: e770b220cccbd017edd2c1fefb359320 -> 
  custom:video-encoder-webm-vp8: eb34c28f22e8b96e1ab97ce403110664 -> 
  custom:audio-decoder-ogg-vorbis: bf7c407c2cedff20999df2af8eb42d56 -> 
  custom:audio-encoder-webm-vorbis: bf7c407c2cedff20999df2af8eb42d56 -> 
========================================================================
Received Import Request.
  Time since last request: 651.905176 seconds.
  path: Assets/GabrielAguiarProductions/Unique_Projectiles_Volume_1/Models/Arrow02.fbx
  artifactKey: Guid(f2d359f4a4c02174a943030c9d305ff5) Importer(815301076,1909f56bfc062723c751e8b465ee728b)
Start importing Assets/GabrielAguiarProductions/Unique_Projectiles_Volume_1/Models/Arrow02.fbx using Guid(f2d359f4a4c02174a943030c9d305ff5) Importer(815301076,1909f56bfc062723c751e8b465ee728b)  -> (artifact id: '9a26739a4c28ce3b180c93da45d77f6f') in 0.355336 seconds
Number of updated asset objects reloaded before import = 0
Number of asset objects unloaded after import = 7
========================================================================
Received Import Request.
  Time since last request: 0.000065 seconds.
  path: Assets/AurynSky/Gems Ultimate Pack/Models/Penta.fbx
  artifactKey: Guid(34a866017115e1f4693b2328671afe14) Importer(815301076,1909f56bfc062723c751e8b465ee728b)
Start importing Assets/AurynSky/Gems Ultimate Pack/Models/Penta.fbx using Guid(34a866017115e1f4693b2328671afe14) Importer(815301076,1909f56bfc062723c751e8b465ee728b)  -> (artifact id: '1fd9857cda15501449cdd0cb84504afc') in 0.027141 seconds
Number of updated asset objects reloaded before import = 0
Number of asset objects unloaded after import = 8
========================================================================
Received Import Request.
  Time since last request: 0.000260 seconds.
  path: Assets/AurynSky/Gems Ultimate Pack/Models/Diamondo.fbx
  artifactKey: Guid(911b2aca4190de843ba6fc029bf3734d) Importer(815301076,1909f56bfc062723c751e8b465ee728b)
Start importing Assets/AurynSky/Gems Ultimate Pack/Models/Diamondo.fbx using Guid(911b2aca4190de843ba6fc029bf3734d) Importer(815301076,1909f56bfc062723c751e8b465ee728b)  -> (artifact id: '0fd96fc83b3aa5bc833c08460c63c641') in 0.007514 seconds
Number of updated asset objects reloaded before import = 0
Number of asset objects unloaded after import = 8
========================================================================
Received Import Request.
  Time since last request: 0.000238 seconds.
  path: Assets/AurynSky/Gems Ultimate Pack/Models/Cuboid.fbx
  artifactKey: Guid(d5201c54bfe2c0242acafec0421e0d8e) Importer(815301076,1909f56bfc062723c751e8b465ee728b)
Start importing Assets/AurynSky/Gems Ultimate Pack/Models/Cuboid.fbx using Guid(d5201c54bfe2c0242acafec0421e0d8e) Importer(815301076,1909f56bfc062723c751e8b465ee728b)  -> (artifact id: 'ed3a0ef337d06716319f1b5c49ff1d25') in 0.007806 seconds
Number of updated asset objects reloaded before import = 0
Number of asset objects unloaded after import = 8
========================================================================
Received Import Request.
  Time since last request: 0.001044 seconds.
  path: Assets/AurynSky/Gems Ultimate Pack/Models/BeveledStar.fbx
  artifactKey: Guid(fce0ecff534816b49af71ef31033c259) Importer(815301076,1909f56bfc062723c751e8b465ee728b)
Start importing Assets/AurynSky/Gems Ultimate Pack/Models/BeveledStar.fbx using Guid(fce0ecff534816b49af71ef31033c259) Importer(815301076,1909f56bfc062723c751e8b465ee728b)  -> (artifact id: 'da3fe711a5ab1c81efca3958a88525c9') in 0.011993 seconds
Number of updated asset objects reloaded before import = 0
Number of asset objects unloaded after import = 8
========================================================================
Received Import Request.
  Time since last request: 0.001499 seconds.
  path: Assets/Selcuk Gerceker/Toon Environments - World Creator Pack Lite/Models/Props/Cloud_Box.fbx
  artifactKey: Guid(28b3b7ae3b07b824b8fb499e0bca25d8) Importer(815301076,1909f56bfc062723c751e8b465ee728b)
Start importing Assets/Selcuk Gerceker/Toon Environments - World Creator Pack Lite/Models/Props/Cloud_Box.fbx using Guid(28b3b7ae3b07b824b8fb499e0bca25d8) Importer(815301076,1909f56bfc062723c751e8b465ee728b)  -> (artifact id: '470c5c900372288cc4ac5af345f86d9e') in 0.015094 seconds
Number of updated asset objects reloaded before import = 0
Number of asset objects unloaded after import = 7
========================================================================
Received Import Request.
  Time since last request: 0.001004 seconds.
  path: Assets/LittleFriends-CartoonAnimals-Lite/Meshes/LittleCat.fbx
  artifactKey: Guid(d7061d2ec501adb4da1e842bf1f2be57) Importer(815301076,1909f56bfc062723c751e8b465ee728b)
Start importing Assets/LittleFriends-CartoonAnimals-Lite/Meshes/LittleCat.fbx using Guid(d7061d2ec501adb4da1e842bf1f2be57) Importer(815301076,1909f56bfc062723c751e8b465ee728b)  -> (artifact id: 'b096a08f54309c49a1363ef0ccf7aadc') in 0.138343 seconds
Number of updated asset objects reloaded before import = 0
Number of asset objects unloaded after import = 86
========================================================================
Received Import Request.
  Time since last request: 0.001420 seconds.
  path: Assets/AurynSky/Gems Ultimate Pack/Models/Cubie.fbx
  artifactKey: Guid(8b4719f3fd5020040bdbb5595fda39aa) Importer(815301076,1909f56bfc062723c751e8b465ee728b)
Start importing Assets/AurynSky/Gems Ultimate Pack/Models/Cubie.fbx using Guid(8b4719f3fd5020040bdbb5595fda39aa) Importer(815301076,1909f56bfc062723c751e8b465ee728b)  -> (artifact id: '67dbe0b5a38ed2642219c73395497e9a') in 0.008679 seconds
Number of updated asset objects reloaded before import = 0
Number of asset objects unloaded after import = 8
========================================================================
Received Import Request.
  Time since last request: 0.000134 seconds.
  path: Assets/AurynSky/Gems Ultimate Pack/Models/CubieBeveled.fbx
  artifactKey: Guid(6579b708f10e00c448d8ddbc06ba95fe) Importer(815301076,1909f56bfc062723c751e8b465ee728b)
Start importing Assets/AurynSky/Gems Ultimate Pack/Models/CubieBeveled.fbx using Guid(6579b708f10e00c448d8ddbc06ba95fe) Importer(815301076,1909f56bfc062723c751e8b465ee728b)  -> (artifact id: '5a3a0a59156fcfddb2675bbde7869ab1') in 0.006532 seconds
Number of updated asset objects reloaded before import = 0
Number of asset objects unloaded after import = 8
========================================================================
Received Import Request.
  Time since last request: 0.000102 seconds.
  path: Assets/Selcuk Gerceker/Toon Environments - World Creator Pack Lite/Models/Props/Cabin.fbx
  artifactKey: Guid(83e9f2baa8ffe7c428e3424227a4287e) Importer(815301076,1909f56bfc062723c751e8b465ee728b)
Start importing Assets/Selcuk Gerceker/Toon Environments - World Creator Pack Lite/Models/Props/Cabin.fbx using Guid(83e9f2baa8ffe7c428e3424227a4287e) Importer(815301076,1909f56bfc062723c751e8b465ee728b)  -> (artifact id: '8dd27d21abda4cbab0b4ba974ed3e1a4') in 0.013978 seconds
Number of updated asset objects reloaded before import = 0
Number of asset objects unloaded after import = 14
========================================================================
Received Import Request.
  Time since last request: 27.952392 seconds.
  path: Assets/Selcuk Gerceker/Toon Environments - World Creator Pack Lite/Models/Props/Grass.fbx
  artifactKey: Guid(7292cbbcd062e3440b9895a64d229825) Importer(815301076,1909f56bfc062723c751e8b465ee728b)
Start importing Assets/Selcuk Gerceker/Toon Environments - World Creator Pack Lite/Models/Props/Grass.fbx using Guid(7292cbbcd062e3440b9895a64d229825) Importer(815301076,1909f56bfc062723c751e8b465ee728b)  -> (artifact id: '51ae1201bb3fd571a3a9837260961ac4') in 0.096708 seconds
Number of updated asset objects reloaded before import = 0
Number of asset objects unloaded after import = 7
========================================================================
Received Import Request.
  Time since last request: 0.000862 seconds.
  path: Assets/SimpleFantasy/Models/Prefabbed/SF_Bld_Castle_Banner_01.fbx
  artifactKey: Guid(f3fff9a197f453e42b89e26d0dd19452) Importer(815301076,1909f56bfc062723c751e8b465ee728b)
Start importing Assets/SimpleFantasy/Models/Prefabbed/SF_Bld_Castle_Banner_01.fbx using Guid(f3fff9a197f453e42b89e26d0dd19452) Importer(815301076,1909f56bfc062723c751e8b465ee728b)  -> (artifact id: '34592ea66b35f90aae134f8a9d1f2baf') in 0.058280 seconds
Number of updated asset objects reloaded before import = 0
Number of asset objects unloaded after import = 7
========================================================================
Received Import Request.
  Time since last request: 0.000907 seconds.
  path: Assets/SimpleFantasy/Models/Prefabbed/SF_Bld_Elven_Blockwall_04.fbx
  artifactKey: Guid(f33cf93ebc4799a459171538b71167d2) Importer(815301076,1909f56bfc062723c751e8b465ee728b)
Start importing Assets/SimpleFantasy/Models/Prefabbed/SF_Bld_Elven_Blockwall_04.fbx using Guid(f33cf93ebc4799a459171538b71167d2) Importer(815301076,1909f56bfc062723c751e8b465ee728b)  -> (artifact id: '4dcedf4cff255f44bef732e6b38c309c') in 0.030091 seconds
Number of updated asset objects reloaded before import = 0
Number of asset objects unloaded after import = 7
========================================================================
Received Import Request.
  Time since last request: 0.009988 seconds.
  path: Assets/SimpleFantasy/Models/Prefabbed/SF_Bld_Elven_Castle_Wall_02.fbx
  artifactKey: Guid(c5f6826f44702d445b206f51f30cd163) Importer(815301076,1909f56bfc062723c751e8b465ee728b)
Start importing Assets/SimpleFantasy/Models/Prefabbed/SF_Bld_Elven_Castle_Wall_02.fbx using Guid(c5f6826f44702d445b206f51f30cd163) Importer(815301076,1909f56bfc062723c751e8b465ee728b)  -> (artifact id: 'cf9c0a86684dadf4e3d5acf0c826ae47') in 0.030916 seconds
Number of updated asset objects reloaded before import = 0
Number of asset objects unloaded after import = 7
========================================================================
Received Import Request.
  Time since last request: 0.005841 seconds.
  path: Assets/SimpleFantasy/Models/Prefabbed/SF_Bld_Elven_Tower_01.fbx
  artifactKey: Guid(4f43cf68c418eda4f970694edfebccbe) Importer(815301076,1909f56bfc062723c751e8b465ee728b)
Start importing Assets/SimpleFantasy/Models/Prefabbed/SF_Bld_Elven_Tower_01.fbx using Guid(4f43cf68c418eda4f970694edfebccbe) Importer(815301076,1909f56bfc062723c751e8b465ee728b)  -> (artifact id: '9f244a7d26644e91b986508d1868333b') in 0.015174 seconds
Number of updated asset objects reloaded before import = 0
Number of asset objects unloaded after import = 7
========================================================================
Received Import Request.
  Time since last request: 0.001128 seconds.
  path: Assets/SimpleFantasy/Models/Prefabbed/SF_Bld_Elven_Blockwall_Corner_02.fbx
  artifactKey: Guid(81f1e65f60e46da409d4a69d9aec049d) Importer(815301076,1909f56bfc062723c751e8b465ee728b)
Start importing Assets/SimpleFantasy/Models/Prefabbed/SF_Bld_Elven_Blockwall_Corner_02.fbx using Guid(81f1e65f60e46da409d4a69d9aec049d) Importer(815301076,1909f56bfc062723c751e8b465ee728b)  -> (artifact id: '417eb957812e55816dd21d4000eab20a') in 0.014319 seconds
Number of updated asset objects reloaded before import = 0
Number of asset objects unloaded after import = 7
========================================================================
Received Import Request.
  Time since last request: 0.000207 seconds.
  path: Assets/SimpleFantasy/Models/Prefabbed/SF_Bld_Elven_Blockwall_02.fbx
  artifactKey: Guid(2d6b8f2f5d577a44196fb45d1b6f8184) Importer(815301076,1909f56bfc062723c751e8b465ee728b)
Start importing Assets/SimpleFantasy/Models/Prefabbed/SF_Bld_Elven_Blockwall_02.fbx using Guid(2d6b8f2f5d577a44196fb45d1b6f8184) Importer(815301076,1909f56bfc062723c751e8b465ee728b)  -> (artifact id: 'af1c7ec55f1fb54789eb4b58741f8fce') in 0.016580 seconds
Number of updated asset objects reloaded before import = 0
Number of asset objects unloaded after import = 7
========================================================================
Received Import Request.
  Time since last request: 0.000356 seconds.
  path: Assets/SimpleFantasy/Models/Prefabbed/SF_Bld_Castle_Gate.fbx
  artifactKey: Guid(f28db318b02098e45ae26821cbdae281) Importer(815301076,1909f56bfc062723c751e8b465ee728b)
Start importing Assets/SimpleFantasy/Models/Prefabbed/SF_Bld_Castle_Gate.fbx using Guid(f28db318b02098e45ae26821cbdae281) Importer(815301076,1909f56bfc062723c751e8b465ee728b)  -> (artifact id: '7ac08073b1391f24f41fdff3f4b34343') in 0.029059 seconds
Number of updated asset objects reloaded before import = 0
Number of asset objects unloaded after import = 15
========================================================================
Received Import Request.
  Time since last request: 0.000671 seconds.
  path: Assets/SimpleFantasy/Models/Prefabbed/SF_Bld_Castle_Hall_02.fbx
  artifactKey: Guid(c0180a4b804ab554786fd888076b7fa9) Importer(815301076,1909f56bfc062723c751e8b465ee728b)
Start importing Assets/SimpleFantasy/Models/Prefabbed/SF_Bld_Castle_Hall_02.fbx using Guid(c0180a4b804ab554786fd888076b7fa9) Importer(815301076,1909f56bfc062723c751e8b465ee728b)  -> (artifact id: '289baea515649910179e8ebc0f43bab9') in 0.026512 seconds
Number of updated asset objects reloaded before import = 0
Number of asset objects unloaded after import = 7
========================================================================
Received Import Request.
  Time since last request: 0.000768 seconds.
  path: Assets/SimpleFantasy/Models/Prefabbed/SF_Bld_Goblin_Bone_01.fbx
  artifactKey: Guid(c5a2dc932349d3646a7178833c6f6a46) Importer(815301076,1909f56bfc062723c751e8b465ee728b)
Start importing Assets/SimpleFantasy/Models/Prefabbed/SF_Bld_Goblin_Bone_01.fbx using Guid(c5a2dc932349d3646a7178833c6f6a46) Importer(815301076,1909f56bfc062723c751e8b465ee728b)  -> (artifact id: '7e51882582957cce036c81631e63ef64') in 0.013277 seconds
Number of updated asset objects reloaded before import = 0
Number of asset objects unloaded after import = 7
========================================================================
Received Import Request.
  Time since last request: 0.004121 seconds.
  path: Assets/SimpleFantasy/Models/Prefabbed/SF_Bld_Elven_Castle_Wall_04.fbx
  artifactKey: Guid(d75d39862233a404fb3a278cac8c861f) Importer(815301076,1909f56bfc062723c751e8b465ee728b)
Start importing Assets/SimpleFantasy/Models/Prefabbed/SF_Bld_Elven_Castle_Wall_04.fbx using Guid(d75d39862233a404fb3a278cac8c861f) Importer(815301076,1909f56bfc062723c751e8b465ee728b)  -> (artifact id: '783864055d83d90b22e49eedcc0b1993') in 0.020475 seconds
Number of updated asset objects reloaded before import = 0
Number of asset objects unloaded after import = 7
========================================================================
Received Import Request.
  Time since last request: 0.002741 seconds.
  path: Assets/SimpleFantasy/Models/Prefabbed/SF_Bld_Castle_Gate_03.fbx
  artifactKey: Guid(a68d13ab988dde54f962ffb297aa347a) Importer(815301076,1909f56bfc062723c751e8b465ee728b)
Start importing Assets/SimpleFantasy/Models/Prefabbed/SF_Bld_Castle_Gate_03.fbx using Guid(a68d13ab988dde54f962ffb297aa347a) Importer(815301076,1909f56bfc062723c751e8b465ee728b)  -> (artifact id: 'e65832d86f62f5bfec1403fa2cb85e88') in 0.010831 seconds
Number of updated asset objects reloaded before import = 0
Number of asset objects unloaded after import = 7
========================================================================
Received Import Request.
  Time since last request: 0.001022 seconds.
  path: Assets/SimpleFantasy/Models/Prefabbed/SF_Bld_Elven_HouseAdd_Roof_03.fbx
  artifactKey: Guid(2625478e4628dd74ebf2e2dd1cc7fcd6) Importer(815301076,1909f56bfc062723c751e8b465ee728b)
Start importing Assets/SimpleFantasy/Models/Prefabbed/SF_Bld_Elven_HouseAdd_Roof_03.fbx using Guid(2625478e4628dd74ebf2e2dd1cc7fcd6) Importer(815301076,1909f56bfc062723c751e8b465ee728b)  -> (artifact id: '438e0f3aa89905ff27297b0521433d6b') in 0.019473 seconds
Number of updated asset objects reloaded before import = 0
Number of asset objects unloaded after import = 7
========================================================================
Received Import Request.
  Time since last request: 0.000908 seconds.
  path: Assets/GabrielAguiarProductions/Unique_Projectiles_Volume_2/Models/RingMesh03.fbx
  artifactKey: Guid(686d25fa621c84c41ba932c75f8f19d1) Importer(815301076,1909f56bfc062723c751e8b465ee728b)
Start importing Assets/GabrielAguiarProductions/Unique_Projectiles_Volume_2/Models/RingMesh03.fbx using Guid(686d25fa621c84c41ba932c75f8f19d1) Importer(815301076,1909f56bfc062723c751e8b465ee728b)  -> (artifact id: 'fa36c95fb2dca6bcd8158950bcd0c55d') in 0.010337 seconds
Number of updated asset objects reloaded before import = 0
Number of asset objects unloaded after import = 7
========================================================================
Received Import Request.
  Time since last request: 0.001552 seconds.
  path: Assets/SimpleFantasy/Models/Prefabbed/SF_Bld_Castle_Gate_02.fbx
  artifactKey: Guid(a61d128dde0427b499963f5237cc0c4b) Importer(815301076,1909f56bfc062723c751e8b465ee728b)
Start importing Assets/SimpleFantasy/Models/Prefabbed/SF_Bld_Castle_Gate_02.fbx using Guid(a61d128dde0427b499963f5237cc0c4b) Importer(815301076,1909f56bfc062723c751e8b465ee728b)  -> (artifact id: '112144cba993c1f5878beb4cbbf4e500') in 0.012585 seconds
Number of updated asset objects reloaded before import = 0
Number of asset objects unloaded after import = 7
========================================================================
Received Import Request.
  Time since last request: 0.000401 seconds.
  path: Assets/SimpleFantasy/Models/Prefabbed/SF_Bld_Elven_House_04.fbx
  artifactKey: Guid(573772e41ef3a794ea3859b4e37568d4) Importer(815301076,1909f56bfc062723c751e8b465ee728b)
Start importing Assets/SimpleFantasy/Models/Prefabbed/SF_Bld_Elven_House_04.fbx using Guid(573772e41ef3a794ea3859b4e37568d4) Importer(815301076,1909f56bfc062723c751e8b465ee728b)  -> (artifact id: '8d800f1f05af20bd6d8323c230ee989f') in 0.013054 seconds
Number of updated asset objects reloaded before import = 0
Number of asset objects unloaded after import = 7
========================================================================
Received Import Request.
  Time since last request: 0.001468 seconds.
  path: Assets/SimpleFantasy/Models/Prefabbed/SF_Bld_Castle_Wall_04.fbx
  artifactKey: Guid(246ee6229ede8364986e8b938fad3772) Importer(815301076,1909f56bfc062723c751e8b465ee728b)
Start importing Assets/SimpleFantasy/Models/Prefabbed/SF_Bld_Castle_Wall_04.fbx using Guid(246ee6229ede8364986e8b938fad3772) Importer(815301076,1909f56bfc062723c751e8b465ee728b)  -> (artifact id: 'b1cf0ff185338c5a358970ce09322f7f') in 0.013571 seconds
Number of updated asset objects reloaded before import = 0
Number of asset objects unloaded after import = 7
========================================================================
Received Import Request.
  Time since last request: 0.000279 seconds.
  path: Assets/SimpleFantasy/Models/Prefabbed/SF_Bld_Castle_Wall_Tower_01.fbx
  artifactKey: Guid(a21fa189b1b26734094fe8de22a7663f) Importer(815301076,1909f56bfc062723c751e8b465ee728b)
Start importing Assets/SimpleFantasy/Models/Prefabbed/SF_Bld_Castle_Wall_Tower_01.fbx using Guid(a21fa189b1b26734094fe8de22a7663f) Importer(815301076,1909f56bfc062723c751e8b465ee728b)  -> (artifact id: '17d5324fa80b25e91bb83969efe6195b') in 0.010815 seconds
Number of updated asset objects reloaded before import = 0
Number of asset objects unloaded after import = 7
========================================================================
Received Import Request.
  Time since last request: 0.000418 seconds.
  path: Assets/SimpleFantasy/Models/Prefabbed/SF_Bld_Elven_House_01.fbx
  artifactKey: Guid(7aec800966e401641ba291b4865d0e99) Importer(815301076,1909f56bfc062723c751e8b465ee728b)
Start importing Assets/SimpleFantasy/Models/Prefabbed/SF_Bld_Elven_House_01.fbx using Guid(7aec800966e401641ba291b4865d0e99) Importer(815301076,1909f56bfc062723c751e8b465ee728b)  -> (artifact id: '9ceb90b94c277ebf3959ce603f9ce83d') in 0.010001 seconds
Number of updated asset objects reloaded before import = 0
Number of asset objects unloaded after import = 7
========================================================================
Received Import Request.
  Time since last request: 0.000289 seconds.
  path: Assets/SimpleFantasy/Models/Prefabbed/SF_Bld_Elven_HouseAdd_Roof_01.fbx
  artifactKey: Guid(c393a15e1f6a0044493301f60c1c5933) Importer(815301076,1909f56bfc062723c751e8b465ee728b)
Start importing Assets/SimpleFantasy/Models/Prefabbed/SF_Bld_Elven_HouseAdd_Roof_01.fbx using Guid(c393a15e1f6a0044493301f60c1c5933) Importer(815301076,1909f56bfc062723c751e8b465ee728b)  -> (artifact id: 'd801166227ebc7593b5719593b994ffa') in 0.010559 seconds
Number of updated asset objects reloaded before import = 0
Number of asset objects unloaded after import = 7
========================================================================
Received Import Request.
  Time since last request: 0.000877 seconds.
  path: Assets/SimpleFantasy/Models/Prefabbed/SF_Bld_Elven_Blockwall_03.fbx
  artifactKey: Guid(c1ebfeb6000bcda4bbd65fc9df2e9b76) Importer(815301076,1909f56bfc062723c751e8b465ee728b)
Start importing Assets/SimpleFantasy/Models/Prefabbed/SF_Bld_Elven_Blockwall_03.fbx using Guid(c1ebfeb6000bcda4bbd65fc9df2e9b76) Importer(815301076,1909f56bfc062723c751e8b465ee728b)  -> (artifact id: '757392dbbc7b154dadc722d789dd83b7') in 0.009641 seconds
Number of updated asset objects reloaded before import = 0
Number of asset objects unloaded after import = 7
========================================================================
Received Import Request.
  Time since last request: 0.000419 seconds.
  path: Assets/SimpleFantasy/Models/Prefabbed/SF_Bld_Elven_House_03.fbx
  artifactKey: Guid(1c775fcb5b873b543a45afb980709584) Importer(815301076,1909f56bfc062723c751e8b465ee728b)
Start importing Assets/SimpleFantasy/Models/Prefabbed/SF_Bld_Elven_House_03.fbx using Guid(1c775fcb5b873b543a45afb980709584) Importer(815301076,1909f56bfc062723c751e8b465ee728b)  -> (artifact id: '685c0f5ac3b2b0219941e204565c1355') in 0.014335 seconds
Number of updated asset objects reloaded before import = 0
Number of asset objects unloaded after import = 7
========================================================================
Received Import Request.
  Time since last request: 0.004438 seconds.
  path: Assets/SimpleFantasy/Models/Prefabbed/SF_Bld_Elven_Castle_Wall_Tree_02.fbx
  artifactKey: Guid(ed3e5e5eb6f131040bc9670434590c8e) Importer(815301076,1909f56bfc062723c751e8b465ee728b)
Start importing Assets/SimpleFantasy/Models/Prefabbed/SF_Bld_Elven_Castle_Wall_Tree_02.fbx using Guid(ed3e5e5eb6f131040bc9670434590c8e) Importer(815301076,1909f56bfc062723c751e8b465ee728b)  -> (artifact id: 'fd198a2ad8b605a0b896658960f81912') in 0.010630 seconds
Number of updated asset objects reloaded before import = 0
Number of asset objects unloaded after import = 7
========================================================================
Received Import Request.
  Time since last request: 0.000572 seconds.
  path: Assets/SimpleFantasy/Models/Prefabbed/SF_Bld_Elven_Platform_01.fbx
  artifactKey: Guid(74e63a2ddf6b62a41b481f363afee99d) Importer(815301076,1909f56bfc062723c751e8b465ee728b)
Start importing Assets/SimpleFantasy/Models/Prefabbed/SF_Bld_Elven_Platform_01.fbx using Guid(74e63a2ddf6b62a41b481f363afee99d) Importer(815301076,1909f56bfc062723c751e8b465ee728b)  -> (artifact id: 'eb3379e4352207e319f602f74b6c4b9f') in 0.007827 seconds
Number of updated asset objects reloaded before import = 0
Number of asset objects unloaded after import = 7
========================================================================
Received Import Request.
  Time since last request: 0.001835 seconds.
  path: Assets/SimpleFantasy/Models/Prefabbed/SF_Bld_Castle_Wall_03.fbx
  artifactKey: Guid(5c602e9b96b15ef4f9e58f1d72c42476) Importer(815301076,1909f56bfc062723c751e8b465ee728b)
Start importing Assets/SimpleFantasy/Models/Prefabbed/SF_Bld_Castle_Wall_03.fbx using Guid(5c602e9b96b15ef4f9e58f1d72c42476) Importer(815301076,1909f56bfc062723c751e8b465ee728b)  -> (artifact id: 'a3616c0fa04198a40f4599504b4485fa') in 0.008072 seconds
Number of updated asset objects reloaded before import = 0
Number of asset objects unloaded after import = 7
========================================================================
Received Import Request.
  Time since last request: 0.216736 seconds.
  path: Assets/Kawaii Slimes/Models/Slimes/Slime_02.fbx
  artifactKey: Guid(056784e08510fd1478dd0ae22b90765b) Importer(815301076,1909f56bfc062723c751e8b465ee728b)
Start importing Assets/Kawaii Slimes/Models/Slimes/Slime_02.fbx using Guid(056784e08510fd1478dd0ae22b90765b) Importer(815301076,1909f56bfc062723c751e8b465ee728b)  -> (artifact id: 'b2294f3f5f574515ca02fadf41f8fbc2') in 0.000274 seconds
Number of updated asset objects reloaded before import = 0
Number of asset objects unloaded after import = 0
Editor requested this worker to shutdown with reason: Scaling down because of idle timeout
TcpMessagingSession - receive error: operation aborted. errorcode: 89, details: Operation aborted.
AssetImportWorker is now disconnected from the server
Process exiting
