Using pre-set license
Built from '2022.3/staging' branch; Version is '2022.3.17f1 (4fc78088f837) revision 5228416'; Using compiler version '192829333'; Build Type 'Release'
OS: 'Windows 11  (10.0.22621) 64bit Core' Language: 'en' Physical Memory: 32544 MB
BatchMode: 1, IsHumanControllingUs: 0, StartBugReporterOnCrash: 0, Is64bit: 1, IsPro: 1

COMMAND LINE ARGUMENTS:
C:\Program Files\Unity\Hub\Editor\2022.3.17f1\Editor\Unity.exe
-adb2
-batchMode
-noUpm
-name
AssetImportWorker7
-projectPath
C:/Users/matth/Lumina-Glen
-logFile
Logs/AssetImportWorker7.log
-srvPort
51024
Successfully changed project path to: C:/Users/matth/Lumina-Glen
C:/Users/matth/Lumina-Glen
[UnityMemory] Configuration Parameters - Can be set up in boot.config
    "memorysetup-bucket-allocator-granularity=16"
    "memorysetup-bucket-allocator-bucket-count=8"
    "memorysetup-bucket-allocator-block-size=33554432"
    "memorysetup-bucket-allocator-block-count=8"
    "memorysetup-main-allocator-block-size=16777216"
    "memorysetup-thread-allocator-block-size=16777216"
    "memorysetup-gfx-main-allocator-block-size=16777216"
    "memorysetup-gfx-thread-allocator-block-size=16777216"
    "memorysetup-cache-allocator-block-size=4194304"
    "memorysetup-typetree-allocator-block-size=2097152"
    "memorysetup-profiler-bucket-allocator-granularity=16"
    "memorysetup-profiler-bucket-allocator-bucket-count=8"
    "memorysetup-profiler-bucket-allocator-block-size=33554432"
    "memorysetup-profiler-bucket-allocator-block-count=8"
    "memorysetup-profiler-allocator-block-size=16777216"
    "memorysetup-profiler-editor-allocator-block-size=1048576"
    "memorysetup-temp-allocator-size-main=16777216"
    "memorysetup-job-temp-allocator-block-size=2097152"
    "memorysetup-job-temp-allocator-block-size-background=1048576"
    "memorysetup-job-temp-allocator-reduction-small-platforms=262144"
    "memorysetup-allocator-temp-initial-block-size-main=262144"
    "memorysetup-allocator-temp-initial-block-size-worker=262144"
    "memorysetup-temp-allocator-size-background-worker=32768"
    "memorysetup-temp-allocator-size-job-worker=262144"
    "memorysetup-temp-allocator-size-preload-manager=33554432"
    "memorysetup-temp-allocator-size-nav-mesh-worker=65536"
    "memorysetup-temp-allocator-size-audio-worker=65536"
    "memorysetup-temp-allocator-size-cloud-worker=32768"
    "memorysetup-temp-allocator-size-gi-baking-worker=262144"
    "memorysetup-temp-allocator-size-gfx=262144"
Player connection [10160] Host "[IP] 192.168.56.1 [Port] 0 [Flags] 2 [Guid] 1775431450 [EditorId] 1775431450 [Version] 1048832 [Id] WindowsEditor(7,Pa-Trick) [Debug] 1 [PackageName] WindowsEditor [ProjectName] Editor" joined multi-casting on [225.0.0.222:54997]...

Player connection [10160] Host "[IP] 192.168.56.1 [Port] 0 [Flags] 2 [Guid] 1775431450 [EditorId] 1775431450 [Version] 1048832 [Id] WindowsEditor(7,Pa-Trick) [Debug] 1 [PackageName] WindowsEditor [ProjectName] Editor" joined alternative multi-casting on [225.0.0.222:34997]...

[Physics::Module] Initialized MultithreadedJobDispatcher with 23 workers.
Refreshing native plugins compatible for Editor in 5.28 ms, found 3 plugins.
Preloading 0 native plugins for Editor in 0.00 ms.
Initialize engine version: 2022.3.17f1 (4fc78088f837)
[Subsystems] Discovering subsystems at path C:/Program Files/Unity/Hub/Editor/2022.3.17f1/Editor/Data/Resources/UnitySubsystems
[Subsystems] Discovering subsystems at path C:/Users/matth/Lumina-Glen/Assets
GfxDevice: creating device client; threaded=0; jobified=0
Direct3D:
    Version:  Direct3D 11.0 [level 11.1]
    Renderer: NVIDIA GeForce RTX 3060 (ID=0x2504)
    Vendor:   NVIDIA
    VRAM:     12129 MB
    Driver:   31.0.15.4633
Initialize mono
Mono path[0] = 'C:/Program Files/Unity/Hub/Editor/2022.3.17f1/Editor/Data/Managed'
Mono path[1] = 'C:/Program Files/Unity/Hub/Editor/2022.3.17f1/Editor/Data/MonoBleedingEdge/lib/mono/unityjit-win32'
Mono config path = 'C:/Program Files/Unity/Hub/Editor/2022.3.17f1/Editor/Data/MonoBleedingEdge/etc'
Using monoOptions --debugger-agent=transport=dt_socket,embedding=1,server=y,suspend=n,address=127.0.0.1:56740
Begin MonoManager ReloadAssembly
Registering precompiled unity dll's ...
Register platform support module: C:/Program Files/Unity/Hub/Editor/2022.3.17f1/Editor/Data/PlaybackEngines/WebGLSupport/UnityEditor.WebGL.Extensions.dll
Register platform support module: C:/Program Files/Unity/Hub/Editor/2022.3.17f1/Editor/Data/PlaybackEngines/WindowsStandaloneSupport/UnityEditor.WindowsStandalone.Extensions.dll
Registered in 0.006753 seconds.
- Loaded All Assemblies, in  0.236 seconds
Native extension for WindowsStandalone target not found
Native extension for WebGL target not found
Mono: successfully reloaded assembly
- Finished resetting the current domain, in  0.170 seconds
Domain Reload Profiling: 405ms
	BeginReloadAssembly (68ms)
		ExecutionOrderSort (0ms)
		DisableScriptedObjects (0ms)
		BackupInstance (0ms)
		ReleaseScriptingObjects (0ms)
		CreateAndSetChildDomain (0ms)
	RebuildCommonClasses (28ms)
	RebuildNativeTypeToScriptingClass (6ms)
	initialDomainReloadingComplete (39ms)
	LoadAllAssembliesAndSetupDomain (93ms)
		LoadAssemblies (66ms)
		RebuildTransferFunctionScriptingTraits (0ms)
		AnalyzeDomain (92ms)
			TypeCache.Refresh (91ms)
				TypeCache.ScanAssembly (80ms)
			ScanForSourceGeneratedMonoScriptInfo (0ms)
			ResolveRequiredComponents (0ms)
	FinalizeReload (171ms)
		ReleaseScriptCaches (0ms)
		RebuildScriptCaches (0ms)
		SetupLoadedEditorAssemblies (133ms)
			LogAssemblyErrors (0ms)
			InitializePlatformSupportModulesInManaged (7ms)
			SetLoadedEditorAssemblies (3ms)
			RefreshPlugins (0ms)
			BeforeProcessingInitializeOnLoad (2ms)
			ProcessInitializeOnLoadAttributes (92ms)
			ProcessInitializeOnLoadMethodAttributes (29ms)
			AfterProcessingInitializeOnLoad (0ms)
			EditorAssembliesLoaded (0ms)
		ExecutionOrderSort2 (0ms)
		AwakeInstancesAfterBackupRestoration (0ms)
========================================================================
Worker process is ready to serve import requests
Begin MonoManager ReloadAssembly
- Loaded All Assemblies, in  0.363 seconds
Refreshing native plugins compatible for Editor in 1.80 ms, found 3 plugins.
Native extension for WindowsStandalone target not found
Native extension for WebGL target not found
Package Manager log level set to [2]
[Package Manager] Server::EnsureServerProcessIsRunning -- launch failed, reason: Unity was launched with the -noUpm command-line argument
[Package Manager] UpmClient::Send -- Unable to send message (not connected to UPM process).
[Package Manager] Cannot connect to Unity Package Manager local server
Mono: successfully reloaded assembly
- Finished resetting the current domain, in  0.319 seconds
Domain Reload Profiling: 681ms
	BeginReloadAssembly (87ms)
		ExecutionOrderSort (0ms)
		DisableScriptedObjects (3ms)
		BackupInstance (0ms)
		ReleaseScriptingObjects (0ms)
		CreateAndSetChildDomain (12ms)
	RebuildCommonClasses (18ms)
	RebuildNativeTypeToScriptingClass (6ms)
	initialDomainReloadingComplete (24ms)
	LoadAllAssembliesAndSetupDomain (226ms)
		LoadAssemblies (181ms)
		RebuildTransferFunctionScriptingTraits (0ms)
		AnalyzeDomain (96ms)
			TypeCache.Refresh (86ms)
				TypeCache.ScanAssembly (76ms)
			ScanForSourceGeneratedMonoScriptInfo (8ms)
			ResolveRequiredComponents (2ms)
	FinalizeReload (319ms)
		ReleaseScriptCaches (0ms)
		RebuildScriptCaches (0ms)
		SetupLoadedEditorAssemblies (235ms)
			LogAssemblyErrors (0ms)
			InitializePlatformSupportModulesInManaged (4ms)
			SetLoadedEditorAssemblies (3ms)
			RefreshPlugins (0ms)
			BeforeProcessingInitializeOnLoad (33ms)
			ProcessInitializeOnLoadAttributes (179ms)
			ProcessInitializeOnLoadMethodAttributes (11ms)
			AfterProcessingInitializeOnLoad (4ms)
			EditorAssembliesLoaded (0ms)
		ExecutionOrderSort2 (0ms)
		AwakeInstancesAfterBackupRestoration (5ms)
Launched and connected shader compiler UnityShaderCompiler.exe after 0.03 seconds
Refreshing native plugins compatible for Editor in 1.73 ms, found 3 plugins.
Preloading 0 native plugins for Editor in 0.00 ms.
Unloading 3086 Unused Serialized files (Serialized files now loaded: 0)
Unloading 32 unused Assets / (56.9 KB). Loaded Objects now: 3548.
Memory consumption went from 125.7 MB to 125.7 MB.
Total: 2.011500 ms (FindLiveObjects: 0.142300 ms CreateObjectMapping: 0.042900 ms MarkObjects: 1.743600 ms  DeleteObjects: 0.081600 ms)

AssetImportParameters requested are different than current active one (requested -> active):
  custom:container-demuxer-ogg: 62fdf1f143b41e24485cea50d1cbac27 -> 
  custom:video-codec-MediaFoundation-h265: 746d11721c4dcdbdad8f713fa42b33f4 -> 
  custom:video-decoder-ogg-theora: a1e56fd34408186e4bbccfd4996cb3dc -> 
  custom:framework-win-MediaFoundation: 216162199b28c13a410421893ffa2e32 -> 
  custom:CustomObjectIndexerAttribute: 6d391050e5a25f67b0a2c618074f2cd9 -> 
  custom:container-demuxer-webm: 4f35f7cbe854078d1ac9338744f61a02 -> 
  custom:container-muxer-webm: aa71ff27fc2769a1b78a27578f13a17b -> 
  custom:video-decoder-webm-vp8: 9c59270c3fd7afecdb556c50c9e8de78 -> 
  custom:SearchIndexIgnoredProperties: e643bd26f0fe6173181afceb89e7c659 -> 
  custom:AudioImporter_EditorPlatform: d09bf68614088b80899f8185d706f6e7 -> 
  custom:video-encoder-webm-vp8: eb34c28f22e8b96e1ab97ce403110664 -> 
  custom:audio-decoder-ogg-vorbis: bf7c407c2cedff20999df2af8eb42d56 -> 
  custom:audio-encoder-webm-vorbis: bf7c407c2cedff20999df2af8eb42d56 -> 
========================================================================
Received Import Request.
  Time since last request: 729744.576201 seconds.
  path: Assets/SimpleFantasy/Prefabs/Weapons/SF_Wep_Elven_Axe_01.prefab
  artifactKey: Guid(91ee452bb16ecb84f8cc511dd8bda1ee) Importer(815301076,1909f56bfc062723c751e8b465ee728b)
Start importing Assets/SimpleFantasy/Prefabs/Weapons/SF_Wep_Elven_Axe_01.prefab using Guid(91ee452bb16ecb84f8cc511dd8bda1ee) Importer(815301076,1909f56bfc062723c751e8b465ee728b)  -> (artifact id: '20edaba17aad71a4ada84e62186b4f2e') in 0.089366 seconds
Number of updated asset objects reloaded before import = 0
Number of asset objects unloaded after import = 9
========================================================================
Received Import Request.
  Time since last request: 0.000016 seconds.
  path: Assets/SimpleFantasy/Prefabs/Weapons/SF_Wep_Goblin_Hammer_01.prefab
  artifactKey: Guid(63f5d802a8f8e8d44a563fc83485bc90) Importer(815301076,1909f56bfc062723c751e8b465ee728b)
Start importing Assets/SimpleFantasy/Prefabs/Weapons/SF_Wep_Goblin_Hammer_01.prefab using Guid(63f5d802a8f8e8d44a563fc83485bc90) Importer(815301076,1909f56bfc062723c751e8b465ee728b)  -> (artifact id: '0af5f081f522ffab673d0b1d8f578e1f') in 0.013265 seconds
Number of updated asset objects reloaded before import = 0
Number of asset objects unloaded after import = 9
========================================================================
Received Import Request.
  Time since last request: 0.000022 seconds.
  path: Assets/SimpleFantasy/Prefabs/Weapons/SF_Wep_Elven_Halberd_01.prefab
  artifactKey: Guid(2aebd27f03d31cd48878798658700cc5) Importer(815301076,1909f56bfc062723c751e8b465ee728b)
Start importing Assets/SimpleFantasy/Prefabs/Weapons/SF_Wep_Elven_Halberd_01.prefab using Guid(2aebd27f03d31cd48878798658700cc5) Importer(815301076,1909f56bfc062723c751e8b465ee728b)  -> (artifact id: '13fbba73f5aee667c237aa204b409c07') in 0.014463 seconds
Number of updated asset objects reloaded before import = 0
Number of asset objects unloaded after import = 9
========================================================================
Received Import Request.
  Time since last request: 0.000011 seconds.
  path: Assets/SimpleFantasy/Prefabs/Weapons/SF_Wep_Elven_Hammer_01.prefab
  artifactKey: Guid(ee2f2ca0078976040ad6f265e08b68f8) Importer(815301076,1909f56bfc062723c751e8b465ee728b)
Start importing Assets/SimpleFantasy/Prefabs/Weapons/SF_Wep_Elven_Hammer_01.prefab using Guid(ee2f2ca0078976040ad6f265e08b68f8) Importer(815301076,1909f56bfc062723c751e8b465ee728b)  -> (artifact id: 'a47612eb3f936c983137ef3f703402cb') in 0.015864 seconds
Number of updated asset objects reloaded before import = 0
Number of asset objects unloaded after import = 9
========================================================================
Received Import Request.
  Time since last request: 0.000012 seconds.
  path: Assets/SimpleFantasy/Prefabs/Weapons/SF_Wep_Elven_Sheild_08.prefab
  artifactKey: Guid(2752ff6fe8ed3a74ea39b969b9dc25f5) Importer(815301076,1909f56bfc062723c751e8b465ee728b)
Start importing Assets/SimpleFantasy/Prefabs/Weapons/SF_Wep_Elven_Sheild_08.prefab using Guid(2752ff6fe8ed3a74ea39b969b9dc25f5) Importer(815301076,1909f56bfc062723c751e8b465ee728b)  -> (artifact id: '5243f3795433d0df8d2bbaf141351adc') in 0.011274 seconds
Number of updated asset objects reloaded before import = 0
Number of asset objects unloaded after import = 9
========================================================================
Received Import Request.
  Time since last request: 0.342375 seconds.
  path: Assets/SimpleFantasy/Prefabs/Weapons/SF_Wep_Goblin_Shield_012.prefab
  artifactKey: Guid(f59020f2156acb6479b79854cae996d1) Importer(815301076,1909f56bfc062723c751e8b465ee728b)
Start importing Assets/SimpleFantasy/Prefabs/Weapons/SF_Wep_Goblin_Shield_012.prefab using Guid(f59020f2156acb6479b79854cae996d1) Importer(815301076,1909f56bfc062723c751e8b465ee728b)  -> (artifact id: 'b92f29916a405668a0f4b576d872a915') in 0.020605 seconds
Number of updated asset objects reloaded before import = 0
Number of asset objects unloaded after import = 9
========================================================================
Received Import Request.
  Time since last request: 0.000012 seconds.
  path: Assets/SimpleFantasy/Prefabs/Weapons/SF_Wep_Hook_01.prefab
  artifactKey: Guid(8dd5746d7e5642f4eb87c6b11b90641d) Importer(815301076,1909f56bfc062723c751e8b465ee728b)
Start importing Assets/SimpleFantasy/Prefabs/Weapons/SF_Wep_Hook_01.prefab using Guid(8dd5746d7e5642f4eb87c6b11b90641d) Importer(815301076,1909f56bfc062723c751e8b465ee728b)  -> (artifact id: 'ee3a84ced49c484ec5a175753a6a11c7') in 0.013366 seconds
Number of updated asset objects reloaded before import = 0
Number of asset objects unloaded after import = 9
========================================================================
Received Import Request.
  Time since last request: 0.000759 seconds.
  path: Assets/SimpleFantasy/Prefabs/Weapons/SF_Wep_Human_Haldberd_01.prefab
  artifactKey: Guid(ebc7b9f8a62fd1f4ba6ceb9e601138c4) Importer(815301076,1909f56bfc062723c751e8b465ee728b)
Start importing Assets/SimpleFantasy/Prefabs/Weapons/SF_Wep_Human_Haldberd_01.prefab using Guid(ebc7b9f8a62fd1f4ba6ceb9e601138c4) Importer(815301076,1909f56bfc062723c751e8b465ee728b)  -> (artifact id: 'f94f989c329cc7969457bb133370ce7e') in 0.009757 seconds
Number of updated asset objects reloaded before import = 0
Number of asset objects unloaded after import = 9
========================================================================
Received Import Request.
  Time since last request: 0.000009 seconds.
  path: Assets/SimpleFantasy/Prefabs/Weapons/SF_Wep_Human_Shield_011.prefab
  artifactKey: Guid(7f765bab054c6264b9cdc433faecaab9) Importer(815301076,1909f56bfc062723c751e8b465ee728b)
Start importing Assets/SimpleFantasy/Prefabs/Weapons/SF_Wep_Human_Shield_011.prefab using Guid(7f765bab054c6264b9cdc433faecaab9) Importer(815301076,1909f56bfc062723c751e8b465ee728b)  -> (artifact id: '5241d3d08d2c9ec03e1615c6c5010a76') in 0.011775 seconds
Number of updated asset objects reloaded before import = 0
Number of asset objects unloaded after import = 9
========================================================================
Received Import Request.
  Time since last request: 0.000013 seconds.
  path: Assets/SimpleFantasy/Prefabs/Weapons/SF_Wep_Human_Shield_01.prefab
  artifactKey: Guid(b3d1f039a07e36f478357e6c28879b94) Importer(815301076,1909f56bfc062723c751e8b465ee728b)
Start importing Assets/SimpleFantasy/Prefabs/Weapons/SF_Wep_Human_Shield_01.prefab using Guid(b3d1f039a07e36f478357e6c28879b94) Importer(815301076,1909f56bfc062723c751e8b465ee728b)  -> (artifact id: 'a46c0bea9ae0f2bfe1ae3bef70079f17') in 0.012368 seconds
Number of updated asset objects reloaded before import = 0
Number of asset objects unloaded after import = 9
========================================================================
Received Import Request.
  Time since last request: 0.000011 seconds.
  path: Assets/SimpleFantasy/Prefabs/Weapons/SF_Wep_Human_Shield_010.prefab
  artifactKey: Guid(b56ad09f781006545b4632ab6a450366) Importer(815301076,1909f56bfc062723c751e8b465ee728b)
Start importing Assets/SimpleFantasy/Prefabs/Weapons/SF_Wep_Human_Shield_010.prefab using Guid(b56ad09f781006545b4632ab6a450366) Importer(815301076,1909f56bfc062723c751e8b465ee728b)  -> (artifact id: 'a11ef08396934c112262cc5c39428fbf') in 0.010931 seconds
Number of updated asset objects reloaded before import = 0
Number of asset objects unloaded after import = 9
========================================================================
Received Import Request.
  Time since last request: 0.000023 seconds.
  path: Assets/SimpleFantasy/Prefabs/Weapons/SF_Wep_KiteShield_Symbol_05.prefab
  artifactKey: Guid(c8d95e4edabd8ae408afe850ab111f85) Importer(815301076,1909f56bfc062723c751e8b465ee728b)
Start importing Assets/SimpleFantasy/Prefabs/Weapons/SF_Wep_KiteShield_Symbol_05.prefab using Guid(c8d95e4edabd8ae408afe850ab111f85) Importer(815301076,1909f56bfc062723c751e8b465ee728b)  -> (artifact id: '8ba277368a1edd115b1b6ef909fa57f8') in 0.011593 seconds
Number of updated asset objects reloaded before import = 0
Number of asset objects unloaded after import = 9
========================================================================
Received Import Request.
  Time since last request: 0.000012 seconds.
  path: Assets/SimpleFantasy/Prefabs/Weapons/SF_Wep_KiteShield_Symbol_011.prefab
  artifactKey: Guid(e840ef1e147458f42b1284b78d87b86a) Importer(815301076,1909f56bfc062723c751e8b465ee728b)
Start importing Assets/SimpleFantasy/Prefabs/Weapons/SF_Wep_KiteShield_Symbol_011.prefab using Guid(e840ef1e147458f42b1284b78d87b86a) Importer(815301076,1909f56bfc062723c751e8b465ee728b)  -> (artifact id: 'f80205d71073ff82445bde6f2f56f0c7') in 0.011411 seconds
Number of updated asset objects reloaded before import = 0
Number of asset objects unloaded after import = 9
========================================================================
Received Import Request.
  Time since last request: 0.000013 seconds.
  path: Assets/SimpleFantasy/Prefabs/Weapons/SF_Wep_RoundShield_Pattern_010.prefab
  artifactKey: Guid(90f6b2e0dbc23e4418d6519ab6fdce03) Importer(815301076,1909f56bfc062723c751e8b465ee728b)
Start importing Assets/SimpleFantasy/Prefabs/Weapons/SF_Wep_RoundShield_Pattern_010.prefab using Guid(90f6b2e0dbc23e4418d6519ab6fdce03) Importer(815301076,1909f56bfc062723c751e8b465ee728b)  -> (artifact id: 'ea2c74742641ae4d1df805e0796588a0') in 0.011793 seconds
Number of updated asset objects reloaded before import = 0
Number of asset objects unloaded after import = 9
========================================================================
Received Import Request.
  Time since last request: 0.000013 seconds.
  path: Assets/SimpleFantasy/Prefabs/Weapons/SF_Wep_KiteShield_01.prefab
  artifactKey: Guid(d3ea238b35b10764790ecbab26134250) Importer(815301076,1909f56bfc062723c751e8b465ee728b)
Start importing Assets/SimpleFantasy/Prefabs/Weapons/SF_Wep_KiteShield_01.prefab using Guid(d3ea238b35b10764790ecbab26134250) Importer(815301076,1909f56bfc062723c751e8b465ee728b)  -> (artifact id: '59356018cf4b0afaa13b447dc78145d4') in 0.001105 seconds
Number of updated asset objects reloaded before import = 0
Number of asset objects unloaded after import = 6
========================================================================
Received Import Request.
  Time since last request: 0.000009 seconds.
  path: Assets/SimpleFantasy/Prefabs/Weapons/SF_Wep_KiteShield_Pattern_07.prefab
  artifactKey: Guid(ca98a5677ff8c2741b116215092c166e) Importer(815301076,1909f56bfc062723c751e8b465ee728b)
Start importing Assets/SimpleFantasy/Prefabs/Weapons/SF_Wep_KiteShield_Pattern_07.prefab using Guid(ca98a5677ff8c2741b116215092c166e) Importer(815301076,1909f56bfc062723c751e8b465ee728b)  -> (artifact id: '794d2a5270f5b48169249226c0cd31e1') in 0.010732 seconds
Number of updated asset objects reloaded before import = 0
Number of asset objects unloaded after import = 9
========================================================================
Received Import Request.
  Time since last request: 0.000011 seconds.
  path: Assets/SimpleFantasy/Prefabs/Weapons/SF_Wep_Human_Shield_05.prefab
  artifactKey: Guid(bada9b66eb3ccac46928034206905d30) Importer(815301076,1909f56bfc062723c751e8b465ee728b)
Start importing Assets/SimpleFantasy/Prefabs/Weapons/SF_Wep_Human_Shield_05.prefab using Guid(bada9b66eb3ccac46928034206905d30) Importer(815301076,1909f56bfc062723c751e8b465ee728b)  -> (artifact id: '18c8c1fa3ff8492ae153d39b4b001315') in 0.011381 seconds
Number of updated asset objects reloaded before import = 0
Number of asset objects unloaded after import = 9
========================================================================
Received Import Request.
  Time since last request: 0.000013 seconds.
  path: Assets/SimpleFantasy/Prefabs/Weapons/SF_Wep_Human_Longsword_01.prefab
  artifactKey: Guid(8e6e95740e5530f45961c6d1f4c65422) Importer(815301076,1909f56bfc062723c751e8b465ee728b)
Start importing Assets/SimpleFantasy/Prefabs/Weapons/SF_Wep_Human_Longsword_01.prefab using Guid(8e6e95740e5530f45961c6d1f4c65422) Importer(815301076,1909f56bfc062723c751e8b465ee728b)  -> (artifact id: 'cbb57ae003ce719acc261d55cb0cd90f') in 0.012706 seconds
Number of updated asset objects reloaded before import = 0
Number of asset objects unloaded after import = 9
========================================================================
Received Import Request.
  Time since last request: 0.062893 seconds.
  path: Assets/SimpleFantasy/Prefabs/Weapons/SF_Wep_RoundShield_Symbol_04.prefab
  artifactKey: Guid(90d7d226b73c98a4bbee5820cc308397) Importer(815301076,1909f56bfc062723c751e8b465ee728b)
Start importing Assets/SimpleFantasy/Prefabs/Weapons/SF_Wep_RoundShield_Symbol_04.prefab using Guid(90d7d226b73c98a4bbee5820cc308397) Importer(815301076,1909f56bfc062723c751e8b465ee728b)  -> (artifact id: '1b156b16d661e69377aa8947eb146ddd') in 0.010645 seconds
Number of updated asset objects reloaded before import = 0
Number of asset objects unloaded after import = 9
========================================================================
Received Import Request.
  Time since last request: 0.000011 seconds.
  path: Assets/SimpleFantasy/Prefabs/Weapons/SF_Wep_RoundShield_Symbol_09.prefab
  artifactKey: Guid(9af004332d3d960478df39101498a8e2) Importer(815301076,1909f56bfc062723c751e8b465ee728b)
Start importing Assets/SimpleFantasy/Prefabs/Weapons/SF_Wep_RoundShield_Symbol_09.prefab using Guid(9af004332d3d960478df39101498a8e2) Importer(815301076,1909f56bfc062723c751e8b465ee728b)  -> (artifact id: '6778e81f7eeeb70a9f0a93b0847e4f3e') in 0.011649 seconds
Number of updated asset objects reloaded before import = 0
Number of asset objects unloaded after import = 9
========================================================================
Received Import Request.
  Time since last request: 0.000014 seconds.
  path: Assets/SimpleFantasy/Prefabs/Weapons/SF_Wep_SplitBlade_01.prefab
  artifactKey: Guid(9eb2976e51eb69c46bf3ee45f9858cf9) Importer(815301076,1909f56bfc062723c751e8b465ee728b)
Start importing Assets/SimpleFantasy/Prefabs/Weapons/SF_Wep_SplitBlade_01.prefab using Guid(9eb2976e51eb69c46bf3ee45f9858cf9) Importer(815301076,1909f56bfc062723c751e8b465ee728b)  -> (artifact id: '31c64bbd2312bdfdd534fbed06919ed1') in 0.011011 seconds
Number of updated asset objects reloaded before import = 0
Number of asset objects unloaded after import = 9
========================================================================
Received Import Request.
  Time since last request: 0.000017 seconds.
  path: Assets/SimpleFantasy/Prefabs/Weapons/SF_Wep_TowerShield_010.prefab
  artifactKey: Guid(5f3b4a1ab4da2114baf004578c64114e) Importer(815301076,1909f56bfc062723c751e8b465ee728b)
Start importing Assets/SimpleFantasy/Prefabs/Weapons/SF_Wep_TowerShield_010.prefab using Guid(5f3b4a1ab4da2114baf004578c64114e) Importer(815301076,1909f56bfc062723c751e8b465ee728b)  -> (artifact id: 'f158376ef06825d91538f0438949abd1') in 0.011511 seconds
Number of updated asset objects reloaded before import = 0
Number of asset objects unloaded after import = 9
========================================================================
Received Import Request.
  Time since last request: 0.000012 seconds.
  path: Assets/SimpleFantasy/Prefabs/Weapons/SF_Wep_Undead_Arrow_01.prefab
  artifactKey: Guid(afe25d4ec475363448b20d1afd8355d7) Importer(815301076,1909f56bfc062723c751e8b465ee728b)
Start importing Assets/SimpleFantasy/Prefabs/Weapons/SF_Wep_Undead_Arrow_01.prefab using Guid(afe25d4ec475363448b20d1afd8355d7) Importer(815301076,1909f56bfc062723c751e8b465ee728b)  -> (artifact id: 'e8dccb9c604f3987d488bfe0d23d9eee') in 0.011256 seconds
Number of updated asset objects reloaded before import = 0
Number of asset objects unloaded after import = 9
========================================================================
Received Import Request.
  Time since last request: 0.000015 seconds.
  path: Assets/SimpleFantasy/Prefabs/Weapons/SF_Wep_Undead_Greatsword_01.prefab
  artifactKey: Guid(4d2419caa9e90224e9ec5f6c04952609) Importer(815301076,1909f56bfc062723c751e8b465ee728b)
Start importing Assets/SimpleFantasy/Prefabs/Weapons/SF_Wep_Undead_Greatsword_01.prefab using Guid(4d2419caa9e90224e9ec5f6c04952609) Importer(815301076,1909f56bfc062723c751e8b465ee728b)  -> (artifact id: 'a468fbb78fe653c0ee4e83f2e1159a7a') in 0.012471 seconds
Number of updated asset objects reloaded before import = 0
Number of asset objects unloaded after import = 9
========================================================================
Received Import Request.
  Time since last request: 0.000013 seconds.
  path: Assets/SimpleFantasy/Prefabs/Weapons/SF_Wep_Undead_Shield_02.prefab
  artifactKey: Guid(4da71251a8bba094f9e31142cfd46069) Importer(815301076,1909f56bfc062723c751e8b465ee728b)
Start importing Assets/SimpleFantasy/Prefabs/Weapons/SF_Wep_Undead_Shield_02.prefab using Guid(4da71251a8bba094f9e31142cfd46069) Importer(815301076,1909f56bfc062723c751e8b465ee728b)  -> (artifact id: '96fc8ae45795e41184f13889fd9a0c2f') in 0.011752 seconds
Number of updated asset objects reloaded before import = 0
Number of asset objects unloaded after import = 9
========================================================================
Received Import Request.
  Time since last request: 0.000014 seconds.
  path: Assets/SimpleFantasy/Prefabs/Weapons/SF_Wep_TowerShield_04.prefab
  artifactKey: Guid(9d5aa8350716b4f4e938e9dfbfee43cb) Importer(815301076,1909f56bfc062723c751e8b465ee728b)
Start importing Assets/SimpleFantasy/Prefabs/Weapons/SF_Wep_TowerShield_04.prefab using Guid(9d5aa8350716b4f4e938e9dfbfee43cb) Importer(815301076,1909f56bfc062723c751e8b465ee728b)  -> (artifact id: '749d2ec9a271577015444d6248d2f0cf') in 0.012673 seconds
Number of updated asset objects reloaded before import = 0
Number of asset objects unloaded after import = 9
========================================================================
Received Import Request.
  Time since last request: 0.000016 seconds.
  path: Assets/SimpleFantasy/Prefabs/Weapons/SF_Wep_Undead_Shield_09.prefab
  artifactKey: Guid(7c114b664cc58fe45a7595d6e7fa3f7e) Importer(815301076,1909f56bfc062723c751e8b465ee728b)
Start importing Assets/SimpleFantasy/Prefabs/Weapons/SF_Wep_Undead_Shield_09.prefab using Guid(7c114b664cc58fe45a7595d6e7fa3f7e) Importer(815301076,1909f56bfc062723c751e8b465ee728b)  -> (artifact id: '2e227fd91382858f5884712067ca7bf7') in 0.011345 seconds
Number of updated asset objects reloaded before import = 0
Number of asset objects unloaded after import = 9
========================================================================
Received Import Request.
  Time since last request: 4.561170 seconds.
  path: Assets/SimpleFantasy/Textures/Character_GoblinKing_Green.png
  artifactKey: Guid(28ba06fa272d6eb4593515d1eade3716) Importer(815301076,1909f56bfc062723c751e8b465ee728b)
Start importing Assets/SimpleFantasy/Textures/Character_GoblinKing_Green.png using Guid(28ba06fa272d6eb4593515d1eade3716) Importer(815301076,1909f56bfc062723c751e8b465ee728b)  -> (artifact id: '7f5385ffdc4c1c757c13c357591b0845') in 0.023272 seconds
Number of updated asset objects reloaded before import = 0
Number of asset objects unloaded after import = 2
========================================================================
Received Import Request.
  Time since last request: 0.000010 seconds.
  path: Assets/SimpleFantasy/Textures/PeasantMan_02.png
  artifactKey: Guid(132e3a1e5902870418aa8f16d126efce) Importer(815301076,1909f56bfc062723c751e8b465ee728b)
Start importing Assets/SimpleFantasy/Textures/PeasantMan_02.png using Guid(132e3a1e5902870418aa8f16d126efce) Importer(815301076,1909f56bfc062723c751e8b465ee728b)  -> (artifact id: '2cecbc38618d608bc4840fe7586030bf') in 0.013828 seconds
Number of updated asset objects reloaded before import = 0
Number of asset objects unloaded after import = 2
========================================================================
Received Import Request.
  Time since last request: 0.000013 seconds.
  path: Assets/SimpleFantasy/Textures/Knight_Heavy.png
  artifactKey: Guid(975cc94aebca64540a4b4a802d809acc) Importer(815301076,1909f56bfc062723c751e8b465ee728b)
Start importing Assets/SimpleFantasy/Textures/Knight_Heavy.png using Guid(975cc94aebca64540a4b4a802d809acc) Importer(815301076,1909f56bfc062723c751e8b465ee728b)  -> (artifact id: '70f8565003557550b206ea08f953771d') in 0.013918 seconds
Number of updated asset objects reloaded before import = 0
Number of asset objects unloaded after import = 2
========================================================================
Received Import Request.
  Time since last request: 0.000012 seconds.
  path: Assets/SimpleFantasy/Textures/Character_Wizard_White.png
  artifactKey: Guid(6e641774d19ba834a9e05d29d8c43cce) Importer(815301076,1909f56bfc062723c751e8b465ee728b)
Start importing Assets/SimpleFantasy/Textures/Character_Wizard_White.png using Guid(6e641774d19ba834a9e05d29d8c43cce) Importer(815301076,1909f56bfc062723c751e8b465ee728b)  -> (artifact id: 'd06705cf581fa42db3543cf620cdd8c3') in 0.012506 seconds
Number of updated asset objects reloaded before import = 0
Number of asset objects unloaded after import = 2
========================================================================
Received Import Request.
  Time since last request: 0.000044 seconds.
  path: Assets/SimpleFantasy/Textures/Character_TownsWoman_White.png
  artifactKey: Guid(9851dda6aef924a45b6879f0a180a578) Importer(815301076,1909f56bfc062723c751e8b465ee728b)
Start importing Assets/SimpleFantasy/Textures/Character_TownsWoman_White.png using Guid(9851dda6aef924a45b6879f0a180a578) Importer(815301076,1909f56bfc062723c751e8b465ee728b)  -> (artifact id: 'aeefcfd1de547d7769e0b2c45fb4ce12') in 0.014305 seconds
Number of updated asset objects reloaded before import = 0
Number of asset objects unloaded after import = 2
========================================================================
Received Import Request.
  Time since last request: 0.000016 seconds.
  path: Assets/SimpleFantasy/Textures/Princess.png
  artifactKey: Guid(290f32aab8f9b724889c6a51b0e8ce44) Importer(815301076,1909f56bfc062723c751e8b465ee728b)
Start importing Assets/SimpleFantasy/Textures/Princess.png using Guid(290f32aab8f9b724889c6a51b0e8ce44) Importer(815301076,1909f56bfc062723c751e8b465ee728b)  -> (artifact id: 'c7925c816ba3bd40636077d5035c7090') in 0.013527 seconds
Number of updated asset objects reloaded before import = 0
Number of asset objects unloaded after import = 2
========================================================================
Received Import Request.
  Time since last request: 0.000012 seconds.
  path: Assets/SimpleFantasy/Textures/Character_Knight01_White.png
  artifactKey: Guid(5c02dc2a7418ac948849c2dc815fd17b) Importer(815301076,1909f56bfc062723c751e8b465ee728b)
Start importing Assets/SimpleFantasy/Textures/Character_Knight01_White.png using Guid(5c02dc2a7418ac948849c2dc815fd17b) Importer(815301076,1909f56bfc062723c751e8b465ee728b)  -> (artifact id: 'd0db36475953d7eed31be9fe82aded28') in 0.014253 seconds
Number of updated asset objects reloaded before import = 0
Number of asset objects unloaded after import = 2
========================================================================
Received Import Request.
  Time since last request: 4.437851 seconds.
  path: Assets/SimpleFantasy/Materials/SF_Character_Bard.mat
  artifactKey: Guid(db67a730d0164924ba669014f2f08d73) Importer(815301076,1909f56bfc062723c751e8b465ee728b)
Start importing Assets/SimpleFantasy/Materials/SF_Character_Bard.mat using Guid(db67a730d0164924ba669014f2f08d73) Importer(815301076,1909f56bfc062723c751e8b465ee728b)  -> (artifact id: '17be2d1948fa3030383a9f7a2f1561eb') in 0.025577 seconds
Number of updated asset objects reloaded before import = 0
Number of asset objects unloaded after import = 2
========================================================================
Received Import Request.
  Time since last request: 0.000019 seconds.
  path: Assets/SimpleFantasy/Materials/SF_Character_Doctor.mat
  artifactKey: Guid(e613e089aefffe74888615db2fe3c7a1) Importer(815301076,1909f56bfc062723c751e8b465ee728b)
Start importing Assets/SimpleFantasy/Materials/SF_Character_Doctor.mat using Guid(e613e089aefffe74888615db2fe3c7a1) Importer(815301076,1909f56bfc062723c751e8b465ee728b)  -> (artifact id: '287c475a29bf694f3401e986b2f2db0b') in 0.011663 seconds
Number of updated asset objects reloaded before import = 0
Number of asset objects unloaded after import = 2
========================================================================
Received Import Request.
  Time since last request: 0.000020 seconds.
  path: Assets/SimpleFantasy/Materials/SF_Character_Undead_Footman_02.mat
  artifactKey: Guid(a62ac0efa8c7ba24193bdef033a7a955) Importer(815301076,1909f56bfc062723c751e8b465ee728b)
Start importing Assets/SimpleFantasy/Materials/SF_Character_Undead_Footman_02.mat using Guid(a62ac0efa8c7ba24193bdef033a7a955) Importer(815301076,1909f56bfc062723c751e8b465ee728b)  -> (artifact id: 'ce03099796c0c31a5c772c024512c337') in 0.011780 seconds
Number of updated asset objects reloaded before import = 0
Number of asset objects unloaded after import = 2
========================================================================
Received Import Request.
  Time since last request: 0.000013 seconds.
  path: Assets/SimpleFantasy/Materials/SF_Character_Jester.mat
  artifactKey: Guid(566dd3f46b66dfd4cb467a8d9fdd7b34) Importer(815301076,1909f56bfc062723c751e8b465ee728b)
Start importing Assets/SimpleFantasy/Materials/SF_Character_Jester.mat using Guid(566dd3f46b66dfd4cb467a8d9fdd7b34) Importer(815301076,1909f56bfc062723c751e8b465ee728b)  -> (artifact id: 'dc34cc519c1e195d93d92056d51da2e5') in 0.010931 seconds
Number of updated asset objects reloaded before import = 0
Number of asset objects unloaded after import = 2
========================================================================
Received Import Request.
  Time since last request: 0.000013 seconds.
  path: Assets/SimpleFantasy/Materials/SF_Character_Knight_Heavy_01.mat
  artifactKey: Guid(92a3f5f69acb0054293a84edfa9678c2) Importer(815301076,1909f56bfc062723c751e8b465ee728b)
Start importing Assets/SimpleFantasy/Materials/SF_Character_Knight_Heavy_01.mat using Guid(92a3f5f69acb0054293a84edfa9678c2) Importer(815301076,1909f56bfc062723c751e8b465ee728b)  -> (artifact id: 'a9ece04ca9b05546bfecc29c91656896') in 0.010604 seconds
Number of updated asset objects reloaded before import = 0
Number of asset objects unloaded after import = 2
========================================================================
Received Import Request.
  Time since last request: 0.000012 seconds.
  path: Assets/SimpleFantasy/Materials/SF_Character_Elf_King.mat
  artifactKey: Guid(54b5892527522874993a2c044bfbc73e) Importer(815301076,1909f56bfc062723c751e8b465ee728b)
Start importing Assets/SimpleFantasy/Materials/SF_Character_Elf_King.mat using Guid(54b5892527522874993a2c044bfbc73e) Importer(815301076,1909f56bfc062723c751e8b465ee728b)  -> (artifact id: 'e109ebfef2f7210768eb2c030807f090') in 0.015348 seconds
Number of updated asset objects reloaded before import = 0
Number of asset objects unloaded after import = 2
========================================================================
Received Import Request.
  Time since last request: 0.000011 seconds.
  path: Assets/SimpleFantasy/Materials/SF_Character_GoblinWarrior.mat
  artifactKey: Guid(3ada332c7350e1346b7e760e962e298f) Importer(815301076,1909f56bfc062723c751e8b465ee728b)
Start importing Assets/SimpleFantasy/Materials/SF_Character_GoblinWarrior.mat using Guid(3ada332c7350e1346b7e760e962e298f) Importer(815301076,1909f56bfc062723c751e8b465ee728b)  -> (artifact id: '436de1b3ea24573f3a68e914602f65b1') in 0.011667 seconds
Number of updated asset objects reloaded before import = 0
Number of asset objects unloaded after import = 2
========================================================================
Received Import Request.
  Time since last request: 0.000018 seconds.
  path: Assets/SimpleFantasy/Materials/SF_Character_Undead_Skeleton.mat
  artifactKey: Guid(dd76b77ceb0e8f345808f3db60439d82) Importer(815301076,1909f56bfc062723c751e8b465ee728b)
Start importing Assets/SimpleFantasy/Materials/SF_Character_Undead_Skeleton.mat using Guid(dd76b77ceb0e8f345808f3db60439d82) Importer(815301076,1909f56bfc062723c751e8b465ee728b)  -> (artifact id: 'a7fbdf23d0f35c4e98fd9cca6e307114') in 0.010988 seconds
Number of updated asset objects reloaded before import = 0
Number of asset objects unloaded after import = 2
========================================================================
Received Import Request.
  Time since last request: 0.000013 seconds.
  path: Assets/SimpleFantasy/Materials/SF_Character_Wizard.mat
  artifactKey: Guid(b6b7c0e395cd6e44fb7ce8eba3c0491c) Importer(815301076,1909f56bfc062723c751e8b465ee728b)
Start importing Assets/SimpleFantasy/Materials/SF_Character_Wizard.mat using Guid(b6b7c0e395cd6e44fb7ce8eba3c0491c) Importer(815301076,1909f56bfc062723c751e8b465ee728b)  -> (artifact id: '441620f93c6f0dbba0f0a5a1632d3b17') in 0.011486 seconds
Number of updated asset objects reloaded before import = 0
Number of asset objects unloaded after import = 2
========================================================================
Received Import Request.
  Time since last request: 0.000012 seconds.
  path: Assets/SimpleFantasy/Materials/SF_Character_Knight_01.mat
  artifactKey: Guid(6b8c1e42adf4bea4d848c976d29c281d) Importer(815301076,1909f56bfc062723c751e8b465ee728b)
Start importing Assets/SimpleFantasy/Materials/SF_Character_Knight_01.mat using Guid(6b8c1e42adf4bea4d848c976d29c281d) Importer(815301076,1909f56bfc062723c751e8b465ee728b)  -> (artifact id: '50672246893f84ece1b0aade0785aa91') in 0.011259 seconds
Number of updated asset objects reloaded before import = 0
Number of asset objects unloaded after import = 2
========================================================================
Received Import Request.
  Time since last request: 0.000011 seconds.
  path: Assets/SimpleFantasy/Materials/SF_Character_Knight_03.mat
  artifactKey: Guid(018cfa2688e21374fb53105d515da68e) Importer(815301076,1909f56bfc062723c751e8b465ee728b)
Start importing Assets/SimpleFantasy/Materials/SF_Character_Knight_03.mat using Guid(018cfa2688e21374fb53105d515da68e) Importer(815301076,1909f56bfc062723c751e8b465ee728b)  -> (artifact id: '798965570852e4aa1700e4fb9b3026d6') in 0.019247 seconds
Number of updated asset objects reloaded before import = 0
Number of asset objects unloaded after import = 2
========================================================================
Received Import Request.
  Time since last request: 0.000013 seconds.
  path: Assets/SimpleFantasy/Materials/SF_Character_Elf_Knight.mat
  artifactKey: Guid(9908c411670673d428fb0b16b111b1de) Importer(815301076,1909f56bfc062723c751e8b465ee728b)
Start importing Assets/SimpleFantasy/Materials/SF_Character_Elf_Knight.mat using Guid(9908c411670673d428fb0b16b111b1de) Importer(815301076,1909f56bfc062723c751e8b465ee728b)  -> (artifact id: '21afd6b02840613d2fa1dfe4999f3e5b') in 0.010101 seconds
Number of updated asset objects reloaded before import = 0
Number of asset objects unloaded after import = 2
========================================================================
Received Import Request.
  Time since last request: 0.000011 seconds.
  path: Assets/SimpleFantasy/Materials/SF_Character_Knight_Gladiator_Closed.mat
  artifactKey: Guid(31f73e89a2d84064fa9bf0683a87ef80) Importer(815301076,1909f56bfc062723c751e8b465ee728b)
Start importing Assets/SimpleFantasy/Materials/SF_Character_Knight_Gladiator_Closed.mat using Guid(31f73e89a2d84064fa9bf0683a87ef80) Importer(815301076,1909f56bfc062723c751e8b465ee728b)  -> (artifact id: 'd3d7f1563ad2eef6736e2473ef2c862d') in 0.011829 seconds
Number of updated asset objects reloaded before import = 0
Number of asset objects unloaded after import = 2
========================================================================
Received Import Request.
  Time since last request: 87.514334 seconds.
  path: Assets/Witches and Wizards Asset Pack/Prefabs/Book1.prefab
  artifactKey: Guid(eb3ca1c98bfad6c499c2ff5a38b90a84) Importer(815301076,1909f56bfc062723c751e8b465ee728b)
Start importing Assets/Witches and Wizards Asset Pack/Prefabs/Book1.prefab using Guid(eb3ca1c98bfad6c499c2ff5a38b90a84) Importer(815301076,1909f56bfc062723c751e8b465ee728b)  -> (artifact id: 'f0cc357fe74ef1993ae68282868c4dee') in 0.126219 seconds
Number of updated asset objects reloaded before import = 0
Number of asset objects unloaded after import = 23
========================================================================
Received Import Request.
  Time since last request: 0.000017 seconds.
  path: Assets/Witches and Wizards Asset Pack/Prefabs/Broomstick1.prefab
  artifactKey: Guid(85e446f4cb5e7d84dac0431b0ec68a5d) Importer(815301076,1909f56bfc062723c751e8b465ee728b)
Start importing Assets/Witches and Wizards Asset Pack/Prefabs/Broomstick1.prefab using Guid(85e446f4cb5e7d84dac0431b0ec68a5d) Importer(815301076,1909f56bfc062723c751e8b465ee728b)  -> (artifact id: 'e8c47ea4c0f059a3e1b4b341609ccd5a') in 0.015475 seconds
Number of updated asset objects reloaded before import = 0
Number of asset objects unloaded after import = 36
========================================================================
Received Import Request.
  Time since last request: 0.000021 seconds.
  path: Assets/Witches and Wizards Asset Pack/Prefabs/Cup.prefab
  artifactKey: Guid(0798d862e67b2f349938cb846a615437) Importer(815301076,1909f56bfc062723c751e8b465ee728b)
Start importing Assets/Witches and Wizards Asset Pack/Prefabs/Cup.prefab using Guid(0798d862e67b2f349938cb846a615437) Importer(815301076,1909f56bfc062723c751e8b465ee728b)  -> (artifact id: 'd5200f6b5dd7b581cb003b10ab37d4ea') in 0.011495 seconds
Number of updated asset objects reloaded before import = 0
Number of asset objects unloaded after import = 23
========================================================================
Received Import Request.
  Time since last request: 0.000014 seconds.
  path: Assets/Witches and Wizards Asset Pack/Prefabs/VialRack.prefab
  artifactKey: Guid(2caa5af560f07f24780b92c9c083f693) Importer(815301076,1909f56bfc062723c751e8b465ee728b)
Start importing Assets/Witches and Wizards Asset Pack/Prefabs/VialRack.prefab using Guid(2caa5af560f07f24780b92c9c083f693) Importer(815301076,1909f56bfc062723c751e8b465ee728b)  -> (artifact id: '659a3ba9924e0c363cca51824b3916a9') in 0.052912 seconds
Number of updated asset objects reloaded before import = 0
Number of asset objects unloaded after import = 31
========================================================================
Received Import Request.
  Time since last request: 0.000014 seconds.
  path: Assets/Witches and Wizards Asset Pack/Prefabs/Wand1A.prefab
  artifactKey: Guid(2cc15cecbfd9ece49ab18f3423d45523) Importer(815301076,1909f56bfc062723c751e8b465ee728b)
Start importing Assets/Witches and Wizards Asset Pack/Prefabs/Wand1A.prefab using Guid(2cc15cecbfd9ece49ab18f3423d45523) Importer(815301076,1909f56bfc062723c751e8b465ee728b)  -> (artifact id: '877639e4ecfcd4f8db0f5fdd2cf19b43') in 0.010641 seconds
Number of updated asset objects reloaded before import = 0
Number of asset objects unloaded after import = 23
========================================================================
Received Import Request.
  Time since last request: 0.000015 seconds.
  path: Assets/Witches and Wizards Asset Pack/Prefabs/Wand10.prefab
  artifactKey: Guid(0a0d4ebbbc7349c4ea3e9d38ff079309) Importer(815301076,1909f56bfc062723c751e8b465ee728b)
Start importing Assets/Witches and Wizards Asset Pack/Prefabs/Wand10.prefab using Guid(0a0d4ebbbc7349c4ea3e9d38ff079309) Importer(815301076,1909f56bfc062723c751e8b465ee728b)  -> (artifact id: '20bd9578bf8f8e14a93212313b4c0536') in 0.012963 seconds
Number of updated asset objects reloaded before import = 0
Number of asset objects unloaded after import = 28
========================================================================
Received Import Request.
  Time since last request: 0.000014 seconds.
  path: Assets/Witches and Wizards Asset Pack/Prefabs/Wand6.prefab
  artifactKey: Guid(934ade533ac2faa4d8cdd7006ad20201) Importer(815301076,1909f56bfc062723c751e8b465ee728b)
Start importing Assets/Witches and Wizards Asset Pack/Prefabs/Wand6.prefab using Guid(934ade533ac2faa4d8cdd7006ad20201) Importer(815301076,1909f56bfc062723c751e8b465ee728b)  -> (artifact id: 'aa265dc2c0f93446e3923c75d07f54b1') in 0.010749 seconds
Number of updated asset objects reloaded before import = 0
Number of asset objects unloaded after import = 31
========================================================================
Received Import Request.
  Time since last request: 0.000017 seconds.
  path: Assets/Witches and Wizards Asset Pack/Prefabs/Wand11.prefab
  artifactKey: Guid(1eba170338476fd4c94c9fcff595b5ba) Importer(815301076,1909f56bfc062723c751e8b465ee728b)
Start importing Assets/Witches and Wizards Asset Pack/Prefabs/Wand11.prefab using Guid(1eba170338476fd4c94c9fcff595b5ba) Importer(815301076,1909f56bfc062723c751e8b465ee728b)  -> (artifact id: '216e0021a8bf2c752fa17ab2516c76fc') in 0.010728 seconds
Number of updated asset objects reloaded before import = 0
Number of asset objects unloaded after import = 22
========================================================================
Received Import Request.
  Time since last request: 0.000015 seconds.
  path: Assets/Witches and Wizards Asset Pack/Prefabs/BrassInkWell.prefab
  artifactKey: Guid(1b6acb4ec7e010d44ba8bc144d5d7235) Importer(815301076,1909f56bfc062723c751e8b465ee728b)
Start importing Assets/Witches and Wizards Asset Pack/Prefabs/BrassInkWell.prefab using Guid(1b6acb4ec7e010d44ba8bc144d5d7235) Importer(815301076,1909f56bfc062723c751e8b465ee728b)  -> (artifact id: '968f9aa2dc53fee37c8c846ade1d997a') in 0.015077 seconds
Number of updated asset objects reloaded before import = 0
Number of asset objects unloaded after import = 31
========================================================================
Received Import Request.
  Time since last request: 0.000014 seconds.
  path: Assets/Witches and Wizards Asset Pack/Prefabs/Wand9.prefab
  artifactKey: Guid(29c0fca7bef86464b9890ccd0464943c) Importer(815301076,1909f56bfc062723c751e8b465ee728b)
Start importing Assets/Witches and Wizards Asset Pack/Prefabs/Wand9.prefab using Guid(29c0fca7bef86464b9890ccd0464943c) Importer(815301076,1909f56bfc062723c751e8b465ee728b)  -> (artifact id: '6b96ab8fb0b044dd9876136d9758588c') in 0.011356 seconds
Number of updated asset objects reloaded before import = 0
Number of asset objects unloaded after import = 22
========================================================================
Received Import Request.
  Time since last request: 0.000012 seconds.
  path: Assets/Witches and Wizards Asset Pack/Prefabs/Quill2.prefab
  artifactKey: Guid(abf28bc049a343841aa65fbdc12426cf) Importer(815301076,1909f56bfc062723c751e8b465ee728b)
Start importing Assets/Witches and Wizards Asset Pack/Prefabs/Quill2.prefab using Guid(abf28bc049a343841aa65fbdc12426cf) Importer(815301076,1909f56bfc062723c751e8b465ee728b)  -> (artifact id: 'daf2fb12379c0d796e29db357e743dcf') in 0.053879 seconds
Number of updated asset objects reloaded before import = 0
Number of asset objects unloaded after import = 17
========================================================================
Received Import Request.
  Time since last request: 0.000016 seconds.
  path: Assets/Witches and Wizards Asset Pack/Prefabs/Book4.prefab
  artifactKey: Guid(168fbca401c632a4888cbf723b0bbcf1) Importer(815301076,1909f56bfc062723c751e8b465ee728b)
Start importing Assets/Witches and Wizards Asset Pack/Prefabs/Book4.prefab using Guid(168fbca401c632a4888cbf723b0bbcf1) Importer(815301076,1909f56bfc062723c751e8b465ee728b)  -> (artifact id: '8a8e1c436be86f1516bb0c6c14c79ef0') in 0.011909 seconds
Number of updated asset objects reloaded before import = 0
Number of asset objects unloaded after import = 33
========================================================================
Received Import Request.
  Time since last request: 0.000018 seconds.
  path: Assets/Witches and Wizards Asset Pack/Prefabs/Bottle2.prefab
  artifactKey: Guid(78c9bf73a6b66db46937494c615199ee) Importer(815301076,1909f56bfc062723c751e8b465ee728b)
Start importing Assets/Witches and Wizards Asset Pack/Prefabs/Bottle2.prefab using Guid(78c9bf73a6b66db46937494c615199ee) Importer(815301076,1909f56bfc062723c751e8b465ee728b)  -> (artifact id: '9fe50ce51297ef94d969d4574b713149') in 0.127933 seconds
Number of updated asset objects reloaded before import = 0
Number of asset objects unloaded after import = 33
========================================================================
Received Import Request.
  Time since last request: 0.000023 seconds.
  path: Assets/Witches and Wizards Asset Pack/Prefabs/Vial.prefab
  artifactKey: Guid(9695eaedb278f9d428e902d1b076c5a7) Importer(815301076,1909f56bfc062723c751e8b465ee728b)
Start importing Assets/Witches and Wizards Asset Pack/Prefabs/Vial.prefab using Guid(9695eaedb278f9d428e902d1b076c5a7) Importer(815301076,1909f56bfc062723c751e8b465ee728b)  -> (artifact id: 'a1e18ed6fc354f6ef6c87985a5bc9ded') in 0.010888 seconds
Number of updated asset objects reloaded before import = 0
Number of asset objects unloaded after import = 28
========================================================================
Received Import Request.
  Time since last request: 0.000012 seconds.
  path: Assets/Witches and Wizards Asset Pack/Prefabs/Wand3.prefab
  artifactKey: Guid(5d3df2f1fece26d4da4b38d83efc1300) Importer(815301076,1909f56bfc062723c751e8b465ee728b)
Start importing Assets/Witches and Wizards Asset Pack/Prefabs/Wand3.prefab using Guid(5d3df2f1fece26d4da4b38d83efc1300) Importer(815301076,1909f56bfc062723c751e8b465ee728b)  -> (artifact id: 'a75ec7967afd84df92731f136bb954b5') in 0.094617 seconds
Number of updated asset objects reloaded before import = 0
Number of asset objects unloaded after import = 24
========================================================================
Received Import Request.
  Time since last request: 0.000015 seconds.
  path: Assets/Witches and Wizards Asset Pack/Prefabs/Cauldron1.prefab
  artifactKey: Guid(62355a28b41bfc844b5b483bcc043ddb) Importer(815301076,1909f56bfc062723c751e8b465ee728b)
Start importing Assets/Witches and Wizards Asset Pack/Prefabs/Cauldron1.prefab using Guid(62355a28b41bfc844b5b483bcc043ddb) Importer(815301076,1909f56bfc062723c751e8b465ee728b)  -> (artifact id: '480f1fa49d855d9ec42e9d525aeff789') in 0.011552 seconds
Number of updated asset objects reloaded before import = 0
Number of asset objects unloaded after import = 33
========================================================================
Received Import Request.
  Time since last request: 0.000012 seconds.
  path: Assets/Witches and Wizards Asset Pack/Prefabs/Book3.prefab
  artifactKey: Guid(49272f851808b8147b660191856c417b) Importer(815301076,1909f56bfc062723c751e8b465ee728b)
Start importing Assets/Witches and Wizards Asset Pack/Prefabs/Book3.prefab using Guid(49272f851808b8147b660191856c417b) Importer(815301076,1909f56bfc062723c751e8b465ee728b)  -> (artifact id: '43ce39751d40fd7afb6153f7a30179b2') in 0.012100 seconds
Number of updated asset objects reloaded before import = 0
Number of asset objects unloaded after import = 23
========================================================================
Received Import Request.
  Time since last request: 0.000013 seconds.
  path: Assets/Witches and Wizards Asset Pack/Prefabs/OwlCage1.prefab
  artifactKey: Guid(75df85b89cc670e439487e09b5e8665d) Importer(815301076,1909f56bfc062723c751e8b465ee728b)
Start importing Assets/Witches and Wizards Asset Pack/Prefabs/OwlCage1.prefab using Guid(75df85b89cc670e439487e09b5e8665d) Importer(815301076,1909f56bfc062723c751e8b465ee728b)  -> (artifact id: '73773b14d1b68442c5fedf315ca1acc1') in 0.013849 seconds
Number of updated asset objects reloaded before import = 0
Number of asset objects unloaded after import = 47
========================================================================
Received Import Request.
  Time since last request: 0.000011 seconds.
  path: Assets/Witches and Wizards Asset Pack/Prefabs/Wand4.prefab
  artifactKey: Guid(00f829159f236ef4f848927f1c04b005) Importer(815301076,1909f56bfc062723c751e8b465ee728b)
Start importing Assets/Witches and Wizards Asset Pack/Prefabs/Wand4.prefab using Guid(00f829159f236ef4f848927f1c04b005) Importer(815301076,1909f56bfc062723c751e8b465ee728b)  -> (artifact id: 'e44e59d1e56fee720b9557be8eeb97b8') in 0.010859 seconds
Number of updated asset objects reloaded before import = 0
Number of asset objects unloaded after import = 33
========================================================================
Received Import Request.
  Time since last request: 0.000012 seconds.
  path: Assets/Witches and Wizards Asset Pack/Prefabs/Broomstick2.prefab
  artifactKey: Guid(67ef958285ac3db4b8176c7f1e54bb59) Importer(815301076,1909f56bfc062723c751e8b465ee728b)
Start importing Assets/Witches and Wizards Asset Pack/Prefabs/Broomstick2.prefab using Guid(67ef958285ac3db4b8176c7f1e54bb59) Importer(815301076,1909f56bfc062723c751e8b465ee728b)  -> (artifact id: '7cd464723f9be8460f64707b2eb2e575') in 0.012239 seconds
Number of updated asset objects reloaded before import = 0
Number of asset objects unloaded after import = 37
========================================================================
Received Import Request.
  Time since last request: 6.778518 seconds.
  path: Assets/Witches and Wizards Asset Pack/Models/Bottle3.fbx
  artifactKey: Guid(6f5a29a25a6f28e409c320feb56ed11f) Importer(815301076,1909f56bfc062723c751e8b465ee728b)
Start importing Assets/Witches and Wizards Asset Pack/Models/Bottle3.fbx using Guid(6f5a29a25a6f28e409c320feb56ed11f) Importer(815301076,1909f56bfc062723c751e8b465ee728b)  -> (artifact id: 'ede40ef7d1d91b58cb7fbb2e5110f7a3') in 0.044916 seconds
Number of updated asset objects reloaded before import = 0
Number of asset objects unloaded after import = 33
========================================================================
Received Import Request.
  Time since last request: 0.000015 seconds.
  path: Assets/Witches and Wizards Asset Pack/Models/Wand11.fbx
  artifactKey: Guid(53396fa0544b06b478aa5417189a07be) Importer(815301076,1909f56bfc062723c751e8b465ee728b)
Start importing Assets/Witches and Wizards Asset Pack/Models/Wand11.fbx using Guid(53396fa0544b06b478aa5417189a07be) Importer(815301076,1909f56bfc062723c751e8b465ee728b)  -> (artifact id: '6c6de82e5f146ce7399b309a17facfba') in 0.029205 seconds
Number of updated asset objects reloaded before import = 0
Number of asset objects unloaded after import = 22
========================================================================
Received Import Request.
  Time since last request: 0.000015 seconds.
  path: Assets/Witches and Wizards Asset Pack/Models/Quill2.fbx
  artifactKey: Guid(e2498fd0c9cb2dc4f9fee0b10a7bdb77) Importer(815301076,1909f56bfc062723c751e8b465ee728b)
Start importing Assets/Witches and Wizards Asset Pack/Models/Quill2.fbx using Guid(e2498fd0c9cb2dc4f9fee0b10a7bdb77) Importer(815301076,1909f56bfc062723c751e8b465ee728b)  -> (artifact id: 'ed1df1f5233a87404a1646aa53c5e81e') in 0.027027 seconds
Number of updated asset objects reloaded before import = 0
Number of asset objects unloaded after import = 17
========================================================================
Received Import Request.
  Time since last request: 0.000013 seconds.
  path: Assets/Witches and Wizards Asset Pack/Models/BrassInkWell.fbx
  artifactKey: Guid(429bfd0fbd9ce974b9505aae88cdce42) Importer(815301076,1909f56bfc062723c751e8b465ee728b)
Start importing Assets/Witches and Wizards Asset Pack/Models/BrassInkWell.fbx using Guid(429bfd0fbd9ce974b9505aae88cdce42) Importer(815301076,1909f56bfc062723c751e8b465ee728b)  -> (artifact id: '714d0f11293717c66013245e2e304776') in 0.034697 seconds
Number of updated asset objects reloaded before import = 0
Number of asset objects unloaded after import = 27
========================================================================
Received Import Request.
  Time since last request: 0.000018 seconds.
  path: Assets/Witches and Wizards Asset Pack/Models/Ladle.fbx
  artifactKey: Guid(9713f7d2e2861a545a062953fa2a2fb6) Importer(815301076,1909f56bfc062723c751e8b465ee728b)
Start importing Assets/Witches and Wizards Asset Pack/Models/Ladle.fbx using Guid(9713f7d2e2861a545a062953fa2a2fb6) Importer(815301076,1909f56bfc062723c751e8b465ee728b)  -> (artifact id: 'c84457137e8f51a82a24f58f0ff66047') in 0.022900 seconds
Number of updated asset objects reloaded before import = 0
Number of asset objects unloaded after import = 16
========================================================================
Received Import Request.
  Time since last request: 0.000015 seconds.
  path: Assets/Witches and Wizards Asset Pack/Models/Wand 8.fbx
  artifactKey: Guid(fffba1ea268e457418f3f314fa3ba052) Importer(815301076,1909f56bfc062723c751e8b465ee728b)
Start importing Assets/Witches and Wizards Asset Pack/Models/Wand 8.fbx using Guid(fffba1ea268e457418f3f314fa3ba052) Importer(815301076,1909f56bfc062723c751e8b465ee728b)  -> (artifact id: '6c94a76af50d25ed650c7d27b775c6cf') in 0.037883 seconds
Number of updated asset objects reloaded before import = 0
Number of asset objects unloaded after import = 32
========================================================================
Received Import Request.
  Time since last request: 0.000017 seconds.
  path: Assets/Witches and Wizards Asset Pack/Models/Pedestal.fbx
  artifactKey: Guid(664188c76155dc245b2c14403c9fb9e3) Importer(815301076,1909f56bfc062723c751e8b465ee728b)
Start importing Assets/Witches and Wizards Asset Pack/Models/Pedestal.fbx using Guid(664188c76155dc245b2c14403c9fb9e3) Importer(815301076,1909f56bfc062723c751e8b465ee728b)  -> (artifact id: 'c91ba8858ad8af76b75ed01b6837bff9') in 0.022777 seconds
Number of updated asset objects reloaded before import = 0
Number of asset objects unloaded after import = 16
========================================================================
Received Import Request.
  Time since last request: 0.000021 seconds.
  path: Assets/Witches and Wizards Asset Pack/Models/Broomstick3.fbx
  artifactKey: Guid(55de14a08d37a1d43818646041b32a09) Importer(815301076,1909f56bfc062723c751e8b465ee728b)
Start importing Assets/Witches and Wizards Asset Pack/Models/Broomstick3.fbx using Guid(55de14a08d37a1d43818646041b32a09) Importer(815301076,1909f56bfc062723c751e8b465ee728b)  -> (artifact id: 'e3a907974fd11525e7435eac86e8a7ee') in 0.038438 seconds
Number of updated asset objects reloaded before import = 0
Number of asset objects unloaded after import = 33
========================================================================
Received Import Request.
  Time since last request: 1.404759 seconds.
  path: Assets/Witches and Wizards Asset Pack/Materials/Book4.mat
  artifactKey: Guid(0a3c4a70e87f33740bf92239cdef6af0) Importer(815301076,1909f56bfc062723c751e8b465ee728b)
Start importing Assets/Witches and Wizards Asset Pack/Materials/Book4.mat using Guid(0a3c4a70e87f33740bf92239cdef6af0) Importer(815301076,1909f56bfc062723c751e8b465ee728b)  -> (artifact id: 'd276a7fc5f73349e03ef02322bf4e1b5') in 0.016009 seconds
Number of updated asset objects reloaded before import = 0
Number of asset objects unloaded after import = 3
========================================================================
Received Import Request.
  Time since last request: 0.000012 seconds.
  path: Assets/Witches and Wizards Asset Pack/Materials/Brass.mat
  artifactKey: Guid(5dbbaebc17fa3f74ebfeb69a2365eb52) Importer(815301076,1909f56bfc062723c751e8b465ee728b)
Start importing Assets/Witches and Wizards Asset Pack/Materials/Brass.mat using Guid(5dbbaebc17fa3f74ebfeb69a2365eb52) Importer(815301076,1909f56bfc062723c751e8b465ee728b)  -> (artifact id: '3e12ea0452c9cfaa2cc72c4579c89bca') in 0.012626 seconds
Number of updated asset objects reloaded before import = 0
Number of asset objects unloaded after import = 3
========================================================================
Received Import Request.
  Time since last request: 0.000017 seconds.
  path: Assets/Witches and Wizards Asset Pack/Materials/Wand8.mat
  artifactKey: Guid(b4ddf55a186b6be479d0ddc133dfda56) Importer(815301076,1909f56bfc062723c751e8b465ee728b)
Start importing Assets/Witches and Wizards Asset Pack/Materials/Wand8.mat using Guid(b4ddf55a186b6be479d0ddc133dfda56) Importer(815301076,1909f56bfc062723c751e8b465ee728b)  -> (artifact id: '26b1885365450d5e47e8b3983efadf2e') in 0.010111 seconds
Number of updated asset objects reloaded before import = 0
Number of asset objects unloaded after import = 4
========================================================================
Received Import Request.
  Time since last request: 0.000020 seconds.
  path: Assets/Witches and Wizards Asset Pack/Materials/Metal2.mat
  artifactKey: Guid(4afd58c02d015c541943dd06ab441af2) Importer(815301076,1909f56bfc062723c751e8b465ee728b)
Start importing Assets/Witches and Wizards Asset Pack/Materials/Metal2.mat using Guid(4afd58c02d015c541943dd06ab441af2) Importer(815301076,1909f56bfc062723c751e8b465ee728b)  -> (artifact id: 'a54e75f59a85a11b396f903cab006065') in 0.011481 seconds
Number of updated asset objects reloaded before import = 0
Number of asset objects unloaded after import = 3
========================================================================
Received Import Request.
  Time since last request: 0.000014 seconds.
  path: Assets/Witches and Wizards Asset Pack/Materials/Wand6.mat
  artifactKey: Guid(2e090c732b9385841b408808fce553b6) Importer(815301076,1909f56bfc062723c751e8b465ee728b)
Start importing Assets/Witches and Wizards Asset Pack/Materials/Wand6.mat using Guid(2e090c732b9385841b408808fce553b6) Importer(815301076,1909f56bfc062723c751e8b465ee728b)  -> (artifact id: '9b98724a9f8610646c56f8bd4dc9ac1f') in 0.011066 seconds
Number of updated asset objects reloaded before import = 0
Number of asset objects unloaded after import = 1
========================================================================
Received Import Request.
  Time since last request: 0.000015 seconds.
  path: Assets/Witches and Wizards Asset Pack/Materials/Steel.mat
  artifactKey: Guid(4102c768f9bc2e143b2aa6e2021d3369) Importer(815301076,1909f56bfc062723c751e8b465ee728b)
Start importing Assets/Witches and Wizards Asset Pack/Materials/Steel.mat using Guid(4102c768f9bc2e143b2aa6e2021d3369) Importer(815301076,1909f56bfc062723c751e8b465ee728b)  -> (artifact id: '389b96774e84db1d29c6b5b208e99a5d') in 0.011451 seconds
Number of updated asset objects reloaded before import = 0
Number of asset objects unloaded after import = 3
========================================================================
Received Import Request.
  Time since last request: 0.000011 seconds.
  path: Assets/Witches and Wizards Asset Pack/Materials/OwlCage1.mat
  artifactKey: Guid(db25b3d53419da541b5eb0b232197174) Importer(815301076,1909f56bfc062723c751e8b465ee728b)
Start importing Assets/Witches and Wizards Asset Pack/Materials/OwlCage1.mat using Guid(db25b3d53419da541b5eb0b232197174) Importer(815301076,1909f56bfc062723c751e8b465ee728b)  -> (artifact id: '8b4a8e67c84ac6ce72daa91a5e54c845') in 0.011930 seconds
Number of updated asset objects reloaded before import = 0
Number of asset objects unloaded after import = 3
========================================================================
Received Import Request.
  Time since last request: 0.000013 seconds.
  path: Assets/Witches and Wizards Asset Pack/Materials/Floor.mat
  artifactKey: Guid(f80c863b2e153a04fa5f6acdbb23d518) Importer(815301076,1909f56bfc062723c751e8b465ee728b)
Start importing Assets/Witches and Wizards Asset Pack/Materials/Floor.mat using Guid(f80c863b2e153a04fa5f6acdbb23d518) Importer(815301076,1909f56bfc062723c751e8b465ee728b)  -> (artifact id: 'd54cfb8b33268b8212c0ae2111f13f0f') in 0.011248 seconds
Number of updated asset objects reloaded before import = 0
Number of asset objects unloaded after import = 2
========================================================================
Received Import Request.
  Time since last request: 0.000017 seconds.
  path: Assets/Witches and Wizards Asset Pack/Materials/Book6.mat
  artifactKey: Guid(dfaa2207cbf9b7e47b994f75c834c930) Importer(815301076,1909f56bfc062723c751e8b465ee728b)
Start importing Assets/Witches and Wizards Asset Pack/Materials/Book6.mat using Guid(dfaa2207cbf9b7e47b994f75c834c930) Importer(815301076,1909f56bfc062723c751e8b465ee728b)  -> (artifact id: '13951df60aacb0568d3cc3923802ee1f') in 0.011007 seconds
Number of updated asset objects reloaded before import = 0
Number of asset objects unloaded after import = 3
========================================================================
Received Prepare
Begin MonoManager ReloadAssembly
- Loaded All Assemblies, in  0.284 seconds
Refreshing native plugins compatible for Editor in 1.78 ms, found 3 plugins.
Native extension for WindowsStandalone target not found
Native extension for WebGL target not found
[Package Manager] Server::EnsureServerProcessIsRunning -- launch failed, reason: Unity was launched with the -noUpm command-line argument
[Package Manager] UpmClient::Send -- Unable to send message (not connected to UPM process).
[Package Manager] Cannot connect to Unity Package Manager local server
Mono: successfully reloaded assembly
- Finished resetting the current domain, in  0.573 seconds
Domain Reload Profiling: 855ms
	BeginReloadAssembly (100ms)
		ExecutionOrderSort (0ms)
		DisableScriptedObjects (2ms)
		BackupInstance (0ms)
		ReleaseScriptingObjects (0ms)
		CreateAndSetChildDomain (21ms)
	RebuildCommonClasses (22ms)
	RebuildNativeTypeToScriptingClass (8ms)
	initialDomainReloadingComplete (18ms)
	LoadAllAssembliesAndSetupDomain (134ms)
		LoadAssemblies (173ms)
		RebuildTransferFunctionScriptingTraits (0ms)
		AnalyzeDomain (14ms)
			TypeCache.Refresh (7ms)
				TypeCache.ScanAssembly (0ms)
			ScanForSourceGeneratedMonoScriptInfo (4ms)
			ResolveRequiredComponents (2ms)
	FinalizeReload (573ms)
		ReleaseScriptCaches (0ms)
		RebuildScriptCaches (0ms)
		SetupLoadedEditorAssemblies (261ms)
			LogAssemblyErrors (0ms)
			InitializePlatformSupportModulesInManaged (5ms)
			SetLoadedEditorAssemblies (2ms)
			RefreshPlugins (0ms)
			BeforeProcessingInitializeOnLoad (37ms)
			ProcessInitializeOnLoadAttributes (196ms)
			ProcessInitializeOnLoadMethodAttributes (15ms)
			AfterProcessingInitializeOnLoad (6ms)
			EditorAssembliesLoaded (0ms)
		ExecutionOrderSort2 (0ms)
		AwakeInstancesAfterBackupRestoration (7ms)
Refreshing native plugins compatible for Editor in 1.63 ms, found 3 plugins.
Preloading 0 native plugins for Editor in 0.00 ms.
Unloading 3093 Unused Serialized files (Serialized files now loaded: 0)
Unloading 31 unused Assets / (0.5 MB). Loaded Objects now: 3606.
Memory consumption went from 133.8 MB to 133.3 MB.
Total: 1.817000 ms (FindLiveObjects: 0.150600 ms CreateObjectMapping: 0.041800 ms MarkObjects: 1.424000 ms  DeleteObjects: 0.199800 ms)

Prepare: number of updated asset objects reloaded= 0
AssetImportParameters requested are different than current active one (requested -> active):
  custom:container-demuxer-ogg: 62fdf1f143b41e24485cea50d1cbac27 -> 
  custom:video-codec-MediaFoundation-h265: 746d11721c4dcdbdad8f713fa42b33f4 -> 
  custom:video-decoder-ogg-theora: a1e56fd34408186e4bbccfd4996cb3dc -> 
  custom:framework-win-MediaFoundation: 216162199b28c13a410421893ffa2e32 -> 
  custom:CustomObjectIndexerAttribute: 6d391050e5a25f67b0a2c618074f2cd9 -> 
  custom:container-demuxer-webm: 4f35f7cbe854078d1ac9338744f61a02 -> 
  custom:container-muxer-webm: aa71ff27fc2769a1b78a27578f13a17b -> 
  custom:video-decoder-webm-vp8: 9c59270c3fd7afecdb556c50c9e8de78 -> 
  custom:SearchIndexIgnoredProperties: e643bd26f0fe6173181afceb89e7c659 -> 
  custom:AudioImporter_EditorPlatform: d09bf68614088b80899f8185d706f6e7 -> 
  custom:video-encoder-webm-vp8: eb34c28f22e8b96e1ab97ce403110664 -> 
  custom:audio-decoder-ogg-vorbis: bf7c407c2cedff20999df2af8eb42d56 -> 
  custom:audio-encoder-webm-vorbis: bf7c407c2cedff20999df2af8eb42d56 -> 
Editor requested this worker to shutdown with reason: Scaling down because of idle timeout
TcpMessagingSession - receive error: operation aborted. errorcode: 995, details: The I/O operation has been aborted because of either a thread exit or an application request.
AssetImportWorker is now disconnected from the server
Process exiting
Exiting without the bug reporter. Application will terminate with return code 0