Unity Editor version:    2022.3.17f1 (4fc78088f837)
Branch:                  2022.3/staging
Build type:              Release
Batch mode:              YES
macOS version:           Version 14.1.2 (Build 23B92)
Darwin version:          23.1.0
Architecture:            arm64
Running under Rosetta:   NO
Available memory:        16384 MB
Using pre-set license
Pro License: YES

COMMAND LINE ARGUMENTS:
/Applications/Unity/Hub/Editor/2022.3.17f1/Unity.app/Contents/MacOS/Unity
-adb2
-batchMode
-noUpm
-name
AssetImportWorker2
-projectPath
/Users/jlam/Documents/GitHub/Lumina-Glen-UPDATE
-logFile
Logs/AssetImportWorker2.log
-srvPort
61424
Successfully changed project path to: /Users/jlam/Documents/GitHub/Lumina-Glen-UPDATE
/Users/jlam/Documents/GitHub/Lumina-Glen-UPDATE
[UnityMemory] Configuration Parameters - Can be set up in boot.config
    "memorysetup-bucket-allocator-granularity=16"
    "memorysetup-bucket-allocator-bucket-count=8"
    "memorysetup-bucket-allocator-block-size=33554432"
    "memorysetup-bucket-allocator-block-count=8"
    "memorysetup-main-allocator-block-size=16777216"
    "memorysetup-thread-allocator-block-size=16777216"
    "memorysetup-gfx-main-allocator-block-size=16777216"
    "memorysetup-gfx-thread-allocator-block-size=16777216"
    "memorysetup-cache-allocator-block-size=4194304"
    "memorysetup-typetree-allocator-block-size=2097152"
    "memorysetup-profiler-bucket-allocator-granularity=16"
    "memorysetup-profiler-bucket-allocator-bucket-count=8"
    "memorysetup-profiler-bucket-allocator-block-size=33554432"
    "memorysetup-profiler-bucket-allocator-block-count=8"
    "memorysetup-profiler-allocator-block-size=16777216"
    "memorysetup-profiler-editor-allocator-block-size=1048576"
    "memorysetup-temp-allocator-size-main=16777216"
    "memorysetup-job-temp-allocator-block-size=2097152"
    "memorysetup-job-temp-allocator-block-size-background=1048576"
    "memorysetup-job-temp-allocator-reduction-small-platforms=262144"
    "memorysetup-allocator-temp-initial-block-size-main=262144"
    "memorysetup-allocator-temp-initial-block-size-worker=262144"
    "memorysetup-temp-allocator-size-background-worker=32768"
    "memorysetup-temp-allocator-size-job-worker=262144"
    "memorysetup-temp-allocator-size-preload-manager=33554432"
    "memorysetup-temp-allocator-size-nav-mesh-worker=65536"
    "memorysetup-temp-allocator-size-audio-worker=65536"
    "memorysetup-temp-allocator-size-cloud-worker=32768"
    "memorysetup-temp-allocator-size-gi-baking-worker=262144"
    "memorysetup-temp-allocator-size-gfx=262144"
Player connection [7989550784] Host "[IP] 10.0.0.92 [Port] 0 [Flags] 2 [Guid] 1660326730 [EditorId] 1660326730 [Version] 1048832 [Id] OSXEditor(0,Julies-MacBook-Pro.local) [Debug] 1 [PackageName] OSXEditor [ProjectName] Editor" joined multi-casting on [225.0.0.222:54997]...

Player connection [7989550784] Host "[IP] 10.0.0.92 [Port] 0 [Flags] 2 [Guid] 1660326730 [EditorId] 1660326730 [Version] 1048832 [Id] OSXEditor(0,Julies-MacBook-Pro.local) [Debug] 1 [PackageName] OSXEditor [ProjectName] Editor" joined alternative multi-casting on [225.0.0.222:34997]...

[Physics::Module] Initialized MultithreadedJobDispatcher with 7 workers.
Refreshing native plugins compatible for Editor in 16.79 ms, found 2 plugins.
Preloading 0 native plugins for Editor in 0.00 ms.
Initialize engine version: 2022.3.17f1 (4fc78088f837)
[Subsystems] Discovering subsystems at path /Applications/Unity/Hub/Editor/2022.3.17f1/Unity.app/Contents/Resources/UnitySubsystems
[Subsystems] Discovering subsystems at path /Users/jlam/Documents/GitHub/Lumina-Glen-UPDATE/Assets
GfxDevice: creating device client; threaded=0; jobified=0
 preferred device: Apple M1 (high power)
Metal devices available: 1
0: Apple M1 (high power)
Using device Apple M1 (high power)
Initializing Metal device caps: Apple M1
Initialize mono
Mono path[0] = '/Applications/Unity/Hub/Editor/2022.3.17f1/Unity.app/Contents/Managed'
Mono path[1] = '/Applications/Unity/Hub/Editor/2022.3.17f1/Unity.app/Contents/MonoBleedingEdge/lib/mono/unityjit-macos'
Mono config path = '/Applications/Unity/Hub/Editor/2022.3.17f1/Unity.app/Contents/MonoBleedingEdge/etc'
Using monoOptions --debugger-agent=transport=dt_socket,embedding=1,server=y,suspend=n,address=127.0.0.1:56760
Begin MonoManager ReloadAssembly
Registering precompiled unity dll's ...
Register platform support module: /Applications/Unity/Hub/Editor/2022.3.17f1/PlaybackEngines/WebGLSupport/UnityEditor.WebGL.Extensions.dll
Register platform support module: /Applications/Unity/Hub/Editor/2022.3.17f1/Unity.app/Contents/PlaybackEngines/MacStandaloneSupport/UnityEditor.OSXStandalone.Extensions.dll
Registered in 0.004288 seconds.
- Loaded All Assemblies, in  0.481 seconds
Native extension for OSXStandalone target not found
Native extension for WebGL target not found
We weren't able to parse search user settings at /Users/jlam/Documents/GitHub/Lumina-Glen-UPDATE/UserSettings/Search.settings. We will fallback to default settings.
UnityEngine.UnityException: SJSON Parse Error (/Users/jlam/Documents/GitHub/Lumina-Glen-UPDATE/UserSettings/Search.settings) at line 0: Error consuming: =

{}

  at UnityEditor.SJSON.Load (System.String path) [0x00029] in /Users/bokken/build/output/unity/unity/Editor/Mono/SJSON.bindings.cs:35 
  at UnityEditor.Search.SearchSettingsStorage.Load () [0x00004] in /Users/bokken/build/output/unity/unity/Modules/QuickSearch/Editor/SearchSettings.cs:221 
UnityEngine.StackTraceUtility:ExtractStackTrace () (at /Users/bokken/build/output/unity/unity/Runtime/Export/Scripting/StackTrace.cs:37)
UnityEngine.DebugLogHandler:LogFormat (UnityEngine.LogType,UnityEngine.Object,string,object[])
UnityEngine.Logger:Log (UnityEngine.LogType,object)
UnityEngine.Debug:LogError (object)
UnityEditor.Search.SearchSettingsStorage:Load () (at /Users/bokken/build/output/unity/unity/Modules/QuickSearch/Editor/SearchSettings.cs:225)
UnityEditor.Search.SearchSettings:Load () (at /Users/bokken/build/output/unity/unity/Modules/QuickSearch/Editor/SearchSettings.cs:734)
UnityEditor.Search.SearchSettings:.cctor () (at /Users/bokken/build/output/unity/unity/Modules/QuickSearch/Editor/SearchSettings.cs:725)
UnityEditor.Search.CustomIndexers:RefreshCustomIndexers () (at /Users/bokken/build/output/unity/unity/Modules/QuickSearch/Editor/Indexing/CustomIndexers.cs:142)
UnityEditor.Search.CustomIndexers:LoadCustomObjectIndexers () (at /Users/bokken/build/output/unity/unity/Modules/QuickSearch/Editor/Indexing/CustomIndexers.cs:181)
UnityEditor.Search.CustomIndexers:.cctor () (at /Users/bokken/build/output/unity/unity/Modules/QuickSearch/Editor/Indexing/CustomIndexers.cs:106)
System.Runtime.CompilerServices.RuntimeHelpers:RunClassConstructor (System.RuntimeTypeHandle)
UnityEditor.EditorAssemblies:ProcessInitializeOnLoadAttributes (System.Type[]) (at /Users/bokken/build/output/unity/unity/Editor/Mono/EditorAssemblies.cs:119)

(Filename: /Users/bokken/build/output/unity/unity/Modules/QuickSearch/Editor/SearchSettings.cs Line: 225)

Mono: successfully reloaded assembly
- Finished resetting the current domain, in  0.291 seconds
Domain Reload Profiling: 772ms
	BeginReloadAssembly (174ms)
		ExecutionOrderSort (0ms)
		DisableScriptedObjects (0ms)
		BackupInstance (0ms)
		ReleaseScriptingObjects (0ms)
		CreateAndSetChildDomain (1ms)
	RebuildCommonClasses (82ms)
	RebuildNativeTypeToScriptingClass (16ms)
	initialDomainReloadingComplete (60ms)
	LoadAllAssembliesAndSetupDomain (149ms)
		LoadAssemblies (178ms)
		RebuildTransferFunctionScriptingTraits (0ms)
		AnalyzeDomain (143ms)
			TypeCache.Refresh (142ms)
				TypeCache.ScanAssembly (121ms)
			ScanForSourceGeneratedMonoScriptInfo (0ms)
			ResolveRequiredComponents (0ms)
	FinalizeReload (291ms)
		ReleaseScriptCaches (0ms)
		RebuildScriptCaches (0ms)
		SetupLoadedEditorAssemblies (224ms)
			LogAssemblyErrors (0ms)
			InitializePlatformSupportModulesInManaged (9ms)
			SetLoadedEditorAssemblies (4ms)
			RefreshPlugins (0ms)
			BeforeProcessingInitializeOnLoad (3ms)
			ProcessInitializeOnLoadAttributes (163ms)
			ProcessInitializeOnLoadMethodAttributes (44ms)
			AfterProcessingInitializeOnLoad (0ms)
			EditorAssembliesLoaded (0ms)
		ExecutionOrderSort2 (0ms)
		AwakeInstancesAfterBackupRestoration (0ms)
========================================================================
Worker process is ready to serve import requests
Begin MonoManager ReloadAssembly
- Loaded All Assemblies, in  0.848 seconds
Refreshing native plugins compatible for Editor in 0.76 ms, found 2 plugins.
Native extension for OSXStandalone target not found
Native extension for WebGL target not found
We weren't able to parse search user settings at /Users/jlam/Documents/GitHub/Lumina-Glen-UPDATE/UserSettings/Search.settings. We will fallback to default settings.
UnityEngine.UnityException: SJSON Parse Error (/Users/jlam/Documents/GitHub/Lumina-Glen-UPDATE/UserSettings/Search.settings) at line 0: Error consuming: =

{}

  at UnityEditor.SJSON.Load (System.String path) [0x00029] in /Users/bokken/build/output/unity/unity/Editor/Mono/SJSON.bindings.cs:35 
  at UnityEditor.Search.SearchSettingsStorage.Load () [0x00004] in /Users/bokken/build/output/unity/unity/Modules/QuickSearch/Editor/SearchSettings.cs:221 
UnityEngine.StackTraceUtility:ExtractStackTrace () (at /Users/bokken/build/output/unity/unity/Runtime/Export/Scripting/StackTrace.cs:37)
UnityEngine.DebugLogHandler:LogFormat (UnityEngine.LogType,UnityEngine.Object,string,object[])
UnityEngine.Logger:Log (UnityEngine.LogType,object)
UnityEngine.Debug:LogError (object)
UnityEditor.Search.SearchSettingsStorage:Load () (at /Users/bokken/build/output/unity/unity/Modules/QuickSearch/Editor/SearchSettings.cs:225)
UnityEditor.Search.SearchSettings:Load () (at /Users/bokken/build/output/unity/unity/Modules/QuickSearch/Editor/SearchSettings.cs:734)
UnityEditor.Search.SearchSettings:.cctor () (at /Users/bokken/build/output/unity/unity/Modules/QuickSearch/Editor/SearchSettings.cs:725)
UnityEditor.Search.CustomIndexers:RefreshCustomIndexers () (at /Users/bokken/build/output/unity/unity/Modules/QuickSearch/Editor/Indexing/CustomIndexers.cs:142)
UnityEditor.Search.CustomIndexers:LoadCustomObjectIndexers () (at /Users/bokken/build/output/unity/unity/Modules/QuickSearch/Editor/Indexing/CustomIndexers.cs:181)
UnityEditor.Search.CustomIndexers:.cctor () (at /Users/bokken/build/output/unity/unity/Modules/QuickSearch/Editor/Indexing/CustomIndexers.cs:106)
System.Runtime.CompilerServices.RuntimeHelpers:RunClassConstructor (System.RuntimeTypeHandle)
UnityEditor.EditorAssemblies:ProcessInitializeOnLoadAttributes (System.Type[]) (at /Users/bokken/build/output/unity/unity/Editor/Mono/EditorAssemblies.cs:119)

(Filename: /Users/bokken/build/output/unity/unity/Modules/QuickSearch/Editor/SearchSettings.cs Line: 225)

Package Manager log level set to [2]
[Package Manager] Server::EnsureServerProcessIsRunning -- launch failed, reason: Unity was launched with the -noUpm command-line argument
[Package Manager] UpmClient::Send -- Unable to send message (not connected to UPM process).
[Package Manager] Cannot connect to Unity Package Manager local server
Mono: successfully reloaded assembly
- Finished resetting the current domain, in  0.555 seconds
Domain Reload Profiling: 1404ms
	BeginReloadAssembly (153ms)
		ExecutionOrderSort (0ms)
		DisableScriptedObjects (6ms)
		BackupInstance (0ms)
		ReleaseScriptingObjects (0ms)
		CreateAndSetChildDomain (48ms)
	RebuildCommonClasses (32ms)
	RebuildNativeTypeToScriptingClass (10ms)
	initialDomainReloadingComplete (35ms)
	LoadAllAssembliesAndSetupDomain (617ms)
		LoadAssemblies (493ms)
		RebuildTransferFunctionScriptingTraits (0ms)
		AnalyzeDomain (197ms)
			TypeCache.Refresh (178ms)
				TypeCache.ScanAssembly (137ms)
			ScanForSourceGeneratedMonoScriptInfo (13ms)
			ResolveRequiredComponents (6ms)
	FinalizeReload (555ms)
		ReleaseScriptCaches (0ms)
		RebuildScriptCaches (0ms)
		SetupLoadedEditorAssemblies (435ms)
			LogAssemblyErrors (0ms)
			InitializePlatformSupportModulesInManaged (3ms)
			SetLoadedEditorAssemblies (2ms)
			RefreshPlugins (0ms)
			BeforeProcessingInitializeOnLoad (45ms)
			ProcessInitializeOnLoadAttributes (371ms)
			ProcessInitializeOnLoadMethodAttributes (13ms)
			AfterProcessingInitializeOnLoad (1ms)
			EditorAssembliesLoaded (0ms)
		ExecutionOrderSort2 (0ms)
		AwakeInstancesAfterBackupRestoration (7ms)
Launching external process: /Applications/Unity/Hub/Editor/2022.3.17f1/Unity.app/Contents/Tools/UnityShaderCompiler
Launched and connected shader compiler UnityShaderCompiler after 0.44 seconds
Refreshing native plugins compatible for Editor in 0.81 ms, found 2 plugins.
Preloading 0 native plugins for Editor in 0.00 ms.
Unloading 3265 Unused Serialized files (Serialized files now loaded: 0)
Unloading 45 unused Assets / (1.2 MB). Loaded Objects now: 3726.
Memory consumption went from 146.7 MB to 145.5 MB.
Total: 11.283583 ms (FindLiveObjects: 0.234000 ms CreateObjectMapping: 0.042917 ms MarkObjects: 10.214708 ms  DeleteObjects: 0.790792 ms)

AssetImportParameters requested are different than current active one (requested -> active):
  custom:container-demuxer-ogg: 62fdf1f143b41e24485cea50d1cbac27 -> 
  custom:scripting/monoscript/fileName/SpellShooter.cs: 27dd070ecc1642ba1b7f86e2528be3c2 -> 1bac460121cc9d594e5c17e5764b42ba
  custom:video-decoder-ogg-theora: a1e56fd34408186e4bbccfd4996cb3dc -> 
  custom:CustomObjectIndexerAttribute: 6d391050e5a25f67b0a2c618074f2cd9 -> 
  custom:container-demuxer-webm: 4f35f7cbe854078d1ac9338744f61a02 -> 
  custom:container-muxer-webm: aa71ff27fc2769a1b78a27578f13a17b -> 
  custom:video-decoder-webm-vp8: 9c59270c3fd7afecdb556c50c9e8de78 -> 
  custom:SearchIndexIgnoredProperties: e643bd26f0fe6173181afceb89e7c659 -> 
  custom:AudioImporter_EditorPlatform: 3918e3fc78b5a79bad01e8451be0beb8 -> 
  custom:framework-osx-AVFoundation: e770b220cccbd017edd2c1fefb359320 -> 
  custom:video-encoder-webm-vp8: eb34c28f22e8b96e1ab97ce403110664 -> 
  custom:audio-decoder-ogg-vorbis: bf7c407c2cedff20999df2af8eb42d56 -> 
  custom:audio-encoder-webm-vorbis: bf7c407c2cedff20999df2af8eb42d56 -> 
========================================================================
Received Import Request.
  Time since last request: 4644675.172290 seconds.
  path: Assets/GabrielAguiarProductions/Unique_Projectiles_Volume_1/Textures/Projectile_PoisonBall_4x4.png
  artifactKey: Guid(76d380d561bf5c14fb20ef64c5aac6b4) Importer(815301076,1909f56bfc062723c751e8b465ee728b)
Start importing Assets/GabrielAguiarProductions/Unique_Projectiles_Volume_1/Textures/Projectile_PoisonBall_4x4.png using Guid(76d380d561bf5c14fb20ef64c5aac6b4) Importer(815301076,1909f56bfc062723c751e8b465ee728b)  -> (artifact id: 'cdce9418d085478452e0558da147d499') in 0.151443 seconds
Number of updated asset objects reloaded before import = 0
Number of asset objects unloaded after import = 2
========================================================================
Received Import Request.
  Time since last request: 0.019377 seconds.
  path: Assets/GabrielAguiarProductions/Unique_Projectiles_Volume_1/Materials/Projectile_Purple_AddScroll.mat
  artifactKey: Guid(7e1046e4b9153f249aec8c10e9d7862b) Importer(815301076,1909f56bfc062723c751e8b465ee728b)
Start importing Assets/GabrielAguiarProductions/Unique_Projectiles_Volume_1/Materials/Projectile_Purple_AddScroll.mat using Guid(7e1046e4b9153f249aec8c10e9d7862b) Importer(815301076,1909f56bfc062723c751e8b465ee728b)  -> (artifact id: '0ea67683e5bab64a03af6e2a90dbcfe1') in 0.107914 seconds
Number of updated asset objects reloaded before import = 0
Number of asset objects unloaded after import = 5
========================================================================
Received Import Request.
  Time since last request: 3.524110 seconds.
  path: Assets/GabrielAguiarProductions/Unique_Projectiles_Volume_1/Materials/UniqueProjectiles_AB_GAP_8x8.mat
  artifactKey: Guid(0cb3812534f133141a68bfcbe23acb07) Importer(815301076,1909f56bfc062723c751e8b465ee728b)
Start importing Assets/GabrielAguiarProductions/Unique_Projectiles_Volume_1/Materials/UniqueProjectiles_AB_GAP_8x8.mat using Guid(0cb3812534f133141a68bfcbe23acb07) Importer(815301076,1909f56bfc062723c751e8b465ee728b)  -> (artifact id: '1621aa0c84613b59a9b6f9b8bca85856') in 0.217453 seconds
Number of updated asset objects reloaded before import = 0
Number of asset objects unloaded after import = 6
========================================================================
Received Import Request.
  Time since last request: 2.901573 seconds.
  path: Assets/GabrielAguiarProductions/Unique_Projectiles_Volume_1/Materials/Mobile/UniqueProjectiles_MobAB_8x8.mat
  artifactKey: Guid(b10862899552f594b808a4416fbb7cce) Importer(815301076,1909f56bfc062723c751e8b465ee728b)
Start importing Assets/GabrielAguiarProductions/Unique_Projectiles_Volume_1/Materials/Mobile/UniqueProjectiles_MobAB_8x8.mat using Guid(b10862899552f594b808a4416fbb7cce) Importer(815301076,1909f56bfc062723c751e8b465ee728b)  -> (artifact id: '84b0d52b3d0aa41b5b8aa2c0b64f4bba') in 0.024924 seconds
Number of updated asset objects reloaded before import = 0
Number of asset objects unloaded after import = 6
========================================================================
Received Import Request.
  Time since last request: 0.645658 seconds.
  path: Assets/GabrielAguiarProductions/Unique_Projectiles_Volume_2/Materials/UniqueProjectilesVol2_AB_10x10_8K.mat
  artifactKey: Guid(f1f9767b6e5cac94786537415c301234) Importer(815301076,1909f56bfc062723c751e8b465ee728b)
Start importing Assets/GabrielAguiarProductions/Unique_Projectiles_Volume_2/Materials/UniqueProjectilesVol2_AB_10x10_8K.mat using Guid(f1f9767b6e5cac94786537415c301234) Importer(815301076,1909f56bfc062723c751e8b465ee728b)  -> (artifact id: 'e7a2e6001aab31e767c0f3355db5e9e9') in 0.155275 seconds
Number of updated asset objects reloaded before import = 0
Number of asset objects unloaded after import = 6
Editor requested this worker to shutdown with reason: Scaling down because of idle timeout
TcpMessagingSession - receive error: operation aborted. errorcode: 89, details: Operation aborted.
AssetImportWorker is now disconnected from the server
Process exiting
