Using pre-set license
Built from '2022.3/staging' branch; Version is '2022.3.17f1 (4fc78088f837) revision 5228416'; Using compiler version '192829333'; Build Type 'Release'
OS: 'Windows 11  (10.0.22621) 64bit Core' Language: 'en' Physical Memory: 32544 MB
BatchMode: 1, IsHumanControllingUs: 0, StartBugReporterOnCrash: 0, Is64bit: 1, IsPro: 1

COMMAND LINE ARGUMENTS:
C:\Program Files\Unity\Hub\Editor\2022.3.17f1\Editor\Unity.exe
-adb2
-batchMode
-noUpm
-name
AssetImportWorker10
-projectPath
C:/Users/matth/Lumina-Glen
-logFile
Logs/AssetImportWorker10.log
-srvPort
51024
Successfully changed project path to: C:/Users/matth/Lumina-Glen
C:/Users/matth/Lumina-Glen
[UnityMemory] Configuration Parameters - Can be set up in boot.config
    "memorysetup-bucket-allocator-granularity=16"
    "memorysetup-bucket-allocator-bucket-count=8"
    "memorysetup-bucket-allocator-block-size=33554432"
    "memorysetup-bucket-allocator-block-count=8"
    "memorysetup-main-allocator-block-size=16777216"
    "memorysetup-thread-allocator-block-size=16777216"
    "memorysetup-gfx-main-allocator-block-size=16777216"
    "memorysetup-gfx-thread-allocator-block-size=16777216"
    "memorysetup-cache-allocator-block-size=4194304"
    "memorysetup-typetree-allocator-block-size=2097152"
    "memorysetup-profiler-bucket-allocator-granularity=16"
    "memorysetup-profiler-bucket-allocator-bucket-count=8"
    "memorysetup-profiler-bucket-allocator-block-size=33554432"
    "memorysetup-profiler-bucket-allocator-block-count=8"
    "memorysetup-profiler-allocator-block-size=16777216"
    "memorysetup-profiler-editor-allocator-block-size=1048576"
    "memorysetup-temp-allocator-size-main=16777216"
    "memorysetup-job-temp-allocator-block-size=2097152"
    "memorysetup-job-temp-allocator-block-size-background=1048576"
    "memorysetup-job-temp-allocator-reduction-small-platforms=262144"
    "memorysetup-allocator-temp-initial-block-size-main=262144"
    "memorysetup-allocator-temp-initial-block-size-worker=262144"
    "memorysetup-temp-allocator-size-background-worker=32768"
    "memorysetup-temp-allocator-size-job-worker=262144"
    "memorysetup-temp-allocator-size-preload-manager=33554432"
    "memorysetup-temp-allocator-size-nav-mesh-worker=65536"
    "memorysetup-temp-allocator-size-audio-worker=65536"
    "memorysetup-temp-allocator-size-cloud-worker=32768"
    "memorysetup-temp-allocator-size-gi-baking-worker=262144"
    "memorysetup-temp-allocator-size-gfx=262144"
Player connection [11028] Host "[IP] 192.168.56.1 [Port] 0 [Flags] 2 [Guid] 157814420 [EditorId] 157814420 [Version] 1048832 [Id] WindowsEditor(7,Pa-Trick) [Debug] 1 [PackageName] WindowsEditor [ProjectName] Editor" joined multi-casting on [225.0.0.222:54997]...

Player connection [11028] Host "[IP] 192.168.56.1 [Port] 0 [Flags] 2 [Guid] 157814420 [EditorId] 157814420 [Version] 1048832 [Id] WindowsEditor(7,Pa-Trick) [Debug] 1 [PackageName] WindowsEditor [ProjectName] Editor" joined alternative multi-casting on [225.0.0.222:34997]...

[Physics::Module] Initialized MultithreadedJobDispatcher with 23 workers.
Refreshing native plugins compatible for Editor in 4.82 ms, found 3 plugins.
Preloading 0 native plugins for Editor in 0.00 ms.
Initialize engine version: 2022.3.17f1 (4fc78088f837)
[Subsystems] Discovering subsystems at path C:/Program Files/Unity/Hub/Editor/2022.3.17f1/Editor/Data/Resources/UnitySubsystems
[Subsystems] Discovering subsystems at path C:/Users/matth/Lumina-Glen/Assets
GfxDevice: creating device client; threaded=0; jobified=0
Direct3D:
    Version:  Direct3D 11.0 [level 11.1]
    Renderer: NVIDIA GeForce RTX 3060 (ID=0x2504)
    Vendor:   NVIDIA
    VRAM:     12129 MB
    Driver:   31.0.15.4633
Initialize mono
Mono path[0] = 'C:/Program Files/Unity/Hub/Editor/2022.3.17f1/Editor/Data/Managed'
Mono path[1] = 'C:/Program Files/Unity/Hub/Editor/2022.3.17f1/Editor/Data/MonoBleedingEdge/lib/mono/unityjit-win32'
Mono config path = 'C:/Program Files/Unity/Hub/Editor/2022.3.17f1/Editor/Data/MonoBleedingEdge/etc'
Using monoOptions --debugger-agent=transport=dt_socket,embedding=1,server=y,suspend=n,address=127.0.0.1:56376
Begin MonoManager ReloadAssembly
Registering precompiled unity dll's ...
Register platform support module: C:/Program Files/Unity/Hub/Editor/2022.3.17f1/Editor/Data/PlaybackEngines/WebGLSupport/UnityEditor.WebGL.Extensions.dll
Register platform support module: C:/Program Files/Unity/Hub/Editor/2022.3.17f1/Editor/Data/PlaybackEngines/WindowsStandaloneSupport/UnityEditor.WindowsStandalone.Extensions.dll
Registered in 0.004866 seconds.
- Loaded All Assemblies, in  0.226 seconds
Native extension for WindowsStandalone target not found
Native extension for WebGL target not found
Mono: successfully reloaded assembly
- Finished resetting the current domain, in  0.163 seconds
Domain Reload Profiling: 387ms
	BeginReloadAssembly (68ms)
		ExecutionOrderSort (0ms)
		DisableScriptedObjects (0ms)
		BackupInstance (0ms)
		ReleaseScriptingObjects (0ms)
		CreateAndSetChildDomain (1ms)
	RebuildCommonClasses (20ms)
	RebuildNativeTypeToScriptingClass (6ms)
	initialDomainReloadingComplete (36ms)
	LoadAllAssembliesAndSetupDomain (94ms)
		LoadAssemblies (67ms)
		RebuildTransferFunctionScriptingTraits (0ms)
		AnalyzeDomain (92ms)
			TypeCache.Refresh (91ms)
				TypeCache.ScanAssembly (81ms)
			ScanForSourceGeneratedMonoScriptInfo (0ms)
			ResolveRequiredComponents (0ms)
	FinalizeReload (163ms)
		ReleaseScriptCaches (0ms)
		RebuildScriptCaches (0ms)
		SetupLoadedEditorAssemblies (127ms)
			LogAssemblyErrors (0ms)
			InitializePlatformSupportModulesInManaged (8ms)
			SetLoadedEditorAssemblies (4ms)
			RefreshPlugins (0ms)
			BeforeProcessingInitializeOnLoad (1ms)
			ProcessInitializeOnLoadAttributes (83ms)
			ProcessInitializeOnLoadMethodAttributes (30ms)
			AfterProcessingInitializeOnLoad (0ms)
			EditorAssembliesLoaded (0ms)
		ExecutionOrderSort2 (0ms)
		AwakeInstancesAfterBackupRestoration (0ms)
========================================================================
Worker process is ready to serve import requests
Begin MonoManager ReloadAssembly
- Loaded All Assemblies, in  0.367 seconds
Refreshing native plugins compatible for Editor in 1.63 ms, found 3 plugins.
Native extension for WindowsStandalone target not found
Native extension for WebGL target not found
Package Manager log level set to [2]
[Package Manager] Server::EnsureServerProcessIsRunning -- launch failed, reason: Unity was launched with the -noUpm command-line argument
[Package Manager] UpmClient::Send -- Unable to send message (not connected to UPM process).
[Package Manager] Cannot connect to Unity Package Manager local server
Mono: successfully reloaded assembly
- Finished resetting the current domain, in  0.318 seconds
Domain Reload Profiling: 683ms
	BeginReloadAssembly (85ms)
		ExecutionOrderSort (0ms)
		DisableScriptedObjects (3ms)
		BackupInstance (0ms)
		ReleaseScriptingObjects (0ms)
		CreateAndSetChildDomain (13ms)
	RebuildCommonClasses (18ms)
	RebuildNativeTypeToScriptingClass (6ms)
	initialDomainReloadingComplete (25ms)
	LoadAllAssembliesAndSetupDomain (231ms)
		LoadAssemblies (177ms)
		RebuildTransferFunctionScriptingTraits (0ms)
		AnalyzeDomain (104ms)
			TypeCache.Refresh (93ms)
				TypeCache.ScanAssembly (83ms)
			ScanForSourceGeneratedMonoScriptInfo (8ms)
			ResolveRequiredComponents (2ms)
	FinalizeReload (318ms)
		ReleaseScriptCaches (0ms)
		RebuildScriptCaches (0ms)
		SetupLoadedEditorAssemblies (233ms)
			LogAssemblyErrors (0ms)
			InitializePlatformSupportModulesInManaged (4ms)
			SetLoadedEditorAssemblies (3ms)
			RefreshPlugins (0ms)
			BeforeProcessingInitializeOnLoad (35ms)
			ProcessInitializeOnLoadAttributes (177ms)
			ProcessInitializeOnLoadMethodAttributes (11ms)
			AfterProcessingInitializeOnLoad (4ms)
			EditorAssembliesLoaded (0ms)
		ExecutionOrderSort2 (0ms)
		AwakeInstancesAfterBackupRestoration (4ms)
Launched and connected shader compiler UnityShaderCompiler.exe after 0.03 seconds
Refreshing native plugins compatible for Editor in 1.75 ms, found 3 plugins.
Preloading 0 native plugins for Editor in 0.00 ms.
Unloading 3086 Unused Serialized files (Serialized files now loaded: 0)
Unloading 32 unused Assets / (56.9 KB). Loaded Objects now: 3548.
Memory consumption went from 125.9 MB to 125.9 MB.
Total: 1.953400 ms (FindLiveObjects: 0.159200 ms CreateObjectMapping: 0.041800 ms MarkObjects: 1.648700 ms  DeleteObjects: 0.102800 ms)

AssetImportParameters requested are different than current active one (requested -> active):
  custom:container-demuxer-ogg: 62fdf1f143b41e24485cea50d1cbac27 -> 
  custom:video-codec-MediaFoundation-h265: 746d11721c4dcdbdad8f713fa42b33f4 -> 
  custom:video-decoder-ogg-theora: a1e56fd34408186e4bbccfd4996cb3dc -> 
  custom:framework-win-MediaFoundation: 216162199b28c13a410421893ffa2e32 -> 
  custom:CustomObjectIndexerAttribute: 6d391050e5a25f67b0a2c618074f2cd9 -> 
  custom:container-demuxer-webm: 4f35f7cbe854078d1ac9338744f61a02 -> 
  custom:container-muxer-webm: aa71ff27fc2769a1b78a27578f13a17b -> 
  custom:video-decoder-webm-vp8: 9c59270c3fd7afecdb556c50c9e8de78 -> 
  custom:SearchIndexIgnoredProperties: e643bd26f0fe6173181afceb89e7c659 -> 
  custom:AudioImporter_EditorPlatform: d09bf68614088b80899f8185d706f6e7 -> 
  custom:video-encoder-webm-vp8: eb34c28f22e8b96e1ab97ce403110664 -> 
  custom:audio-decoder-ogg-vorbis: bf7c407c2cedff20999df2af8eb42d56 -> 
  custom:audio-encoder-webm-vorbis: bf7c407c2cedff20999df2af8eb42d56 -> 
========================================================================
Received Import Request.
  Time since last request: 729849.623573 seconds.
  path: Assets/Witches and Wizards Asset Pack/Models/Bottle1.fbx
  artifactKey: Guid(9f7588a70a70b124cbb9d1fdfd73abd8) Importer(815301076,1909f56bfc062723c751e8b465ee728b)
Start importing Assets/Witches and Wizards Asset Pack/Models/Bottle1.fbx using Guid(9f7588a70a70b124cbb9d1fdfd73abd8) Importer(815301076,1909f56bfc062723c751e8b465ee728b)  -> (artifact id: '08c5ca58705ccffc37ee98ea78e34557') in 0.121942 seconds
Number of updated asset objects reloaded before import = 0
Number of asset objects unloaded after import = 33
========================================================================
Received Import Request.
  Time since last request: 0.000018 seconds.
  path: Assets/Witches and Wizards Asset Pack/Models/Wand4.fbx
  artifactKey: Guid(22814f723ced5c24cb3e1d2842cda028) Importer(815301076,1909f56bfc062723c751e8b465ee728b)
Start importing Assets/Witches and Wizards Asset Pack/Models/Wand4.fbx using Guid(22814f723ced5c24cb3e1d2842cda028) Importer(815301076,1909f56bfc062723c751e8b465ee728b)  -> (artifact id: 'fbc6d33026da0e4d6ddf593983f0c553') in 0.038280 seconds
Number of updated asset objects reloaded before import = 0
Number of asset objects unloaded after import = 31
========================================================================
Received Import Request.
  Time since last request: 0.000025 seconds.
  path: Assets/Witches and Wizards Asset Pack/Models/Cauldron1.fbx
  artifactKey: Guid(125d7496f5311f244a1d565c7c41c3b3) Importer(815301076,1909f56bfc062723c751e8b465ee728b)
Start importing Assets/Witches and Wizards Asset Pack/Models/Cauldron1.fbx using Guid(125d7496f5311f244a1d565c7c41c3b3) Importer(815301076,1909f56bfc062723c751e8b465ee728b)  -> (artifact id: '7dd37807bad0e7303471d1c7fe6e2bd6') in 0.037975 seconds
Number of updated asset objects reloaded before import = 0
Number of asset objects unloaded after import = 31
========================================================================
Received Import Request.
  Time since last request: 0.000012 seconds.
  path: Assets/Witches and Wizards Asset Pack/Models/VialRack.fbx
  artifactKey: Guid(f955cad60fb99fd4eb5261d8b4ae4ad8) Importer(815301076,1909f56bfc062723c751e8b465ee728b)
Start importing Assets/Witches and Wizards Asset Pack/Models/VialRack.fbx using Guid(f955cad60fb99fd4eb5261d8b4ae4ad8) Importer(815301076,1909f56bfc062723c751e8b465ee728b)  -> (artifact id: 'b696224c309244616766b228b1c0c45a') in 0.038024 seconds
Number of updated asset objects reloaded before import = 0
Number of asset objects unloaded after import = 31
========================================================================
Received Import Request.
  Time since last request: 0.000013 seconds.
  path: Assets/Witches and Wizards Asset Pack/Models/Wand1.fbx
  artifactKey: Guid(c3238a5982970d24ea4e8ee54939c578) Importer(815301076,1909f56bfc062723c751e8b465ee728b)
Start importing Assets/Witches and Wizards Asset Pack/Models/Wand1.fbx using Guid(c3238a5982970d24ea4e8ee54939c578) Importer(815301076,1909f56bfc062723c751e8b465ee728b)  -> (artifact id: 'cd632a33526224f83068bd8a0a782103') in 0.024113 seconds
Number of updated asset objects reloaded before import = 0
Number of asset objects unloaded after import = 22
========================================================================
Received Import Request.
  Time since last request: 1.403087 seconds.
  path: Assets/Witches and Wizards Asset Pack/Materials/Book2.mat
  artifactKey: Guid(6d96eeaccd1b9e5478f922e006463c9a) Importer(815301076,1909f56bfc062723c751e8b465ee728b)
Start importing Assets/Witches and Wizards Asset Pack/Materials/Book2.mat using Guid(6d96eeaccd1b9e5478f922e006463c9a) Importer(815301076,1909f56bfc062723c751e8b465ee728b)  -> (artifact id: '0d0ee69e5a55f51c486085b18904cf7c') in 0.031020 seconds
Number of updated asset objects reloaded before import = 0
Number of asset objects unloaded after import = 3
========================================================================
Received Import Request.
  Time since last request: 0.000012 seconds.
  path: Assets/Witches and Wizards Asset Pack/Materials/Cauldron2.mat
  artifactKey: Guid(56157d107a50a1841bb1b249c544ca13) Importer(815301076,1909f56bfc062723c751e8b465ee728b)
Start importing Assets/Witches and Wizards Asset Pack/Materials/Cauldron2.mat using Guid(56157d107a50a1841bb1b249c544ca13) Importer(815301076,1909f56bfc062723c751e8b465ee728b)  -> (artifact id: '8085bc504792a8d182a773a0d5dfb766') in 0.010715 seconds
Number of updated asset objects reloaded before import = 0
Number of asset objects unloaded after import = 2
========================================================================
Received Import Request.
  Time since last request: 0.000015 seconds.
  path: Assets/Witches and Wizards Asset Pack/Materials/OwlCage2.mat
  artifactKey: Guid(c462e6e2405ab1144a42c5e5ca6321bf) Importer(815301076,1909f56bfc062723c751e8b465ee728b)
Start importing Assets/Witches and Wizards Asset Pack/Materials/OwlCage2.mat using Guid(c462e6e2405ab1144a42c5e5ca6321bf) Importer(815301076,1909f56bfc062723c751e8b465ee728b)  -> (artifact id: '434b57064acd2ef0b8c09e347550452a') in 0.010268 seconds
Number of updated asset objects reloaded before import = 0
Number of asset objects unloaded after import = 3
========================================================================
Received Import Request.
  Time since last request: 0.000013 seconds.
  path: Assets/Witches and Wizards Asset Pack/Materials/Wand11.mat
  artifactKey: Guid(32752e4655074bd4dbe6ccd87e0172fd) Importer(815301076,1909f56bfc062723c751e8b465ee728b)
Start importing Assets/Witches and Wizards Asset Pack/Materials/Wand11.mat using Guid(32752e4655074bd4dbe6ccd87e0172fd) Importer(815301076,1909f56bfc062723c751e8b465ee728b)  -> (artifact id: 'afe7e426b25ed5cbdc103f8b904d6339') in 0.010752 seconds
Number of updated asset objects reloaded before import = 0
Number of asset objects unloaded after import = 2
========================================================================
Received Import Request.
  Time since last request: 0.000016 seconds.
  path: Assets/Witches and Wizards Asset Pack/Materials/Chrome.mat
  artifactKey: Guid(88709855484eb64468d9d53fbacec23b) Importer(815301076,1909f56bfc062723c751e8b465ee728b)
Start importing Assets/Witches and Wizards Asset Pack/Materials/Chrome.mat using Guid(88709855484eb64468d9d53fbacec23b) Importer(815301076,1909f56bfc062723c751e8b465ee728b)  -> (artifact id: '3ff9fa5939854517fc09b7f4db62182f') in 0.011627 seconds
Number of updated asset objects reloaded before import = 0
Number of asset objects unloaded after import = 3
========================================================================
Received Import Request.
  Time since last request: 0.000013 seconds.
  path: Assets/Witches and Wizards Asset Pack/Materials/Chrome Dirty.mat
  artifactKey: Guid(da33fedc515564b41a3262a2eff88f0b) Importer(815301076,1909f56bfc062723c751e8b465ee728b)
Start importing Assets/Witches and Wizards Asset Pack/Materials/Chrome Dirty.mat using Guid(da33fedc515564b41a3262a2eff88f0b) Importer(815301076,1909f56bfc062723c751e8b465ee728b)  -> (artifact id: '7e088d6299a31ae81fa8c58557b8d5c9') in 0.011991 seconds
Number of updated asset objects reloaded before import = 0
Number of asset objects unloaded after import = 3
========================================================================
Received Import Request.
  Time since last request: 0.000013 seconds.
  path: Assets/Witches and Wizards Asset Pack/Materials/Quill3.mat
  artifactKey: Guid(a13cdc5d44f3c4d4a8e66ad62dd7fa67) Importer(815301076,1909f56bfc062723c751e8b465ee728b)
Start importing Assets/Witches and Wizards Asset Pack/Materials/Quill3.mat using Guid(a13cdc5d44f3c4d4a8e66ad62dd7fa67) Importer(815301076,1909f56bfc062723c751e8b465ee728b)  -> (artifact id: 'c33b1c6a31464662905797019b3fbc65') in 0.054204 seconds
Number of updated asset objects reloaded before import = 0
Number of asset objects unloaded after import = 2
========================================================================
Received Prepare
Begin MonoManager ReloadAssembly
- Loaded All Assemblies, in  0.294 seconds
Refreshing native plugins compatible for Editor in 1.64 ms, found 3 plugins.
Native extension for WindowsStandalone target not found
Native extension for WebGL target not found
[Package Manager] Server::EnsureServerProcessIsRunning -- launch failed, reason: Unity was launched with the -noUpm command-line argument
[Package Manager] UpmClient::Send -- Unable to send message (not connected to UPM process).
[Package Manager] Cannot connect to Unity Package Manager local server
Mono: successfully reloaded assembly
- Finished resetting the current domain, in  0.577 seconds
Domain Reload Profiling: 869ms
	BeginReloadAssembly (103ms)
		ExecutionOrderSort (0ms)
		DisableScriptedObjects (2ms)
		BackupInstance (0ms)
		ReleaseScriptingObjects (0ms)
		CreateAndSetChildDomain (23ms)
	RebuildCommonClasses (20ms)
	RebuildNativeTypeToScriptingClass (8ms)
	initialDomainReloadingComplete (22ms)
	LoadAllAssembliesAndSetupDomain (139ms)
		LoadAssemblies (178ms)
		RebuildTransferFunctionScriptingTraits (0ms)
		AnalyzeDomain (15ms)
			TypeCache.Refresh (7ms)
				TypeCache.ScanAssembly (0ms)
			ScanForSourceGeneratedMonoScriptInfo (4ms)
			ResolveRequiredComponents (2ms)
	FinalizeReload (578ms)
		ReleaseScriptCaches (0ms)
		RebuildScriptCaches (0ms)
		SetupLoadedEditorAssemblies (267ms)
			LogAssemblyErrors (0ms)
			InitializePlatformSupportModulesInManaged (4ms)
			SetLoadedEditorAssemblies (2ms)
			RefreshPlugins (0ms)
			BeforeProcessingInitializeOnLoad (33ms)
			ProcessInitializeOnLoadAttributes (205ms)
			ProcessInitializeOnLoadMethodAttributes (15ms)
			AfterProcessingInitializeOnLoad (7ms)
			EditorAssembliesLoaded (0ms)
		ExecutionOrderSort2 (0ms)
		AwakeInstancesAfterBackupRestoration (7ms)
Refreshing native plugins compatible for Editor in 2.67 ms, found 3 plugins.
Preloading 0 native plugins for Editor in 0.00 ms.
Unloading 3093 Unused Serialized files (Serialized files now loaded: 0)
Unloading 31 unused Assets / (0.5 MB). Loaded Objects now: 3605.
Memory consumption went from 133.6 MB to 133.1 MB.
Total: 1.935700 ms (FindLiveObjects: 0.155200 ms CreateObjectMapping: 0.043600 ms MarkObjects: 1.521000 ms  DeleteObjects: 0.214700 ms)

Prepare: number of updated asset objects reloaded= 0
AssetImportParameters requested are different than current active one (requested -> active):
  custom:container-demuxer-ogg: 62fdf1f143b41e24485cea50d1cbac27 -> 
  custom:video-codec-MediaFoundation-h265: 746d11721c4dcdbdad8f713fa42b33f4 -> 
  custom:video-decoder-ogg-theora: a1e56fd34408186e4bbccfd4996cb3dc -> 
  custom:framework-win-MediaFoundation: 216162199b28c13a410421893ffa2e32 -> 
  custom:CustomObjectIndexerAttribute: 6d391050e5a25f67b0a2c618074f2cd9 -> 
  custom:container-demuxer-webm: 4f35f7cbe854078d1ac9338744f61a02 -> 
  custom:container-muxer-webm: aa71ff27fc2769a1b78a27578f13a17b -> 
  custom:video-decoder-webm-vp8: 9c59270c3fd7afecdb556c50c9e8de78 -> 
  custom:SearchIndexIgnoredProperties: e643bd26f0fe6173181afceb89e7c659 -> 
  custom:AudioImporter_EditorPlatform: d09bf68614088b80899f8185d706f6e7 -> 
  custom:video-encoder-webm-vp8: eb34c28f22e8b96e1ab97ce403110664 -> 
  custom:audio-decoder-ogg-vorbis: bf7c407c2cedff20999df2af8eb42d56 -> 
  custom:audio-encoder-webm-vorbis: bf7c407c2cedff20999df2af8eb42d56 -> 
Editor requested this worker to shutdown with reason: Scaling down because of idle timeout
TcpMessagingSession - receive error: operation aborted. errorcode: 995, details: The I/O operation has been aborted because of either a thread exit or an application request.
AssetImportWorker is now disconnected from the server
Process exiting
Exiting without the bug reporter. Application will terminate with return code 0